
*** Running vivado
    with args -log Display_Gen_Digilent.vds -m64 -product Vivado -mode batch -messageDb vivado.pb -notrace -source Display_Gen_Digilent.tcl



****** Vivado v2021.2 (64-bit)
  **** SW Build 3367213 on Tue Oct 19 02:48:09 MDT 2021
  **** IP Build 3369179 on Thu Oct 21 08:25:16 MDT 2021
    ** Copyright 1986-2021 Xilinx, Inc. All Rights Reserved.

source Display_Gen_Digilent.tcl -notrace
INFO: [IP_Flow 19-234] Refreshing IP repositories
INFO: [IP_Flow 19-1700] Loaded user IP repository 'h:/Senior-Project-2023/vivado-library'.
INFO: [IP_Flow 19-2313] Loaded Vivado IP repository 'C:/Xilinx/Vivado/2021.2/data/ip'.
update_ip_catalog: Time (s): cpu = 00:00:00 ; elapsed = 00:00:07 . Memory (MB): peak = 1246.895 ; gain = 0.000
WARNING: [IP_Flow 19-4995] The host OS only allows 260 characters in a normal path. The IP cache path is more than 80 characters. If you experience issues with IP caching, please consider changing the IP cache to a location with a shorter path. Alternately consider using the OS subst command to map part of the path to a drive letter. 
Current IP cache path is h:/Senior-Project-2023/SENIOR_PROJECT/Display_generator/Display_generator.cache/ip 
Command: read_checkpoint -auto_incremental -incremental H:/Senior-Project-2023/SENIOR_PROJECT/Display_generator/Display_generator.srcs/utils_1/imports/synth_1/Display_Gen_Digilent.dcp
INFO: [Vivado 12-5825] Read reference checkpoint from H:/Senior-Project-2023/SENIOR_PROJECT/Display_generator/Display_generator.srcs/utils_1/imports/synth_1/Display_Gen_Digilent.dcp for incremental synthesis
INFO: [Vivado 12-7989] Please ensure there are no constraint changes
Command: synth_design -top Display_Gen_Digilent -part xc7a200tsbg484-1
Starting synth_design
Attempting to get a license for feature 'Synthesis' and/or device 'xc7a200t'
INFO: [Common 17-349] Got license for feature 'Synthesis' and/or device 'xc7a200t'
INFO: [Device 21-403] Loading part xc7a200tsbg484-1
WARNING: [Designutils 20-4072] Reference run did not run incremental synthesis because the design is too small; reverting to default synthesis
INFO: [Designutils 20-4379] Flow is switching to default flow due to incremental criteria not met. If you would like to alter this behaviour and have the flow terminate instead, please set the following parameter config_implementation {autoIncr.Synth.RejectBehavior Terminate}
INFO: [Synth 8-7079] Multithreading enabled for synth_design using a maximum of 2 processes.
INFO: [Synth 8-7078] Launching helper process for spawning children vivado processes
INFO: [Synth 8-7075] Helper process launched with PID 17232
---------------------------------------------------------------------------------
Starting RTL Elaboration : Time (s): cpu = 00:00:02 ; elapsed = 00:00:03 . Memory (MB): peak = 1246.895 ; gain = 0.000
---------------------------------------------------------------------------------
INFO: [Synth 8-6157] synthesizing module 'Display_Gen_Digilent' [H:/Senior-Project-2023/SENIOR_PROJECT/Display_generator/Display_generator.srcs/sources_1/new/Display_Generator.sv:3]
INFO: [Synth 8-6157] synthesizing module 'clk_wiz_0' [H:/Senior-Project-2023/SENIOR_PROJECT/Display_generator/Display_generator.runs/synth_1/.Xil/Vivado-20064-ARM144-10/realtime/clk_wiz_0_stub.v:5]
INFO: [Synth 8-6155] done synthesizing module 'clk_wiz_0' (1#1) [H:/Senior-Project-2023/SENIOR_PROJECT/Display_generator/Display_generator.runs/synth_1/.Xil/Vivado-20064-ARM144-10/realtime/clk_wiz_0_stub.v:5]
WARNING: [Synth 8-7071] port 'locked' of module 'clk_wiz_0' is unconnected for instance 'clk_wiz' [H:/Senior-Project-2023/SENIOR_PROJECT/Display_generator/Display_generator.srcs/sources_1/new/Display_Generator.sv:95]
WARNING: [Synth 8-7023] instance 'clk_wiz' of module 'clk_wiz_0' has 4 connections declared, but only 3 given [H:/Senior-Project-2023/SENIOR_PROJECT/Display_generator/Display_generator.srcs/sources_1/new/Display_Generator.sv:95]
INFO: [Synth 8-6157] synthesizing module 'rgb2dvi_0' [H:/Senior-Project-2023/SENIOR_PROJECT/Display_generator/Display_generator.runs/synth_1/.Xil/Vivado-20064-ARM144-10/realtime/rgb2dvi_0_stub.v:6]
INFO: [Synth 8-6155] done synthesizing module 'rgb2dvi_0' (2#1) [H:/Senior-Project-2023/SENIOR_PROJECT/Display_generator/Display_generator.runs/synth_1/.Xil/Vivado-20064-ARM144-10/realtime/rgb2dvi_0_stub.v:6]
INFO: [Synth 8-6157] synthesizing module 'v_tc_0' [H:/Senior-Project-2023/SENIOR_PROJECT/Display_generator/Display_generator.runs/synth_1/.Xil/Vivado-20064-ARM144-10/realtime/v_tc_0_stub.v:6]
INFO: [Synth 8-6155] done synthesizing module 'v_tc_0' (3#1) [H:/Senior-Project-2023/SENIOR_PROJECT/Display_generator/Display_generator.runs/synth_1/.Xil/Vivado-20064-ARM144-10/realtime/v_tc_0_stub.v:6]
WARNING: [Synth 8-7071] port 'fsync_out' of module 'v_tc_0' is unconnected for instance 'vtc' [H:/Senior-Project-2023/SENIOR_PROJECT/Display_generator/Display_generator.srcs/sources_1/new/Display_Generator.sv:137]
WARNING: [Synth 8-7023] instance 'vtc' of module 'v_tc_0' has 11 connections declared, but only 10 given [H:/Senior-Project-2023/SENIOR_PROJECT/Display_generator/Display_generator.srcs/sources_1/new/Display_Generator.sv:137]
WARNING: [Synth 8-567] referenced signal 'black' should be on the sensitivity list [H:/Senior-Project-2023/SENIOR_PROJECT/Display_generator/Display_generator.srcs/sources_1/new/Display_Generator.sv:188]
WARNING: [Synth 8-567] referenced signal 'blue' should be on the sensitivity list [H:/Senior-Project-2023/SENIOR_PROJECT/Display_generator/Display_generator.srcs/sources_1/new/Display_Generator.sv:188]
WARNING: [Synth 8-567] referenced signal 'orange' should be on the sensitivity list [H:/Senior-Project-2023/SENIOR_PROJECT/Display_generator/Display_generator.srcs/sources_1/new/Display_Generator.sv:188]
WARNING: [Synth 8-567] referenced signal 'green' should be on the sensitivity list [H:/Senior-Project-2023/SENIOR_PROJECT/Display_generator/Display_generator.srcs/sources_1/new/Display_Generator.sv:188]
WARNING: [Synth 8-567] referenced signal 'yellow' should be on the sensitivity list [H:/Senior-Project-2023/SENIOR_PROJECT/Display_generator/Display_generator.srcs/sources_1/new/Display_Generator.sv:188]
WARNING: [Synth 8-567] referenced signal 'cyan' should be on the sensitivity list [H:/Senior-Project-2023/SENIOR_PROJECT/Display_generator/Display_generator.srcs/sources_1/new/Display_Generator.sv:188]
WARNING: [Synth 8-567] referenced signal 'red' should be on the sensitivity list [H:/Senior-Project-2023/SENIOR_PROJECT/Display_generator/Display_generator.srcs/sources_1/new/Display_Generator.sv:188]
WARNING: [Synth 8-567] referenced signal 'silver' should be on the sensitivity list [H:/Senior-Project-2023/SENIOR_PROJECT/Display_generator/Display_generator.srcs/sources_1/new/Display_Generator.sv:188]
WARNING: [Synth 8-567] referenced signal 'purple' should be on the sensitivity list [H:/Senior-Project-2023/SENIOR_PROJECT/Display_generator/Display_generator.srcs/sources_1/new/Display_Generator.sv:188]
WARNING: [Synth 8-567] referenced signal 'magenta' should be on the sensitivity list [H:/Senior-Project-2023/SENIOR_PROJECT/Display_generator/Display_generator.srcs/sources_1/new/Display_Generator.sv:188]
WARNING: [Synth 8-567] referenced signal 'peach' should be on the sensitivity list [H:/Senior-Project-2023/SENIOR_PROJECT/Display_generator/Display_generator.srcs/sources_1/new/Display_Generator.sv:188]
WARNING: [Synth 8-567] referenced signal 'olive' should be on the sensitivity list [H:/Senior-Project-2023/SENIOR_PROJECT/Display_generator/Display_generator.srcs/sources_1/new/Display_Generator.sv:188]
WARNING: [Synth 8-567] referenced signal 'white' should be on the sensitivity list [H:/Senior-Project-2023/SENIOR_PROJECT/Display_generator/Display_generator.srcs/sources_1/new/Display_Generator.sv:188]
WARNING: [Synth 8-567] referenced signal 'navy_blue' should be on the sensitivity list [H:/Senior-Project-2023/SENIOR_PROJECT/Display_generator/Display_generator.srcs/sources_1/new/Display_Generator.sv:188]
WARNING: [Synth 8-567] referenced signal 'brown' should be on the sensitivity list [H:/Senior-Project-2023/SENIOR_PROJECT/Display_generator/Display_generator.srcs/sources_1/new/Display_Generator.sv:188]
WARNING: [Synth 8-6014] Unused sequential element disp_y_reg was removed.  [H:/Senior-Project-2023/SENIOR_PROJECT/Display_generator/Display_generator.srcs/sources_1/new/Display_Generator.sv:176]
WARNING: [Synth 8-3848] Net sof_state in module/entity Display_Gen_Digilent does not have driver. [H:/Senior-Project-2023/SENIOR_PROJECT/Display_generator/Display_generator.srcs/sources_1/new/Display_Generator.sv:20]
INFO: [Synth 8-6155] done synthesizing module 'Display_Gen_Digilent' (4#1) [H:/Senior-Project-2023/SENIOR_PROJECT/Display_generator/Display_generator.srcs/sources_1/new/Display_Generator.sv:3]
---------------------------------------------------------------------------------
Finished RTL Elaboration : Time (s): cpu = 00:00:03 ; elapsed = 00:00:04 . Memory (MB): peak = 1246.895 ; gain = 0.000
---------------------------------------------------------------------------------
---------------------------------------------------------------------------------
Start Handling Custom Attributes
---------------------------------------------------------------------------------
---------------------------------------------------------------------------------
Finished Handling Custom Attributes : Time (s): cpu = 00:00:04 ; elapsed = 00:00:05 . Memory (MB): peak = 1246.895 ; gain = 0.000
---------------------------------------------------------------------------------
---------------------------------------------------------------------------------
Finished RTL Optimization Phase 1 : Time (s): cpu = 00:00:04 ; elapsed = 00:00:05 . Memory (MB): peak = 1246.895 ; gain = 0.000
---------------------------------------------------------------------------------
Netlist sorting complete. Time (s): cpu = 00:00:00 ; elapsed = 00:00:00.001 . Memory (MB): peak = 1246.895 ; gain = 0.000
INFO: [Project 1-570] Preparing netlist for logic optimization

Processing XDC Constraints
Initializing timing engine
Parsing XDC File [h:/Senior-Project-2023/SENIOR_PROJECT/Display_generator/Display_generator.gen/sources_1/ip/v_tc_0/v_tc_0/v_tc_0_in_context.xdc] for cell 'vtc'
Finished Parsing XDC File [h:/Senior-Project-2023/SENIOR_PROJECT/Display_generator/Display_generator.gen/sources_1/ip/v_tc_0/v_tc_0/v_tc_0_in_context.xdc] for cell 'vtc'
Parsing XDC File [h:/Senior-Project-2023/SENIOR_PROJECT/Display_generator/Display_generator.gen/sources_1/ip/clk_wiz_0_1/clk_wiz_0/clk_wiz_0_in_context.xdc] for cell 'clk_wiz'
Finished Parsing XDC File [h:/Senior-Project-2023/SENIOR_PROJECT/Display_generator/Display_generator.gen/sources_1/ip/clk_wiz_0_1/clk_wiz_0/clk_wiz_0_in_context.xdc] for cell 'clk_wiz'
Parsing XDC File [h:/Senior-Project-2023/SENIOR_PROJECT/Display_generator/Display_generator.gen/sources_1/ip/rgb2dvi_0/rgb2dvi_0/rgb2dvi_0_in_context.xdc] for cell 'rgb2dvi'
Finished Parsing XDC File [h:/Senior-Project-2023/SENIOR_PROJECT/Display_generator/Display_generator.gen/sources_1/ip/rgb2dvi_0/rgb2dvi_0/rgb2dvi_0_in_context.xdc] for cell 'rgb2dvi'
Parsing XDC File [H:/Nexys-Video-Master.xdc]
WARNING: [Vivado 12-584] No ports matched 'hdmi_tx_cec'. [H:/Nexys-Video-Master.xdc:78]
WARNING: [Vivado 12-584] No ports matched 'hdmi_tx_hpd'. [H:/Nexys-Video-Master.xdc:81]
WARNING: [Vivado 12-584] No ports matched 'hdmi_tx_rscl'. [H:/Nexys-Video-Master.xdc:82]
WARNING: [Vivado 12-584] No ports matched 'hdmi_tx_rsda'. [H:/Nexys-Video-Master.xdc:83]
Finished Parsing XDC File [H:/Nexys-Video-Master.xdc]
WARNING: [Project 1-498] One or more constraints failed evaluation while reading constraint file [H:/Nexys-Video-Master.xdc] and the design contains unresolved black boxes. These constraints will be read post-synthesis (as long as their source constraint file is marked as used_in_implementation) and should be applied correctly then. You should review the constraints listed in the file [.Xil/Display_Gen_Digilent_propImpl.xdc] and check the run log file to verify that these constraints were correctly applied.
INFO: [Project 1-236] Implementation specific constraints were found while reading constraint file [H:/Nexys-Video-Master.xdc]. These constraints will be ignored for synthesis but will be used in implementation. Impacted constraints are listed in the file [.Xil/Display_Gen_Digilent_propImpl.xdc].
Resolution: To avoid this warning, move constraints listed in [.Xil/Display_Gen_Digilent_propImpl.xdc] to another XDC file and exclude this new file from synthesis with the used_in_synthesis property (File Properties dialog in GUI) and re-run elaboration/synthesis.
Completed Processing XDC Constraints

Netlist sorting complete. Time (s): cpu = 00:00:00 ; elapsed = 00:00:00 . Memory (MB): peak = 1289.305 ; gain = 0.000
INFO: [Project 1-111] Unisim Transformation Summary:
No Unisim elements were transformed.

Constraint Validation Runtime : Time (s): cpu = 00:00:00 ; elapsed = 00:00:00.014 . Memory (MB): peak = 1289.305 ; gain = 0.000
WARNING: [Designutils 20-4072] Reference run did not run incremental synthesis because the design is too small; reverting to default synthesis
INFO: [Designutils 20-4379] Flow is switching to default flow due to incremental criteria not met. If you would like to alter this behaviour and have the flow terminate instead, please set the following parameter config_implementation {autoIncr.Synth.RejectBehavior Terminate}
---------------------------------------------------------------------------------
Finished Constraint Validation : Time (s): cpu = 00:00:07 ; elapsed = 00:00:09 . Memory (MB): peak = 1289.305 ; gain = 42.410
---------------------------------------------------------------------------------
---------------------------------------------------------------------------------
Start Loading Part and Timing Information
---------------------------------------------------------------------------------
Loading part: xc7a200tsbg484-1
---------------------------------------------------------------------------------
Finished Loading Part and Timing Information : Time (s): cpu = 00:00:07 ; elapsed = 00:00:09 . Memory (MB): peak = 1289.305 ; gain = 42.410
---------------------------------------------------------------------------------
---------------------------------------------------------------------------------
Start Applying 'set_property' XDC Constraints
---------------------------------------------------------------------------------
Applied set_property IO_BUFFER_TYPE = NONE for clk. (constraint file  h:/Senior-Project-2023/SENIOR_PROJECT/Display_generator/Display_generator.gen/sources_1/ip/clk_wiz_0_1/clk_wiz_0/clk_wiz_0_in_context.xdc, line 3).
Applied set_property CLOCK_BUFFER_TYPE = NONE for clk. (constraint file  h:/Senior-Project-2023/SENIOR_PROJECT/Display_generator/Display_generator.gen/sources_1/ip/clk_wiz_0_1/clk_wiz_0/clk_wiz_0_in_context.xdc, line 4).
Applied set_property IO_BUFFER_TYPE = NONE for hdmi_tx_clk_n. (constraint file  h:/Senior-Project-2023/SENIOR_PROJECT/Display_generator/Display_generator.gen/sources_1/ip/rgb2dvi_0/rgb2dvi_0/rgb2dvi_0_in_context.xdc, line 1).
Applied set_property CLOCK_BUFFER_TYPE = NONE for hdmi_tx_clk_n. (constraint file  h:/Senior-Project-2023/SENIOR_PROJECT/Display_generator/Display_generator.gen/sources_1/ip/rgb2dvi_0/rgb2dvi_0/rgb2dvi_0_in_context.xdc, line 2).
Applied set_property IO_BUFFER_TYPE = NONE for hdmi_tx_clk_p. (constraint file  h:/Senior-Project-2023/SENIOR_PROJECT/Display_generator/Display_generator.gen/sources_1/ip/rgb2dvi_0/rgb2dvi_0/rgb2dvi_0_in_context.xdc, line 3).
Applied set_property CLOCK_BUFFER_TYPE = NONE for hdmi_tx_clk_p. (constraint file  h:/Senior-Project-2023/SENIOR_PROJECT/Display_generator/Display_generator.gen/sources_1/ip/rgb2dvi_0/rgb2dvi_0/rgb2dvi_0_in_context.xdc, line 4).
Applied set_property IO_BUFFER_TYPE = NONE for hdmi_tx_n[0]. (constraint file  h:/Senior-Project-2023/SENIOR_PROJECT/Display_generator/Display_generator.gen/sources_1/ip/rgb2dvi_0/rgb2dvi_0/rgb2dvi_0_in_context.xdc, line 5).
Applied set_property CLOCK_BUFFER_TYPE = NONE for hdmi_tx_n[0]. (constraint file  h:/Senior-Project-2023/SENIOR_PROJECT/Display_generator/Display_generator.gen/sources_1/ip/rgb2dvi_0/rgb2dvi_0/rgb2dvi_0_in_context.xdc, line 6).
Applied set_property IO_BUFFER_TYPE = NONE for hdmi_tx_n[1]. (constraint file  h:/Senior-Project-2023/SENIOR_PROJECT/Display_generator/Display_generator.gen/sources_1/ip/rgb2dvi_0/rgb2dvi_0/rgb2dvi_0_in_context.xdc, line 7).
Applied set_property CLOCK_BUFFER_TYPE = NONE for hdmi_tx_n[1]. (constraint file  h:/Senior-Project-2023/SENIOR_PROJECT/Display_generator/Display_generator.gen/sources_1/ip/rgb2dvi_0/rgb2dvi_0/rgb2dvi_0_in_context.xdc, line 8).
Applied set_property IO_BUFFER_TYPE = NONE for hdmi_tx_n[2]. (constraint file  h:/Senior-Project-2023/SENIOR_PROJECT/Display_generator/Display_generator.gen/sources_1/ip/rgb2dvi_0/rgb2dvi_0/rgb2dvi_0_in_context.xdc, line 9).
Applied set_property CLOCK_BUFFER_TYPE = NONE for hdmi_tx_n[2]. (constraint file  h:/Senior-Project-2023/SENIOR_PROJECT/Display_generator/Display_generator.gen/sources_1/ip/rgb2dvi_0/rgb2dvi_0/rgb2dvi_0_in_context.xdc, line 10).
Applied set_property IO_BUFFER_TYPE = NONE for hdmi_tx_p[0]. (constraint file  h:/Senior-Project-2023/SENIOR_PROJECT/Display_generator/Display_generator.gen/sources_1/ip/rgb2dvi_0/rgb2dvi_0/rgb2dvi_0_in_context.xdc, line 11).
Applied set_property CLOCK_BUFFER_TYPE = NONE for hdmi_tx_p[0]. (constraint file  h:/Senior-Project-2023/SENIOR_PROJECT/Display_generator/Display_generator.gen/sources_1/ip/rgb2dvi_0/rgb2dvi_0/rgb2dvi_0_in_context.xdc, line 12).
Applied set_property IO_BUFFER_TYPE = NONE for hdmi_tx_p[1]. (constraint file  h:/Senior-Project-2023/SENIOR_PROJECT/Display_generator/Display_generator.gen/sources_1/ip/rgb2dvi_0/rgb2dvi_0/rgb2dvi_0_in_context.xdc, line 13).
Applied set_property CLOCK_BUFFER_TYPE = NONE for hdmi_tx_p[1]. (constraint file  h:/Senior-Project-2023/SENIOR_PROJECT/Display_generator/Display_generator.gen/sources_1/ip/rgb2dvi_0/rgb2dvi_0/rgb2dvi_0_in_context.xdc, line 14).
Applied set_property IO_BUFFER_TYPE = NONE for hdmi_tx_p[2]. (constraint file  h:/Senior-Project-2023/SENIOR_PROJECT/Display_generator/Display_generator.gen/sources_1/ip/rgb2dvi_0/rgb2dvi_0/rgb2dvi_0_in_context.xdc, line 15).
Applied set_property CLOCK_BUFFER_TYPE = NONE for hdmi_tx_p[2]. (constraint file  h:/Senior-Project-2023/SENIOR_PROJECT/Display_generator/Display_generator.gen/sources_1/ip/rgb2dvi_0/rgb2dvi_0/rgb2dvi_0_in_context.xdc, line 16).
Applied set_property KEEP_HIERARCHY = SOFT for vtc. (constraint file  auto generated constraint).
Applied set_property KEEP_HIERARCHY = SOFT for clk_wiz. (constraint file  auto generated constraint).
Applied set_property KEEP_HIERARCHY = SOFT for rgb2dvi. (constraint file  auto generated constraint).
---------------------------------------------------------------------------------
Finished applying 'set_property' XDC Constraints : Time (s): cpu = 00:00:07 ; elapsed = 00:00:09 . Memory (MB): peak = 1289.305 ; gain = 42.410
---------------------------------------------------------------------------------
---------------------------------------------------------------------------------
Finished RTL Optimization Phase 2 : Time (s): cpu = 00:00:08 ; elapsed = 00:00:10 . Memory (MB): peak = 1289.305 ; gain = 42.410
---------------------------------------------------------------------------------
---------------------------------------------------------------------------------
Start RTL Component Statistics 
---------------------------------------------------------------------------------
Detailed RTL Component Info : 
+---Adders : 
	   2 Input   11 Bit       Adders := 1     
+---Registers : 
	               11 Bit    Registers := 1     
	                1 Bit    Registers := 3     
+---Muxes : 
	   2 Input    1 Bit        Muxes := 1     
---------------------------------------------------------------------------------
Finished RTL Component Statistics 
---------------------------------------------------------------------------------
---------------------------------------------------------------------------------
Start Part Resource Summary
---------------------------------------------------------------------------------
Part Resources:
DSPs: 740 (col length:100)
BRAMs: 730 (col length: RAMB18 100 RAMB36 50)
---------------------------------------------------------------------------------
Finished Part Resource Summary
---------------------------------------------------------------------------------
---------------------------------------------------------------------------------
Start Cross Boundary and Area Optimization
---------------------------------------------------------------------------------
WARNING: [Synth 8-7080] Parallel synthesis criteria is not met
---------------------------------------------------------------------------------
Finished Cross Boundary and Area Optimization : Time (s): cpu = 00:00:09 ; elapsed = 00:00:11 . Memory (MB): peak = 1289.305 ; gain = 42.410
---------------------------------------------------------------------------------
---------------------------------------------------------------------------------
Start Applying XDC Timing Constraints
---------------------------------------------------------------------------------
---------------------------------------------------------------------------------
Finished Applying XDC Timing Constraints : Time (s): cpu = 00:00:12 ; elapsed = 00:00:15 . Memory (MB): peak = 1289.305 ; gain = 42.410
---------------------------------------------------------------------------------
---------------------------------------------------------------------------------
Start Timing Optimization
---------------------------------------------------------------------------------
---------------------------------------------------------------------------------
Finished Timing Optimization : Time (s): cpu = 00:00:12 ; elapsed = 00:00:15 . Memory (MB): peak = 1304.680 ; gain = 57.785
---------------------------------------------------------------------------------
---------------------------------------------------------------------------------
Start Technology Mapping
---------------------------------------------------------------------------------
---------------------------------------------------------------------------------
Finished Technology Mapping : Time (s): cpu = 00:00:12 ; elapsed = 00:00:15 . Memory (MB): peak = 1305.449 ; gain = 58.555
---------------------------------------------------------------------------------
---------------------------------------------------------------------------------
Start IO Insertion
---------------------------------------------------------------------------------
---------------------------------------------------------------------------------
Start Flattening Before IO Insertion
---------------------------------------------------------------------------------
---------------------------------------------------------------------------------
Finished Flattening Before IO Insertion
---------------------------------------------------------------------------------
---------------------------------------------------------------------------------
Start Final Netlist Cleanup
---------------------------------------------------------------------------------
---------------------------------------------------------------------------------
Finished Final Netlist Cleanup
---------------------------------------------------------------------------------
CRITICAL WARNING: [Synth 8-4442] BlackBox module vtc has unconnected pin sof_state
---------------------------------------------------------------------------------
Finished IO Insertion : Time (s): cpu = 00:00:15 ; elapsed = 00:00:17 . Memory (MB): peak = 1311.234 ; gain = 64.340
---------------------------------------------------------------------------------
---------------------------------------------------------------------------------
Start Renaming Generated Instances
---------------------------------------------------------------------------------
---------------------------------------------------------------------------------
Finished Renaming Generated Instances : Time (s): cpu = 00:00:15 ; elapsed = 00:00:17 . Memory (MB): peak = 1311.234 ; gain = 64.340
---------------------------------------------------------------------------------
---------------------------------------------------------------------------------
Start Rebuilding User Hierarchy
---------------------------------------------------------------------------------
---------------------------------------------------------------------------------
Finished Rebuilding User Hierarchy : Time (s): cpu = 00:00:15 ; elapsed = 00:00:17 . Memory (MB): peak = 1311.234 ; gain = 64.340
---------------------------------------------------------------------------------
---------------------------------------------------------------------------------
Start Renaming Generated Ports
---------------------------------------------------------------------------------
---------------------------------------------------------------------------------
Finished Renaming Generated Ports : Time (s): cpu = 00:00:15 ; elapsed = 00:00:17 . Memory (MB): peak = 1311.234 ; gain = 64.340
---------------------------------------------------------------------------------
---------------------------------------------------------------------------------
Start Handling Custom Attributes
---------------------------------------------------------------------------------
---------------------------------------------------------------------------------
Finished Handling Custom Attributes : Time (s): cpu = 00:00:15 ; elapsed = 00:00:17 . Memory (MB): peak = 1311.234 ; gain = 64.340
---------------------------------------------------------------------------------
---------------------------------------------------------------------------------
Start Renaming Generated Nets
---------------------------------------------------------------------------------
---------------------------------------------------------------------------------
Finished Renaming Generated Nets : Time (s): cpu = 00:00:15 ; elapsed = 00:00:17 . Memory (MB): peak = 1311.234 ; gain = 64.340
---------------------------------------------------------------------------------
---------------------------------------------------------------------------------
Start ROM, RAM, DSP, Shift Register and Retiming Reporting
---------------------------------------------------------------------------------

Static Shift Register Report:
+---------------------+-----------+--------+-------+--------------+--------------------+-------------------+--------+---------+
|Module Name          | RTL Name  | Length | Width | Reset Signal | Pull out first Reg | Pull out last Reg | SRL16E | SRLC32E | 
+---------------------+-----------+--------+-------+--------------+--------------------+-------------------+--------+---------+
|Display_Gen_Digilent | reset_reg | 3      | 1     | NO           | NO                 | YES               | 1      | 0       | 
+---------------------+-----------+--------+-------+--------------+--------------------+-------------------+--------+---------+

---------------------------------------------------------------------------------
Finished ROM, RAM, DSP, Shift Register and Retiming Reporting
---------------------------------------------------------------------------------
---------------------------------------------------------------------------------
Start Writing Synthesis Report
---------------------------------------------------------------------------------

Report BlackBoxes: 
+------+--------------+----------+
|      |BlackBox name |Instances |
+------+--------------+----------+
|1     |clk_wiz_0     |         1|
|2     |rgb2dvi_0     |         1|
|3     |v_tc_0        |         1|
+------+--------------+----------+

Report Cell Usage: 
+------+--------+------+
|      |Cell    |Count |
+------+--------+------+
|1     |clk_wiz |     1|
|2     |rgb2dvi |     1|
|3     |v_tc    |     1|
|4     |LUT1    |     4|
|5     |LUT2    |     2|
|6     |LUT3    |     2|
|7     |LUT4    |    17|
|8     |LUT5    |     3|
|9     |LUT6    |     4|
|10    |SRL16E  |     1|
|11    |FDRE    |    12|
|12    |IBUF    |     1|
+------+--------+------+
---------------------------------------------------------------------------------
Finished Writing Synthesis Report : Time (s): cpu = 00:00:15 ; elapsed = 00:00:17 . Memory (MB): peak = 1311.234 ; gain = 64.340
---------------------------------------------------------------------------------
Synthesis finished with 0 errors, 1 critical warnings and 1 warnings.
Synthesis Optimization Runtime : Time (s): cpu = 00:00:10 ; elapsed = 00:00:16 . Memory (MB): peak = 1311.234 ; gain = 21.930
Synthesis Optimization Complete : Time (s): cpu = 00:00:15 ; elapsed = 00:00:18 . Memory (MB): peak = 1311.234 ; gain = 64.340
INFO: [Project 1-571] Translating synthesized netlist
Netlist sorting complete. Time (s): cpu = 00:00:00 ; elapsed = 00:00:00.001 . Memory (MB): peak = 1323.293 ; gain = 0.000
INFO: [Project 1-570] Preparing netlist for logic optimization
INFO: [Opt 31-138] Pushed 0 inverter(s) to 0 load pin(s).
Netlist sorting complete. Time (s): cpu = 00:00:00 ; elapsed = 00:00:00 . Memory (MB): peak = 1333.531 ; gain = 0.000
INFO: [Project 1-111] Unisim Transformation Summary:
No Unisim elements were transformed.

Synth Design complete, checksum: df6974b3
INFO: [Common 17-83] Releasing license: Synthesis
28 Infos, 30 Warnings, 1 Critical Warnings and 0 Errors encountered.
synth_design completed successfully
synth_design: Time (s): cpu = 00:00:17 ; elapsed = 00:00:22 . Memory (MB): peak = 1333.531 ; gain = 86.637
INFO: [runtcl-6] Synthesis results are not added to the cache due to CRITICAL_WARNING
INFO: [Common 17-1381] The checkpoint 'H:/Senior-Project-2023/SENIOR_PROJECT/Display_generator/Display_generator.runs/synth_1/Display_Gen_Digilent.dcp' has been generated.
INFO: [runtcl-4] Executing : report_utilization -file Display_Gen_Digilent_utilization_synth.rpt -pb Display_Gen_Digilent_utilization_synth.pb
INFO: [Common 17-206] Exiting Vivado at Wed Nov  8 14:33:19 2023...
