Time resolution is 1 ps
Block Memory Generator module tb.t0.VRAM.blk_mem.inst.\native_mem_module.blk_mem_gen_v8_4_5_inst  is using a behavioral model for simulation which will not precisely model memory collision behavior.
Warning: NUMERIC_STD."=": metavalue detected, returning FALSE
Time: 20 ns  Iteration: 2  Process: /tb/t0/Display_Gen/rgb2dvi/U0/\DataEncoders(0)\/DataEncoder/line__154  File: H:/Senior-Project-2023/SENIOR_PROJECT/New_Vram/New_Vram.ip_user_files/ipstatic/src/TMDS_Encoder.vhd
Warning: NUMERIC_STD."=": metavalue detected, returning FALSE
Time: 20 ns  Iteration: 2  Process: /tb/t0/Display_Gen/rgb2dvi/U0/\DataEncoders(1)\/DataEncoder/line__154  File: H:/Senior-Project-2023/SENIOR_PROJECT/New_Vram/New_Vram.ip_user_files/ipstatic/src/TMDS_Encoder.vhd
Warning: NUMERIC_STD."=": metavalue detected, returning FALSE
Time: 20 ns  Iteration: 2  Process: /tb/t0/Display_Gen/rgb2dvi/U0/\DataEncoders(2)\/DataEncoder/line__154  File: H:/Senior-Project-2023/SENIOR_PROJECT/New_Vram/New_Vram.ip_user_files/ipstatic/src/TMDS_Encoder.vhd
Warning: NUMERIC_STD."=": metavalue detected, returning FALSE
Time: 4070 ns  Iteration: 3  Process: /tb/t0/Display_Gen/rgb2dvi/U0/\DataEncoders(0)\/DataEncoder/line__154  File: H:/Senior-Project-2023/SENIOR_PROJECT/New_Vram/New_Vram.ip_user_files/ipstatic/src/TMDS_Encoder.vhd
Warning: NUMERIC_STD."=": metavalue detected, returning FALSE
Time: 4070 ns  Iteration: 3  Process: /tb/t0/Display_Gen/rgb2dvi/U0/\DataEncoders(1)\/DataEncoder/line__154  File: H:/Senior-Project-2023/SENIOR_PROJECT/New_Vram/New_Vram.ip_user_files/ipstatic/src/TMDS_Encoder.vhd
Warning: NUMERIC_STD."=": metavalue detected, returning FALSE
Time: 4070 ns  Iteration: 3  Process: /tb/t0/Display_Gen/rgb2dvi/U0/\DataEncoders(2)\/DataEncoder/line__154  File: H:/Senior-Project-2023/SENIOR_PROJECT/New_Vram/New_Vram.ip_user_files/ipstatic/src/TMDS_Encoder.vhd
Warning: NUMERIC_STD."=": metavalue detected, returning FALSE
Time: 4083468 ps  Iteration: 2  Process: /tb/t0/Display_Gen/rgb2dvi/U0/\DataEncoders(0)\/DataEncoder/line__154  File: H:/Senior-Project-2023/SENIOR_PROJECT/New_Vram/New_Vram.ip_user_files/ipstatic/src/TMDS_Encoder.vhd
Warning: NUMERIC_STD."=": metavalue detected, returning FALSE
Time: 4083468 ps  Iteration: 2  Process: /tb/t0/Display_Gen/rgb2dvi/U0/\DataEncoders(1)\/DataEncoder/line__154  File: H:/Senior-Project-2023/SENIOR_PROJECT/New_Vram/New_Vram.ip_user_files/ipstatic/src/TMDS_Encoder.vhd
Warning: NUMERIC_STD."=": metavalue detected, returning FALSE
Time: 4083468 ps  Iteration: 2  Process: /tb/t0/Display_Gen/rgb2dvi/U0/\DataEncoders(2)\/DataEncoder/line__154  File: H:/Senior-Project-2023/SENIOR_PROJECT/New_Vram/New_Vram.ip_user_files/ipstatic/src/TMDS_Encoder.vhd
blk_mem_gen_v8_4_5 collision detected at time: 4177744, Instance: tb.t0.VRAM.blk_mem.inst.\native_mem_module.blk_mem_gen_v8_4_5_inst , A write address: 4, B  read address: 4
Warning: Warning : input CLKIN1 period and attribute CLKIN1_PERIOD are not same.
Time: 4918484 ps  Iteration: 4  Process: /tb/t0/Display_Gen/rgb2dvi/U0/clockgeninternal/ClockGenX/genpll/DVI_ClkGenerator/pchk_p  File: C:/Xilinx/Vivado/2021.2/data/vhdl/src/unisims/primitive/PLLE2_ADV.vhd
blk_mem_gen_v8_4_5 collision detected at time: 90305690, Instance: tb.t0.VRAM.blk_mem.inst.\native_mem_module.blk_mem_gen_v8_4_5_inst , A write address: 18ff, B  read address: 18ff
Block Memory Generator module tb.t0.VRAM.blk_mem.inst.\native_mem_module.blk_mem_gen_v8_4_5_inst  is using a behavioral model for simulation which will not precisely model memory collision behavior.
Warning: NUMERIC_STD."=": metavalue detected, returning FALSE
Time: 20 ns  Iteration: 2  Process: /tb/t0/Display_Gen/rgb2dvi/U0/\DataEncoders(0)\/DataEncoder/line__154  File: H:/Senior-Project-2023/SENIOR_PROJECT/New_Vram/New_Vram.ip_user_files/ipstatic/src/TMDS_Encoder.vhd
Warning: NUMERIC_STD."=": metavalue detected, returning FALSE
Time: 20 ns  Iteration: 2  Process: /tb/t0/Display_Gen/rgb2dvi/U0/\DataEncoders(1)\/DataEncoder/line__154  File: H:/Senior-Project-2023/SENIOR_PROJECT/New_Vram/New_Vram.ip_user_files/ipstatic/src/TMD