INFO: [VRFC 10-2263] Analyzing SystemVerilog file "H:/Senior-Project-2023/SENIOR_PROJECT/New_Vram/New_Vram.srcs/sources_1/new/Disp_Counter.sv" into library xil_defaultlib
INFO: [VRFC 10-311] analyzing module Disp_Counter
INFO: [VRFC 10-2263] Analyzing SystemVerilog file "H:/Senior-Project-2023/SENIOR_PROJECT/New_Vram/New_Vram.srcs/sources_1/new/VRAM.sv" into library xil_defaultlib
INFO: [VRFC 10-311] analyzing module VRAM
INFO: [VRFC 10-2263] Analyzing SystemVerilog file "H:/Senior-Project-2023/SENIOR_PROJECT/New_Vram/New_Vram.srcs/sources_1/new/top.sv" into library xil_defaultlib
INFO: [VRFC 10-311] analyzing module top
INFO: [VRFC 10-2458] undeclared symbol PixelClk, assumed default net type wire [H:/Senior-Project-2023/SENIOR_PROJECT/New_Vram/New_Vram.srcs/sources_1/new/top.sv:54]
INFO: [VRFC 10-2458] undeclared symbol pat_wr_en, assumed default net type wire [H:/Senior-Project-2023/SENIOR_PROJECT/New_Vram/New_Vram.srcs/sources_1/new/top.sv:58]
INFO: [VRFC 10-2458] undeclared symbol rect_wr_en, assumed default net type wire [H:/Senior-Project-2023/SENIOR_PROJECT/New_Vram/New_Vram.srcs/sources_1/new/top.sv:72]
WARNING: [VRFC 10-2938] 'PixelClk' is already implicitly declared on line 54 [H:/Senior-Project-2023/SENIOR_PROJECT/New_Vram/New_Vram.srcs/sources_1/new/top.sv:124]
INFO: [VRFC 10-2263] Analyzing SystemVerilog file "H:/Senior-Project-2023/SENIOR_PROJECT/New_Vram/New_Vram.srcs/sources_1/new/tb.sv" into library xil_defaultlib
INFO: [VRFC 10-311] analyzing module tb
INFO: [VRFC 10-2263] Analyzing SystemVerilog file "H:/Senior-Project-2023/SENIOR_PROJECT/New_Vram/New_Vram.srcs/sources_1/imports/new/Display_Generator.sv" into library xil_defaultlib
INFO: [VRFC 10-311] analyzing module Display_Gen_Digilent
INFO: [VRFC 10-2263] Analyzing SystemVerilog file "H:/Senior-Project-2023/SENIOR_PROJECT/New_Vram/New_Vram.srcs/sources_1/new/pattern_gen.sv" into library xil_defaultlib
INFO: [VRFC 10-311] analyzing module pattern_gen
WARNING: [VRFC 10-3676] redeclaration of ansi port 'waddr' is not allowed [H:/Senior-Project-2023/SENIOR_PROJECT/New_Vram/New_Vram.srcs/sources_1/new/pattern_gen.sv:13]
WARNING: [VRFC 10-3676] redeclaration of ansi port 'wr_vram' is not allowed [H:/Senior-Project-2023/SENIOR_PROJECT/New_Vram/New_Vram.srcs/sources_1/new/pattern_gen.sv:14]
WARNING: [VRFC 10-3380] identifier 'pat_state' is used before its declaration [H:/Senior-Project-2023/SENIOR_PROJECT/New_Vram/New_Vram.srcs/sources_1/new/pattern_gen.sv:24]
WARNING: [VRFC 10-3380] identifier 'pat_state' is used before its declaration [H:/Senior-Project-2023/SENIOR_PROJECT/New_Vram/New_Vram.srcs/sources_1/new/pattern_gen.sv:26]
WARNING: [VRFC 10-3380] identifier 'pat_state' is used before its declaration [H:/Senior-Project-2023/SENIOR_PROJECT/New_Vram/New_Vram.srcs/sources_1/new/pattern_gen.sv:29]
WARNING: [VRFC 10-3380] identifier 'pat_state' is used before its declaration [H:/Senior-Project-2023/SENIOR_PROJECT/New_Vram/New_Vram.srcs/sources_1/new/pattern_gen.sv:31]
WARNING: [VRFC 10-3380] identifier 'pat_state' is used before its declaration [H:/Senior-Project-2023/SENIOR_PROJECT/New_Vram/New_Vram.srcs/sources_1/new/pattern_gen.sv:36]
INFO: [VRFC 10-2263] Analyzing SystemVerilog file "H:/Senior-Project-2023/SENIOR_PROJECT/Rectangle_Fill_Engine/Rectangle_Fill_Engine.srcs/sources_1/new/RectFill.sv" into library xil_defaultlib
INFO: [VRFC 10-311] analyzing module RectFill
WARNING: [VRFC 10-3380] identifier 'rect_state' is used before its declaration [H:/Senior-Project-2023/SENIOR_PROJECT/Rectangle_Fill_Engine/Rectangle_Fill_Engine.srcs/sources_1/new/RectFill.sv:15]
