ARM GAS  C:\Users\dibiana1\AppData\Local\Temp\cc4qz6Xa.s 			page 1


   1              		.syntax unified
   2              		.cpu cortex-m3
   3              		.fpu softvfp
   4              		.eabi_attribute 20, 1
   5              		.eabi_attribute 21, 1
   6              		.eabi_attribute 23, 3
   7              		.eabi_attribute 24, 1
   8              		.eabi_attribute 25, 1
   9              		.eabi_attribute 26, 1
  10              		.eabi_attribute 30, 1
  11              		.eabi_attribute 34, 1
  12              		.eabi_attribute 18, 4
  13              		.thumb
  14              		.syntax unified
  15              		.file	"cymetadata.c"
  16              		.text
  17              	.Ltext0:
  18              		.cfi_sections	.debug_frame
  19              		.global	cy_metadata
  20              		.global	cy_meta_flashprotect
  21              		.global	cy_meta_wonvl
  22              		.global	cy_meta_custnvl
  23              		.global	cy_meta_configecc
  24              		.section	.cyconfigecc,"a",%progbits
  25              		.align	2
  26              		.type	cy_meta_configecc, %object
  27              		.size	cy_meta_configecc, 168
  28              	cy_meta_configecc:
  29 0000 02       		.byte	2
  30 0001 52       		.byte	82
  31 0002 00       		.byte	0
  32 0003 40       		.byte	64
  33 0004 02       		.byte	2
  34 0005 02       		.byte	2
  35 0006 01       		.byte	1
  36 0007 40       		.byte	64
  37 0008 09       		.byte	9
  38 0009 03       		.byte	3
  39 000a 01       		.byte	1
  40 000b 40       		.byte	64
  41 000c 04       		.byte	4
  42 000d 05       		.byte	5
  43 000e 01       		.byte	1
  44 000f 40       		.byte	64
  45 0010 11       		.byte	17
  46 0011 41       		.byte	65
  47 0012 01       		.byte	1
  48 0013 40       		.byte	64
  49 0014 05       		.byte	5
  50 0015 42       		.byte	66
  51 0016 01       		.byte	1
  52 0017 40       		.byte	64
  53 0018 00       		.byte	0
  54 0019 36       		.byte	54
  55 001a 01       		.byte	1
  56 001b AC       		.byte	-84
  57 001c 5B       		.byte	91
ARM GAS  C:\Users\dibiana1\AppData\Local\Temp\cc4qz6Xa.s 			page 2


  58 001d 04       		.byte	4
  59 001e 5F       		.byte	95
  60 001f 01       		.byte	1
  61 0020 6C       		.byte	108
  62 0021 02       		.byte	2
  63 0022 6F       		.byte	111
  64 0023 94       		.byte	-108
  65 0024 74       		.byte	116
  66 0025 08       		.byte	8
  67 0026 77       		.byte	119
  68 0027 49       		.byte	73
  69 0028 83       		.byte	-125
  70 0029 80       		.byte	-128
  71 002a 87       		.byte	-121
  72 002b 08       		.byte	8
  73 002c 8F       		.byte	-113
  74 002d 44       		.byte	68
  75 002e E2       		.byte	-30
  76 002f 10       		.byte	16
  77 0030 E6       		.byte	-26
  78 0031 10       		.byte	16
  79 0032 AB       		.byte	-85
  80 0033 10       		.byte	16
  81 0034 B3       		.byte	-77
  82 0035 01       		.byte	1
  83 0036 B4       		.byte	-76
  84 0037 0A       		.byte	10
  85 0038 EE       		.byte	-18
  86 0039 70       		.byte	112
  87 003a 52       		.byte	82
  88 003b 08       		.byte	8
  89 003c 53       		.byte	83
  90 003d 01       		.byte	1
  91 003e 54       		.byte	84
  92 003f 02       		.byte	2
  93 0040 56       		.byte	86
  94 0041 80       		.byte	-128
  95 0042 5B       		.byte	91
  96 0043 04       		.byte	4
  97 0044 63       		.byte	99
  98 0045 20       		.byte	32
  99 0046 64       		.byte	100
 100 0047 01       		.byte	1
 101 0048 67       		.byte	103
 102 0049 10       		.byte	16
 103 004a 83       		.byte	-125
 104 004b 01       		.byte	1
 105 004c 87       		.byte	-121
 106 004d 10       		.byte	16
 107 004e 8E       		.byte	-114
 108 004f 80       		.byte	-128
 109 0050 8F       		.byte	-113
 110 0051 10       		.byte	16
 111 0052 D4       		.byte	-44
 112 0053 E0       		.byte	-32
 113 0054 D6       		.byte	-42
 114 0055 E0       		.byte	-32
ARM GAS  C:\Users\dibiana1\AppData\Local\Temp\cc4qz6Xa.s 			page 3


 115 0056 D8       		.byte	-40
 116 0057 C0       		.byte	-64
 117 0058 E2       		.byte	-30
 118 0059 10       		.byte	16
 119 005a E6       		.byte	-26
 120 005b 20       		.byte	32
 121 005c A8       		.byte	-88
 122 005d 02       		.byte	2
 123 005e B0       		.byte	-80
 124 005f 01       		.byte	1
 125 0060 B6       		.byte	-74
 126 0061 08       		.byte	8
 127 0062 B7       		.byte	-73
 128 0063 04       		.byte	4
 129 0064 EA       		.byte	-22
 130 0065 20       		.byte	32
 131 0066 00       		.byte	0
 132 0067 00       		.byte	0
 133 0068 00       		.byte	0
 134 0069 FF       		.byte	-1
 135 006a FF       		.byte	-1
 136 006b 00       		.byte	0
 137 006c FF       		.byte	-1
 138 006d 00       		.byte	0
 139 006e 00       		.byte	0
 140 006f 00       		.byte	0
 141 0070 01       		.byte	1
 142 0071 01       		.byte	1
 143 0072 00       		.byte	0
 144 0073 00       		.byte	0
 145 0074 00       		.byte	0
 146 0075 00       		.byte	0
 147 0076 00       		.byte	0
 148 0077 00       		.byte	0
 149 0078 20       		.byte	32
 150 0079 00       		.byte	0
 151 007a 00       		.byte	0
 152 007b 20       		.byte	32
 153 007c 00       		.byte	0
 154 007d 00       		.byte	0
 155 007e 00       		.byte	0
 156 007f 00       		.byte	0
 157 0080 00       		.byte	0
 158 0081 00       		.byte	0
 159 0082 00       		.byte	0
 160 0083 00       		.byte	0
 161 0084 00       		.byte	0
 162 0085 0B       		.byte	11
 163 0086 0B       		.byte	11
 164 0087 00       		.byte	0
 165 0088 00       		.byte	0
 166 0089 00       		.byte	0
 167 008a 00       		.byte	0
 168 008b 00       		.byte	0
 169 008c 00       		.byte	0
 170 008d 7F       		.byte	127
 171 008e 7F       		.byte	127
ARM GAS  C:\Users\dibiana1\AppData\Local\Temp\cc4qz6Xa.s 			page 4


 172 008f 00       		.byte	0
 173 0090 00       		.byte	0
 174 0091 00       		.byte	0
 175 0092 00       		.byte	0
 176 0093 00       		.byte	0
 177 0094 00       		.byte	0
 178 0095 20       		.byte	32
 179 0096 20       		.byte	32
 180 0097 00       		.byte	0
 181 0098 00       		.byte	0
 182 0099 00       		.byte	0
 183 009a 00       		.byte	0
 184 009b 00       		.byte	0
 185 009c 02       		.byte	2
 186 009d 00       		.byte	0
 187 009e 00       		.byte	0
 188 009f 02       		.byte	2
 189 00a0 00       		.byte	0
 190 00a1 00       		.byte	0
 191 00a2 00       		.byte	0
 192 00a3 00       		.byte	0
 193 00a4 00       		.byte	0
 194 00a5 00       		.byte	0
 195 00a6 00       		.byte	0
 196 00a7 00       		.byte	0
 197              		.section	.cywolatch,"a",%progbits
 198              		.align	2
 199              		.type	cy_meta_wonvl, %object
 200              		.size	cy_meta_wonvl, 4
 201              	cy_meta_wonvl:
 202 0000 BC       		.byte	-68
 203 0001 90       		.byte	-112
 204 0002 AC       		.byte	-84
 205 0003 AF       		.byte	-81
 206              		.section	.cycustnvl,"a",%progbits
 207              		.align	2
 208              		.type	cy_meta_custnvl, %object
 209              		.size	cy_meta_custnvl, 4
 210              	cy_meta_custnvl:
 211 0000 00       		.byte	0
 212 0001 00       		.byte	0
 213 0002 40       		.byte	64
 214 0003 05       		.byte	5
 215              		.section	.cymeta,"a",%progbits
 216              		.align	2
 217              		.type	cy_metadata, %object
 218              		.size	cy_metadata, 12
 219              	cy_metadata:
 220 0000 00       		.byte	0
 221 0001 01       		.byte	1
 222 0002 2E       		.byte	46
 223 0003 12       		.byte	18
 224 0004 30       		.byte	48
 225 0005 69       		.byte	105
 226 0006 00       		.byte	0
 227 0007 01       		.byte	1
 228 0008 00       		.byte	0
ARM GAS  C:\Users\dibiana1\AppData\Local\Temp\cc4qz6Xa.s 			page 5


 229 0009 00       		.byte	0
 230 000a 00       		.byte	0
 231 000b 00       		.byte	0
 232              		.section	.cyflashprotect,"a",%progbits
 233              		.align	2
 234              		.type	cy_meta_flashprotect, %object
 235              		.size	cy_meta_flashprotect, 256
 236              	cy_meta_flashprotect:
 237 0000 00000000 		.space	256
 237      00000000 
 237      00000000 
 237      00000000 
 237      00000000 
 238              		.text
 239              	.Letext0:
 240              		.file 1 "c:\\program files (x86)\\cypress\\psoc creator\\4.4\\psoc creator\\import\\gnu\\arm\\5.4.
 241              		.file 2 "c:\\program files (x86)\\cypress\\psoc creator\\4.4\\psoc creator\\import\\gnu\\arm\\5.4.
 242              		.file 3 "Generated_Source\\PSoC5\\cymetadata.c"
 243              		.section	.debug_info,"",%progbits
 244              	.Ldebug_info0:
 245 0000 30010000 		.4byte	0x130
 246 0004 0400     		.2byte	0x4
 247 0006 00000000 		.4byte	.Ldebug_abbrev0
 248 000a 04       		.byte	0x4
 249 000b 01       		.uleb128 0x1
 250 000c 24000000 		.4byte	.LASF17
 251 0010 0C       		.byte	0xc
 252 0011 AB010000 		.4byte	.LASF18
 253 0015 D7000000 		.4byte	.LASF19
 254 0019 00000000 		.4byte	.Ldebug_line0
 255 001d 02       		.uleb128 0x2
 256 001e 01       		.byte	0x1
 257 001f 06       		.byte	0x6
 258 0020 9F010000 		.4byte	.LASF0
 259 0024 03       		.uleb128 0x3
 260 0025 00000000 		.4byte	.LASF9
 261 0029 01       		.byte	0x1
 262 002a 1D       		.byte	0x1d
 263 002b 2F000000 		.4byte	0x2f
 264 002f 02       		.uleb128 0x2
 265 0030 01       		.byte	0x1
 266 0031 08       		.byte	0x8
 267 0032 16000000 		.4byte	.LASF1
 268 0036 02       		.uleb128 0x2
 269 0037 02       		.byte	0x2
 270 0038 05       		.byte	0x5
 271 0039 8C010000 		.4byte	.LASF2
 272 003d 02       		.uleb128 0x2
 273 003e 02       		.byte	0x2
 274 003f 07       		.byte	0x7
 275 0040 C4000000 		.4byte	.LASF3
 276 0044 02       		.uleb128 0x2
 277 0045 04       		.byte	0x4
 278 0046 05       		.byte	0x5
 279 0047 96010000 		.4byte	.LASF4
 280 004b 02       		.uleb128 0x2
 281 004c 04       		.byte	0x4
ARM GAS  C:\Users\dibiana1\AppData\Local\Temp\cc4qz6Xa.s 			page 6


 282 004d 07       		.byte	0x7
 283 004e B2000000 		.4byte	.LASF5
 284 0052 02       		.uleb128 0x2
 285 0053 08       		.byte	0x8
 286 0054 05       		.byte	0x5
 287 0055 7E010000 		.4byte	.LASF6
 288 0059 02       		.uleb128 0x2
 289 005a 08       		.byte	0x8
 290 005b 07       		.byte	0x7
 291 005c 33010000 		.4byte	.LASF7
 292 0060 04       		.uleb128 0x4
 293 0061 04       		.byte	0x4
 294 0062 05       		.byte	0x5
 295 0063 696E7400 		.ascii	"int\000"
 296 0067 02       		.uleb128 0x2
 297 0068 04       		.byte	0x4
 298 0069 07       		.byte	0x7
 299 006a 26010000 		.4byte	.LASF8
 300 006e 03       		.uleb128 0x3
 301 006f 4A010000 		.4byte	.LASF10
 302 0073 02       		.byte	0x2
 303 0074 18       		.byte	0x18
 304 0075 24000000 		.4byte	0x24
 305 0079 05       		.uleb128 0x5
 306 007a 90000000 		.4byte	0x90
 307 007e 89000000 		.4byte	0x89
 308 0082 06       		.uleb128 0x6
 309 0083 89000000 		.4byte	0x89
 310 0087 A7       		.byte	0xa7
 311 0088 00       		.byte	0
 312 0089 02       		.uleb128 0x2
 313 008a 04       		.byte	0x4
 314 008b 07       		.byte	0x7
 315 008c 75010000 		.4byte	.LASF11
 316 0090 07       		.uleb128 0x7
 317 0091 6E000000 		.4byte	0x6e
 318 0095 08       		.uleb128 0x8
 319 0096 14010000 		.4byte	.LASF12
 320 009a 03       		.byte	0x3
 321 009b 1F       		.byte	0x1f
 322 009c A6000000 		.4byte	0xa6
 323 00a0 05       		.uleb128 0x5
 324 00a1 03       		.byte	0x3
 325 00a2 00000000 		.4byte	cy_meta_configecc
 326 00a6 07       		.uleb128 0x7
 327 00a7 79000000 		.4byte	0x79
 328 00ab 05       		.uleb128 0x5
 329 00ac 90000000 		.4byte	0x90
 330 00b0 BB000000 		.4byte	0xbb
 331 00b4 06       		.uleb128 0x6
 332 00b5 89000000 		.4byte	0x89
 333 00b9 03       		.byte	0x3
 334 00ba 00       		.byte	0
 335 00bb 08       		.uleb128 0x8
 336 00bc 04010000 		.4byte	.LASF13
 337 00c0 03       		.byte	0x3
 338 00c1 41       		.byte	0x41
ARM GAS  C:\Users\dibiana1\AppData\Local\Temp\cc4qz6Xa.s 			page 7


 339 00c2 CC000000 		.4byte	0xcc
 340 00c6 05       		.uleb128 0x5
 341 00c7 03       		.byte	0x3
 342 00c8 00000000 		.4byte	cy_meta_custnvl
 343 00cc 07       		.uleb128 0x7
 344 00cd AB000000 		.4byte	0xab
 345 00d1 08       		.uleb128 0x8
 346 00d2 67010000 		.4byte	.LASF14
 347 00d6 03       		.byte	0x3
 348 00d7 4F       		.byte	0x4f
 349 00d8 E2000000 		.4byte	0xe2
 350 00dc 05       		.uleb128 0x5
 351 00dd 03       		.byte	0x3
 352 00de 00000000 		.4byte	cy_meta_wonvl
 353 00e2 07       		.uleb128 0x7
 354 00e3 AB000000 		.4byte	0xab
 355 00e7 05       		.uleb128 0x5
 356 00e8 90000000 		.4byte	0x90
 357 00ec F7000000 		.4byte	0xf7
 358 00f0 06       		.uleb128 0x6
 359 00f1 89000000 		.4byte	0x89
 360 00f5 FF       		.byte	0xff
 361 00f6 00       		.byte	0
 362 00f7 08       		.uleb128 0x8
 363 00f8 52010000 		.4byte	.LASF15
 364 00fc 03       		.byte	0x3
 365 00fd 5D       		.byte	0x5d
 366 00fe 08010000 		.4byte	0x108
 367 0102 05       		.uleb128 0x5
 368 0103 03       		.byte	0x3
 369 0104 00000000 		.4byte	cy_meta_flashprotect
 370 0108 07       		.uleb128 0x7
 371 0109 E7000000 		.4byte	0xe7
 372 010d 05       		.uleb128 0x5
 373 010e 90000000 		.4byte	0x90
 374 0112 1D010000 		.4byte	0x11d
 375 0116 06       		.uleb128 0x6
 376 0117 89000000 		.4byte	0x89
 377 011b 0B       		.byte	0xb
 378 011c 00       		.byte	0
 379 011d 08       		.uleb128 0x8
 380 011e 0A000000 		.4byte	.LASF16
 381 0122 03       		.byte	0x3
 382 0123 8A       		.byte	0x8a
 383 0124 2E010000 		.4byte	0x12e
 384 0128 05       		.uleb128 0x5
 385 0129 03       		.byte	0x3
 386 012a 00000000 		.4byte	cy_metadata
 387 012e 07       		.uleb128 0x7
 388 012f 0D010000 		.4byte	0x10d
 389 0133 00       		.byte	0
 390              		.section	.debug_abbrev,"",%progbits
 391              	.Ldebug_abbrev0:
 392 0000 01       		.uleb128 0x1
 393 0001 11       		.uleb128 0x11
 394 0002 01       		.byte	0x1
 395 0003 25       		.uleb128 0x25
ARM GAS  C:\Users\dibiana1\AppData\Local\Temp\cc4qz6Xa.s 			page 8


 396 0004 0E       		.uleb128 0xe
 397 0005 13       		.uleb128 0x13
 398 0006 0B       		.uleb128 0xb
 399 0007 03       		.uleb128 0x3
 400 0008 0E       		.uleb128 0xe
 401 0009 1B       		.uleb128 0x1b
 402 000a 0E       		.uleb128 0xe
 403 000b 10       		.uleb128 0x10
 404 000c 17       		.uleb128 0x17
 405 000d 00       		.byte	0
 406 000e 00       		.byte	0
 407 000f 02       		.uleb128 0x2
 408 0010 24       		.uleb128 0x24
 409 0011 00       		.byte	0
 410 0012 0B       		.uleb128 0xb
 411 0013 0B       		.uleb128 0xb
 412 0014 3E       		.uleb128 0x3e
 413 0015 0B       		.uleb128 0xb
 414 0016 03       		.uleb128 0x3
 415 0017 0E       		.uleb128 0xe
 416 0018 00       		.byte	0
 417 0019 00       		.byte	0
 418 001a 03       		.uleb128 0x3
 419 001b 16       		.uleb128 0x16
 420 001c 00       		.byte	0
 421 001d 03       		.uleb128 0x3
 422 001e 0E       		.uleb128 0xe
 423 001f 3A       		.uleb128 0x3a
 424 0020 0B       		.uleb128 0xb
 425 0021 3B       		.uleb128 0x3b
 426 0022 0B       		.uleb128 0xb
 427 0023 49       		.uleb128 0x49
 428 0024 13       		.uleb128 0x13
 429 0025 00       		.byte	0
 430 0026 00       		.byte	0
 431 0027 04       		.uleb128 0x4
 432 0028 24       		.uleb128 0x24
 433 0029 00       		.byte	0
 434 002a 0B       		.uleb128 0xb
 435 002b 0B       		.uleb128 0xb
 436 002c 3E       		.uleb128 0x3e
 437 002d 0B       		.uleb128 0xb
 438 002e 03       		.uleb128 0x3
 439 002f 08       		.uleb128 0x8
 440 0030 00       		.byte	0
 441 0031 00       		.byte	0
 442 0032 05       		.uleb128 0x5
 443 0033 01       		.uleb128 0x1
 444 0034 01       		.byte	0x1
 445 0035 49       		.uleb128 0x49
 446 0036 13       		.uleb128 0x13
 447 0037 01       		.uleb128 0x1
 448 0038 13       		.uleb128 0x13
 449 0039 00       		.byte	0
 450 003a 00       		.byte	0
 451 003b 06       		.uleb128 0x6
 452 003c 21       		.uleb128 0x21
ARM GAS  C:\Users\dibiana1\AppData\Local\Temp\cc4qz6Xa.s 			page 9


 453 003d 00       		.byte	0
 454 003e 49       		.uleb128 0x49
 455 003f 13       		.uleb128 0x13
 456 0040 2F       		.uleb128 0x2f
 457 0041 0B       		.uleb128 0xb
 458 0042 00       		.byte	0
 459 0043 00       		.byte	0
 460 0044 07       		.uleb128 0x7
 461 0045 26       		.uleb128 0x26
 462 0046 00       		.byte	0
 463 0047 49       		.uleb128 0x49
 464 0048 13       		.uleb128 0x13
 465 0049 00       		.byte	0
 466 004a 00       		.byte	0
 467 004b 08       		.uleb128 0x8
 468 004c 34       		.uleb128 0x34
 469 004d 00       		.byte	0
 470 004e 03       		.uleb128 0x3
 471 004f 0E       		.uleb128 0xe
 472 0050 3A       		.uleb128 0x3a
 473 0051 0B       		.uleb128 0xb
 474 0052 3B       		.uleb128 0x3b
 475 0053 0B       		.uleb128 0xb
 476 0054 49       		.uleb128 0x49
 477 0055 13       		.uleb128 0x13
 478 0056 3F       		.uleb128 0x3f
 479 0057 19       		.uleb128 0x19
 480 0058 02       		.uleb128 0x2
 481 0059 18       		.uleb128 0x18
 482 005a 00       		.byte	0
 483 005b 00       		.byte	0
 484 005c 00       		.byte	0
 485              		.section	.debug_aranges,"",%progbits
 486 0000 14000000 		.4byte	0x14
 487 0004 0200     		.2byte	0x2
 488 0006 00000000 		.4byte	.Ldebug_info0
 489 000a 04       		.byte	0x4
 490 000b 00       		.byte	0
 491 000c 0000     		.2byte	0
 492 000e 0000     		.2byte	0
 493 0010 00000000 		.4byte	0
 494 0014 00000000 		.4byte	0
 495              		.section	.debug_line,"",%progbits
 496              	.Ldebug_line0:
 497 0000 3D010000 		.section	.debug_str,"MS",%progbits,1
 497      02003701 
 497      00000201 
 497      FB0E0D00 
 497      01010101 
 498              	.LASF9:
 499 0000 5F5F7569 		.ascii	"__uint8_t\000"
 499      6E74385F 
 499      7400
 500              	.LASF16:
 501 000a 63795F6D 		.ascii	"cy_metadata\000"
 501      65746164 
 501      61746100 
ARM GAS  C:\Users\dibiana1\AppData\Local\Temp\cc4qz6Xa.s 			page 10


 502              	.LASF1:
 503 0016 756E7369 		.ascii	"unsigned char\000"
 503      676E6564 
 503      20636861 
 503      7200
 504              	.LASF17:
 505 0024 474E5520 		.ascii	"GNU C11 5.4.1 20160609 (release) [ARM/embedded-5-br"
 505      43313120 
 505      352E342E 
 505      31203230 
 505      31363036 
 506 0057 616E6368 		.ascii	"anch revision 237715] -mcpu=cortex-m3 -mthumb -g -O"
 506      20726576 
 506      6973696F 
 506      6E203233 
 506      37373135 
 507 008a 67202D66 		.ascii	"g -ffunction-sections -ffat-lto-objects\000"
 507      66756E63 
 507      74696F6E 
 507      2D736563 
 507      74696F6E 
 508              	.LASF5:
 509 00b2 6C6F6E67 		.ascii	"long unsigned int\000"
 509      20756E73 
 509      69676E65 
 509      6420696E 
 509      7400
 510              	.LASF3:
 511 00c4 73686F72 		.ascii	"short unsigned int\000"
 511      7420756E 
 511      7369676E 
 511      65642069 
 511      6E7400
 512              	.LASF19:
 513 00d7 483A5C53 		.ascii	"H:\\Senior-Project-2023\\PSoC\\HostDesign.cydsn\000"
 513      656E696F 
 513      722D5072 
 513      6F6A6563 
 513      742D3230 
 514              	.LASF13:
 515 0104 63795F6D 		.ascii	"cy_meta_custnvl\000"
 515      6574615F 
 515      63757374 
 515      6E766C00 
 516              	.LASF12:
 517 0114 63795F6D 		.ascii	"cy_meta_configecc\000"
 517      6574615F 
 517      636F6E66 
 517      69676563 
 517      6300
 518              	.LASF8:
 519 0126 756E7369 		.ascii	"unsigned int\000"
 519      676E6564 
 519      20696E74 
 519      00
 520              	.LASF7:
 521 0133 6C6F6E67 		.ascii	"long long unsigned int\000"
ARM GAS  C:\Users\dibiana1\AppData\Local\Temp\cc4qz6Xa.s 			page 11


 521      206C6F6E 
 521      6720756E 
 521      7369676E 
 521      65642069 
 522              	.LASF10:
 523 014a 75696E74 		.ascii	"uint8_t\000"
 523      385F7400 
 524              	.LASF15:
 525 0152 63795F6D 		.ascii	"cy_meta_flashprotect\000"
 525      6574615F 
 525      666C6173 
 525      6870726F 
 525      74656374 
 526              	.LASF14:
 527 0167 63795F6D 		.ascii	"cy_meta_wonvl\000"
 527      6574615F 
 527      776F6E76 
 527      6C00
 528              	.LASF11:
 529 0175 73697A65 		.ascii	"sizetype\000"
 529      74797065 
 529      00
 530              	.LASF6:
 531 017e 6C6F6E67 		.ascii	"long long int\000"
 531      206C6F6E 
 531      6720696E 
 531      7400
 532              	.LASF2:
 533 018c 73686F72 		.ascii	"short int\000"
 533      7420696E 
 533      7400
 534              	.LASF4:
 535 0196 6C6F6E67 		.ascii	"long int\000"
 535      20696E74 
 535      00
 536              	.LASF0:
 537 019f 7369676E 		.ascii	"signed char\000"
 537      65642063 
 537      68617200 
 538              	.LASF18:
 539 01ab 47656E65 		.ascii	"Generated_Source\\PSoC5\\cymetadata.c\000"
 539      72617465 
 539      645F536F 
 539      75726365 
 539      5C50536F 
 540              		.ident	"GCC: (GNU Tools for ARM Embedded Processors) 5.4.1 20160609 (release) [ARM/embedded-5-bran
