ARM GAS  C:\Users\dibiana1\AppData\Local\Temp\ccCPoh0U.s 			page 1


   1              		.syntax unified
   2              		.cpu cortex-m3
   3              		.fpu softvfp
   4              		.eabi_attribute 20, 1
   5              		.eabi_attribute 21, 1
   6              		.eabi_attribute 23, 3
   7              		.eabi_attribute 24, 1
   8              		.eabi_attribute 25, 1
   9              		.eabi_attribute 26, 1
  10              		.eabi_attribute 30, 1
  11              		.eabi_attribute 34, 1
  12              		.eabi_attribute 18, 4
  13              		.thumb
  14              		.syntax unified
  15              		.file	"helper_functions.c"
  16              		.text
  17              	.Ltext0:
  18              		.cfi_sections	.debug_frame
  19              		.section	.text.req_user_values,"ax",%progbits
  20              		.align	2
  21              		.global	req_user_values
  22              		.thumb
  23              		.thumb_func
  24              		.type	req_user_values, %function
  25              	req_user_values:
  26              	.LFB64:
  27              		.file 1 "helper_functions.c"
   1:helper_functions.c **** #ifndef helper_functions_h
   2:helper_functions.c **** #define helper_functions_h
   3:helper_functions.c **** 
   4:helper_functions.c **** #include "project.h"
   5:helper_functions.c **** #include "stdio.h"
   6:helper_functions.c **** 
   7:helper_functions.c **** /*
   8:helper_functions.c **** Function to request values from user, for now it just sets the values explicitly.
   9:helper_functions.c **** */
  10:helper_functions.c **** void req_user_values(int array[5][5]){
  28              		.loc 1 10 0
  29              		.cfi_startproc
  30              		@ args = 0, pretend = 0, frame = 0
  31              		@ frame_needed = 0, uses_anonymous_args = 0
  32              		@ link register save eliminated.
  33              	.LVL0:
  34 0000 10B4     		push	{r4}
  35              		.cfi_def_cfa_offset 4
  36              		.cfi_offset 4, -4
  11:helper_functions.c ****     array[0][0] = 0x00; //x1 and y1
  37              		.loc 1 11 0
  38 0002 0023     		movs	r3, #0
  39 0004 0360     		str	r3, [r0]
  12:helper_functions.c ****     array[0][1] = 0xc8;
  40              		.loc 1 12 0
  41 0006 C822     		movs	r2, #200
  42 0008 4260     		str	r2, [r0, #4]
  13:helper_functions.c ****     array[0][2] = 0xb0;
  43              		.loc 1 13 0
  44 000a B022     		movs	r2, #176
ARM GAS  C:\Users\dibiana1\AppData\Local\Temp\ccCPoh0U.s 			page 2


  45 000c 8260     		str	r2, [r0, #8]
  14:helper_functions.c ****     array[0][3] = 0x04;
  46              		.loc 1 14 0
  47 000e 0422     		movs	r2, #4
  48 0010 C260     		str	r2, [r0, #12]
  15:helper_functions.c ****     array[0][4] = 0x00;
  49              		.loc 1 15 0
  50 0012 0361     		str	r3, [r0, #16]
  16:helper_functions.c ****     
  17:helper_functions.c ****     array[1][0] = 0x01;//x2 and y2
  51              		.loc 1 17 0
  52 0014 0121     		movs	r1, #1
  53 0016 4161     		str	r1, [r0, #20]
  18:helper_functions.c ****     array[1][1] = 0xee;
  54              		.loc 1 18 0
  55 0018 EE21     		movs	r1, #238
  56 001a 8161     		str	r1, [r0, #24]
  19:helper_functions.c ****     array[1][2] = 0x52;
  57              		.loc 1 19 0
  58 001c 5221     		movs	r1, #82
  59 001e C161     		str	r1, [r0, #28]
  20:helper_functions.c ****     array[1][3] = 0x14;
  60              		.loc 1 20 0
  61 0020 1421     		movs	r1, #20
  62 0022 0162     		str	r1, [r0, #32]
  21:helper_functions.c ****     array[1][4] = 0x00;
  63              		.loc 1 21 0
  64 0024 4362     		str	r3, [r0, #36]
  22:helper_functions.c ****     
  23:helper_functions.c ****     array[2][0] = 0x02;//color
  65              		.loc 1 23 0
  66 0026 0224     		movs	r4, #2
  67 0028 8462     		str	r4, [r0, #40]
  24:helper_functions.c ****     array[2][1] = 0xe1;
  68              		.loc 1 24 0
  69 002a E124     		movs	r4, #225
  70 002c C462     		str	r4, [r0, #44]
  25:helper_functions.c ****     array[2][2] = 0x69;
  71              		.loc 1 25 0
  72 002e 6924     		movs	r4, #105
  73 0030 0463     		str	r4, [r0, #48]
  26:helper_functions.c ****     array[2][3] = 0x14;
  74              		.loc 1 26 0
  75 0032 4163     		str	r1, [r0, #52]
  27:helper_functions.c ****     array[2][4] = 0x00;
  76              		.loc 1 27 0
  77 0034 8363     		str	r3, [r0, #56]
  28:helper_functions.c ****     
  29:helper_functions.c ****     array[3][0] = 0x03;//test pat
  78              		.loc 1 29 0
  79 0036 0321     		movs	r1, #3
  80 0038 C163     		str	r1, [r0, #60]
  30:helper_functions.c ****     array[3][1] = 0x00;
  81              		.loc 1 30 0
  82 003a 0364     		str	r3, [r0, #64]
  31:helper_functions.c ****     array[3][2] = 0x00;
  83              		.loc 1 31 0
ARM GAS  C:\Users\dibiana1\AppData\Local\Temp\ccCPoh0U.s 			page 3


  84 003c 4364     		str	r3, [r0, #68]
  32:helper_functions.c ****     array[3][3] = 0x00;
  85              		.loc 1 32 0
  86 003e 8364     		str	r3, [r0, #72]
  33:helper_functions.c ****     array[3][4] = 0x00;
  87              		.loc 1 33 0
  88 0040 C364     		str	r3, [r0, #76]
  34:helper_functions.c ****     
  35:helper_functions.c ****     array[4][0] = 0x04;//end id
  89              		.loc 1 35 0
  90 0042 0265     		str	r2, [r0, #80]
  36:helper_functions.c ****     array[4][1] = 0x00;
  91              		.loc 1 36 0
  92 0044 4365     		str	r3, [r0, #84]
  37:helper_functions.c ****     array[4][2] = 0x00;
  93              		.loc 1 37 0
  94 0046 8365     		str	r3, [r0, #88]
  38:helper_functions.c ****     array[4][3] = 0x00;
  95              		.loc 1 38 0
  96 0048 C365     		str	r3, [r0, #92]
  39:helper_functions.c ****     array[4][4] = 0x00;
  97              		.loc 1 39 0
  98 004a 0366     		str	r3, [r0, #96]
  40:helper_functions.c **** }
  99              		.loc 1 40 0
 100 004c 10BC     		pop	{r4}
 101              		.cfi_restore 4
 102              		.cfi_def_cfa_offset 0
 103 004e 7047     		bx	lr
 104              		.cfi_endproc
 105              	.LFE64:
 106              		.size	req_user_values, .-req_user_values
 107              		.section	.text.sendByte,"ax",%progbits
 108              		.align	2
 109              		.global	sendByte
 110              		.thumb
 111              		.thumb_func
 112              		.type	sendByte, %function
 113              	sendByte:
 114              	.LFB65:
  41:helper_functions.c **** 
  42:helper_functions.c **** /*
  43:helper_functions.c **** Func 2
  44:helper_functions.c **** */
  45:helper_functions.c **** void sendByte(int byte){
 115              		.loc 1 45 0
 116              		.cfi_startproc
 117              		@ args = 0, pretend = 0, frame = 0
 118              		@ frame_needed = 0, uses_anonymous_args = 0
 119              	.LVL1:
 120 0000 08B5     		push	{r3, lr}
 121              		.cfi_def_cfa_offset 8
 122              		.cfi_offset 3, -8
 123              		.cfi_offset 14, -4
  46:helper_functions.c ****     OUT_BYTE_Write(byte);
 124              		.loc 1 46 0
 125 0002 C0B2     		uxtb	r0, r0
ARM GAS  C:\Users\dibiana1\AppData\Local\Temp\ccCPoh0U.s 			page 4


 126              	.LVL2:
 127 0004 FFF7FEFF 		bl	OUT_BYTE_Write
 128              	.LVL3:
 129 0008 08BD     		pop	{r3, pc}
 130              		.cfi_endproc
 131              	.LFE65:
 132              		.size	sendByte, .-sendByte
 133              		.section	.text.reg_write,"ax",%progbits
 134              		.align	2
 135              		.global	reg_write
 136              		.thumb
 137              		.thumb_func
 138              		.type	reg_write, %function
 139              	reg_write:
 140              	.LFB66:
  47:helper_functions.c **** }
  48:helper_functions.c **** 
  49:helper_functions.c **** /*
  50:helper_functions.c **** Func 3
  51:helper_functions.c **** */
  52:helper_functions.c **** void reg_write(uint8_t bytes[5], int psoc_fpga_xfc, int fpga_psoc_xfc)
  53:helper_functions.c **** {
 141              		.loc 1 53 0
 142              		.cfi_startproc
 143              		@ args = 0, pretend = 0, frame = 0
 144              		@ frame_needed = 0, uses_anonymous_args = 0
 145              	.LVL4:
 146 0000 F8B5     		push	{r3, r4, r5, r6, r7, lr}
 147              		.cfi_def_cfa_offset 24
 148              		.cfi_offset 3, -24
 149              		.cfi_offset 4, -20
 150              		.cfi_offset 5, -16
 151              		.cfi_offset 6, -12
 152              		.cfi_offset 7, -8
 153              		.cfi_offset 14, -4
 154 0002 0746     		mov	r7, r0
 155 0004 0E46     		mov	r6, r1
 156 0006 1446     		mov	r4, r2
 157              	.LVL5:
 158              	.LBB2:
  54:helper_functions.c ****     // send each of the 5 bytes, wait until handshake is complete to return
  55:helper_functions.c ****     for(int i = 0; i < 5; i++){
 159              		.loc 1 55 0
 160 0008 0025     		movs	r5, #0
 161 000a 14E0     		b	.L6
 162              	.LVL6:
 163              	.L8:
  56:helper_functions.c ****         sendByte(bytes[i]);
 164              		.loc 1 56 0
 165 000c 785D     		ldrb	r0, [r7, r5]	@ zero_extendqisi2
 166 000e FFF7FEFF 		bl	sendByte
 167              	.LVL7:
  57:helper_functions.c ****         CyDelayCycles(1);
 168              		.loc 1 57 0
 169 0012 0120     		movs	r0, #1
 170 0014 FFF7FEFF 		bl	CyDelayCycles
 171              	.LVL8:
ARM GAS  C:\Users\dibiana1\AppData\Local\Temp\ccCPoh0U.s 			page 5


  58:helper_functions.c ****         psoc_fpga_xfc = 1 - psoc_fpga_xfc;
 172              		.loc 1 58 0
 173 0018 C6F10106 		rsb	r6, r6, #1
 174              	.LVL9:
  59:helper_functions.c ****         H2G_STRB_OUT_Write(psoc_fpga_xfc);
 175              		.loc 1 59 0
 176 001c F0B2     		uxtb	r0, r6
 177 001e FFF7FEFF 		bl	H2G_STRB_OUT_Write
 178              	.LVL10:
 179              	.L7:
  60:helper_functions.c ****         
  61:helper_functions.c ****         while(H2G_STRB_IN_Read() == fpga_psoc_xfc){
 180              		.loc 1 61 0 discriminator 1
 181 0022 FFF7FEFF 		bl	H2G_STRB_IN_Read
 182              	.LVL11:
 183 0026 8442     		cmp	r4, r0
 184 0028 FBD0     		beq	.L7
  62:helper_functions.c ****             //Idle until incoming handshake is toggled
  63:helper_functions.c ****         }
  64:helper_functions.c ****         CyDelayCycles(1);
 185              		.loc 1 64 0 discriminator 2
 186 002a 0120     		movs	r0, #1
 187 002c FFF7FEFF 		bl	CyDelayCycles
 188              	.LVL12:
  65:helper_functions.c ****         fpga_psoc_xfc = 1 - fpga_psoc_xfc;
 189              		.loc 1 65 0 discriminator 2
 190 0030 C4F10104 		rsb	r4, r4, #1
 191              	.LVL13:
  55:helper_functions.c ****         sendByte(bytes[i]);
 192              		.loc 1 55 0 discriminator 2
 193 0034 0135     		adds	r5, r5, #1
 194              	.LVL14:
 195              	.L6:
  55:helper_functions.c ****         sendByte(bytes[i]);
 196              		.loc 1 55 0 is_stmt 0 discriminator 1
 197 0036 042D     		cmp	r5, #4
 198 0038 E8DD     		ble	.L8
 199              	.LBE2:
  66:helper_functions.c ****     }
  67:helper_functions.c **** }
 200              		.loc 1 67 0 is_stmt 1
 201 003a F8BD     		pop	{r3, r4, r5, r6, r7, pc}
 202              		.cfi_endproc
 203              	.LFE66:
 204              		.size	reg_write, .-reg_write
 205              		.text
 206              	.Letext0:
 207              		.file 2 "c:\\program files (x86)\\cypress\\psoc creator\\4.4\\psoc creator\\import\\gnu\\arm\\5.4.
 208              		.file 3 "c:\\program files (x86)\\cypress\\psoc creator\\4.4\\psoc creator\\import\\gnu\\arm\\5.4.
 209              		.file 4 "Generated_Source\\PSoC5/OUT_BYTE.h"
 210              		.file 5 "Generated_Source\\PSoC5/CyLib.h"
 211              		.file 6 "Generated_Source\\PSoC5/H2G_STRB_OUT.h"
 212              		.file 7 "Generated_Source\\PSoC5/H2G_STRB_IN.h"
 213              		.file 8 "Generated_Source\\PSoC5/core_cm3.h"
 214              		.section	.debug_info,"",%progbits
 215              	.Ldebug_info0:
 216 0000 0B020000 		.4byte	0x20b
ARM GAS  C:\Users\dibiana1\AppData\Local\Temp\ccCPoh0U.s 			page 6


 217 0004 0400     		.2byte	0x4
 218 0006 00000000 		.4byte	.Ldebug_abbrev0
 219 000a 04       		.byte	0x4
 220 000b 01       		.uleb128 0x1
 221 000c 5D000000 		.4byte	.LASF30
 222 0010 0C       		.byte	0xc
 223 0011 22000000 		.4byte	.LASF31
 224 0015 33010000 		.4byte	.LASF32
 225 0019 00000000 		.4byte	.Ldebug_ranges0+0
 226 001d 00000000 		.4byte	0
 227 0021 00000000 		.4byte	.Ldebug_line0
 228 0025 02       		.uleb128 0x2
 229 0026 01       		.byte	0x1
 230 0027 06       		.byte	0x6
 231 0028 2F020000 		.4byte	.LASF0
 232 002c 03       		.uleb128 0x3
 233 002d 0E000000 		.4byte	.LASF4
 234 0031 02       		.byte	0x2
 235 0032 1D       		.byte	0x1d
 236 0033 37000000 		.4byte	0x37
 237 0037 02       		.uleb128 0x2
 238 0038 01       		.byte	0x1
 239 0039 08       		.byte	0x8
 240 003a 4F000000 		.4byte	.LASF1
 241 003e 02       		.uleb128 0x2
 242 003f 02       		.byte	0x2
 243 0040 05       		.byte	0x5
 244 0041 86010000 		.4byte	.LASF2
 245 0045 02       		.uleb128 0x2
 246 0046 02       		.byte	0x2
 247 0047 07       		.byte	0x7
 248 0048 FD000000 		.4byte	.LASF3
 249 004c 03       		.uleb128 0x3
 250 004d 18000000 		.4byte	.LASF5
 251 0051 02       		.byte	0x2
 252 0052 3F       		.byte	0x3f
 253 0053 57000000 		.4byte	0x57
 254 0057 02       		.uleb128 0x2
 255 0058 04       		.byte	0x4
 256 0059 05       		.byte	0x5
 257 005a 14020000 		.4byte	.LASF6
 258 005e 02       		.uleb128 0x2
 259 005f 04       		.byte	0x4
 260 0060 07       		.byte	0x7
 261 0061 EB000000 		.4byte	.LASF7
 262 0065 02       		.uleb128 0x2
 263 0066 08       		.byte	0x8
 264 0067 05       		.byte	0x5
 265 0068 F8010000 		.4byte	.LASF8
 266 006c 02       		.uleb128 0x2
 267 006d 08       		.byte	0x8
 268 006e 07       		.byte	0x7
 269 006f B5010000 		.4byte	.LASF9
 270 0073 04       		.uleb128 0x4
 271 0074 04       		.byte	0x4
 272 0075 05       		.byte	0x5
 273 0076 696E7400 		.ascii	"int\000"
ARM GAS  C:\Users\dibiana1\AppData\Local\Temp\ccCPoh0U.s 			page 7


 274 007a 02       		.uleb128 0x2
 275 007b 04       		.byte	0x4
 276 007c 07       		.byte	0x7
 277 007d A8010000 		.4byte	.LASF10
 278 0081 03       		.uleb128 0x3
 279 0082 CC010000 		.4byte	.LASF11
 280 0086 03       		.byte	0x3
 281 0087 18       		.byte	0x18
 282 0088 2C000000 		.4byte	0x2c
 283 008c 03       		.uleb128 0x3
 284 008d E7010000 		.4byte	.LASF12
 285 0091 03       		.byte	0x3
 286 0092 2C       		.byte	0x2c
 287 0093 4C000000 		.4byte	0x4c
 288 0097 02       		.uleb128 0x2
 289 0098 04       		.byte	0x4
 290 0099 04       		.byte	0x4
 291 009a 49000000 		.4byte	.LASF13
 292 009e 02       		.uleb128 0x2
 293 009f 08       		.byte	0x8
 294 00a0 04       		.byte	0x4
 295 00a1 60010000 		.4byte	.LASF14
 296 00a5 02       		.uleb128 0x2
 297 00a6 01       		.byte	0x1
 298 00a7 08       		.byte	0x8
 299 00a8 06020000 		.4byte	.LASF15
 300 00ac 02       		.uleb128 0x2
 301 00ad 04       		.byte	0x4
 302 00ae 07       		.byte	0x7
 303 00af EF010000 		.4byte	.LASF16
 304 00b3 02       		.uleb128 0x2
 305 00b4 08       		.byte	0x8
 306 00b5 04       		.byte	0x4
 307 00b6 23020000 		.4byte	.LASF17
 308 00ba 05       		.uleb128 0x5
 309 00bb 10010000 		.4byte	.LASF18
 310 00bf 01       		.byte	0x1
 311 00c0 0A       		.byte	0xa
 312 00c1 00000000 		.4byte	.LFB64
 313 00c5 50000000 		.4byte	.LFE64-.LFB64
 314 00c9 01       		.uleb128 0x1
 315 00ca 9C       		.byte	0x9c
 316 00cb DD000000 		.4byte	0xdd
 317 00cf 06       		.uleb128 0x6
 318 00d0 20010000 		.4byte	.LASF20
 319 00d4 01       		.byte	0x1
 320 00d5 0A       		.byte	0xa
 321 00d6 ED000000 		.4byte	0xed
 322 00da 01       		.uleb128 0x1
 323 00db 50       		.byte	0x50
 324 00dc 00       		.byte	0
 325 00dd 07       		.uleb128 0x7
 326 00de 73000000 		.4byte	0x73
 327 00e2 ED000000 		.4byte	0xed
 328 00e6 08       		.uleb128 0x8
 329 00e7 AC000000 		.4byte	0xac
 330 00eb 04       		.byte	0x4
ARM GAS  C:\Users\dibiana1\AppData\Local\Temp\ccCPoh0U.s 			page 8


 331 00ec 00       		.byte	0
 332 00ed 09       		.uleb128 0x9
 333 00ee 04       		.byte	0x4
 334 00ef DD000000 		.4byte	0xdd
 335 00f3 05       		.uleb128 0x5
 336 00f4 0B020000 		.4byte	.LASF19
 337 00f8 01       		.byte	0x1
 338 00f9 2D       		.byte	0x2d
 339 00fa 00000000 		.4byte	.LFB65
 340 00fe 0A000000 		.4byte	.LFE65-.LFB65
 341 0102 01       		.uleb128 0x1
 342 0103 9C       		.byte	0x9c
 343 0104 29010000 		.4byte	0x129
 344 0108 0A       		.uleb128 0xa
 345 0109 35000000 		.4byte	.LASF21
 346 010d 01       		.byte	0x1
 347 010e 2D       		.byte	0x2d
 348 010f 73000000 		.4byte	0x73
 349 0113 00000000 		.4byte	.LLST0
 350 0117 0B       		.uleb128 0xb
 351 0118 08000000 		.4byte	.LVL3
 352 011c E2010000 		.4byte	0x1e2
 353 0120 0C       		.uleb128 0xc
 354 0121 01       		.uleb128 0x1
 355 0122 50       		.byte	0x50
 356 0123 03       		.uleb128 0x3
 357 0124 F3       		.byte	0xf3
 358 0125 01       		.uleb128 0x1
 359 0126 50       		.byte	0x50
 360 0127 00       		.byte	0
 361 0128 00       		.byte	0
 362 0129 05       		.uleb128 0x5
 363 012a 90010000 		.4byte	.LASF22
 364 012e 01       		.byte	0x1
 365 012f 34       		.byte	0x34
 366 0130 00000000 		.4byte	.LFB66
 367 0134 3C000000 		.4byte	.LFE66-.LFB66
 368 0138 01       		.uleb128 0x1
 369 0139 9C       		.byte	0x9c
 370 013a CB010000 		.4byte	0x1cb
 371 013e 0A       		.uleb128 0xa
 372 013f 1D020000 		.4byte	.LASF23
 373 0143 01       		.byte	0x1
 374 0144 34       		.byte	0x34
 375 0145 CB010000 		.4byte	0x1cb
 376 0149 21000000 		.4byte	.LLST1
 377 014d 0A       		.uleb128 0xa
 378 014e 67010000 		.4byte	.LASF24
 379 0152 01       		.byte	0x1
 380 0153 34       		.byte	0x34
 381 0154 73000000 		.4byte	0x73
 382 0158 3F000000 		.4byte	.LLST2
 383 015c 0A       		.uleb128 0xa
 384 015d 9A010000 		.4byte	.LASF25
 385 0161 01       		.byte	0x1
 386 0162 34       		.byte	0x34
 387 0163 73000000 		.4byte	0x73
ARM GAS  C:\Users\dibiana1\AppData\Local\Temp\ccCPoh0U.s 			page 9


 388 0167 5D000000 		.4byte	.LLST3
 389 016b 0D       		.uleb128 0xd
 390 016c 08000000 		.4byte	.LBB2
 391 0170 32000000 		.4byte	.LBE2-.LBB2
 392 0174 0E       		.uleb128 0xe
 393 0175 6900     		.ascii	"i\000"
 394 0177 01       		.byte	0x1
 395 0178 37       		.byte	0x37
 396 0179 73000000 		.4byte	0x73
 397 017d 7B000000 		.4byte	.LLST4
 398 0181 0F       		.uleb128 0xf
 399 0182 12000000 		.4byte	.LVL7
 400 0186 F3000000 		.4byte	0xf3
 401 018a 10       		.uleb128 0x10
 402 018b 18000000 		.4byte	.LVL8
 403 018f ED010000 		.4byte	0x1ed
 404 0193 9D010000 		.4byte	0x19d
 405 0197 0C       		.uleb128 0xc
 406 0198 01       		.uleb128 0x1
 407 0199 50       		.byte	0x50
 408 019a 01       		.uleb128 0x1
 409 019b 31       		.byte	0x31
 410 019c 00       		.byte	0
 411 019d 10       		.uleb128 0x10
 412 019e 22000000 		.4byte	.LVL10
 413 01a2 F8010000 		.4byte	0x1f8
 414 01a6 B1010000 		.4byte	0x1b1
 415 01aa 0C       		.uleb128 0xc
 416 01ab 01       		.uleb128 0x1
 417 01ac 50       		.byte	0x50
 418 01ad 02       		.uleb128 0x2
 419 01ae 76       		.byte	0x76
 420 01af 00       		.sleb128 0
 421 01b0 00       		.byte	0
 422 01b1 0F       		.uleb128 0xf
 423 01b2 26000000 		.4byte	.LVL11
 424 01b6 03020000 		.4byte	0x203
 425 01ba 0B       		.uleb128 0xb
 426 01bb 30000000 		.4byte	.LVL12
 427 01bf ED010000 		.4byte	0x1ed
 428 01c3 0C       		.uleb128 0xc
 429 01c4 01       		.uleb128 0x1
 430 01c5 50       		.byte	0x50
 431 01c6 01       		.uleb128 0x1
 432 01c7 31       		.byte	0x31
 433 01c8 00       		.byte	0
 434 01c9 00       		.byte	0
 435 01ca 00       		.byte	0
 436 01cb 09       		.uleb128 0x9
 437 01cc 04       		.byte	0x4
 438 01cd 81000000 		.4byte	0x81
 439 01d1 11       		.uleb128 0x11
 440 01d2 26010000 		.4byte	.LASF33
 441 01d6 08       		.byte	0x8
 442 01d7 1207     		.2byte	0x712
 443 01d9 DD010000 		.4byte	0x1dd
 444 01dd 12       		.uleb128 0x12
ARM GAS  C:\Users\dibiana1\AppData\Local\Temp\ccCPoh0U.s 			page 10


 445 01de 8C000000 		.4byte	0x8c
 446 01e2 13       		.uleb128 0x13
 447 01e3 3A000000 		.4byte	.LASF26
 448 01e7 3A000000 		.4byte	.LASF26
 449 01eb 04       		.byte	0x4
 450 01ec 2F       		.byte	0x2f
 451 01ed 13       		.uleb128 0x13
 452 01ee 00000000 		.4byte	.LASF27
 453 01f2 00000000 		.4byte	.LASF27
 454 01f6 05       		.byte	0x5
 455 01f7 79       		.byte	0x79
 456 01f8 13       		.uleb128 0x13
 457 01f9 D4010000 		.4byte	.LASF28
 458 01fd D4010000 		.4byte	.LASF28
 459 0201 06       		.byte	0x6
 460 0202 26       		.byte	0x26
 461 0203 13       		.uleb128 0x13
 462 0204 75010000 		.4byte	.LASF29
 463 0208 75010000 		.4byte	.LASF29
 464 020c 07       		.byte	0x7
 465 020d 29       		.byte	0x29
 466 020e 00       		.byte	0
 467              		.section	.debug_abbrev,"",%progbits
 468              	.Ldebug_abbrev0:
 469 0000 01       		.uleb128 0x1
 470 0001 11       		.uleb128 0x11
 471 0002 01       		.byte	0x1
 472 0003 25       		.uleb128 0x25
 473 0004 0E       		.uleb128 0xe
 474 0005 13       		.uleb128 0x13
 475 0006 0B       		.uleb128 0xb
 476 0007 03       		.uleb128 0x3
 477 0008 0E       		.uleb128 0xe
 478 0009 1B       		.uleb128 0x1b
 479 000a 0E       		.uleb128 0xe
 480 000b 55       		.uleb128 0x55
 481 000c 17       		.uleb128 0x17
 482 000d 11       		.uleb128 0x11
 483 000e 01       		.uleb128 0x1
 484 000f 10       		.uleb128 0x10
 485 0010 17       		.uleb128 0x17
 486 0011 00       		.byte	0
 487 0012 00       		.byte	0
 488 0013 02       		.uleb128 0x2
 489 0014 24       		.uleb128 0x24
 490 0015 00       		.byte	0
 491 0016 0B       		.uleb128 0xb
 492 0017 0B       		.uleb128 0xb
 493 0018 3E       		.uleb128 0x3e
 494 0019 0B       		.uleb128 0xb
 495 001a 03       		.uleb128 0x3
 496 001b 0E       		.uleb128 0xe
 497 001c 00       		.byte	0
 498 001d 00       		.byte	0
 499 001e 03       		.uleb128 0x3
 500 001f 16       		.uleb128 0x16
 501 0020 00       		.byte	0
ARM GAS  C:\Users\dibiana1\AppData\Local\Temp\ccCPoh0U.s 			page 11


 502 0021 03       		.uleb128 0x3
 503 0022 0E       		.uleb128 0xe
 504 0023 3A       		.uleb128 0x3a
 505 0024 0B       		.uleb128 0xb
 506 0025 3B       		.uleb128 0x3b
 507 0026 0B       		.uleb128 0xb
 508 0027 49       		.uleb128 0x49
 509 0028 13       		.uleb128 0x13
 510 0029 00       		.byte	0
 511 002a 00       		.byte	0
 512 002b 04       		.uleb128 0x4
 513 002c 24       		.uleb128 0x24
 514 002d 00       		.byte	0
 515 002e 0B       		.uleb128 0xb
 516 002f 0B       		.uleb128 0xb
 517 0030 3E       		.uleb128 0x3e
 518 0031 0B       		.uleb128 0xb
 519 0032 03       		.uleb128 0x3
 520 0033 08       		.uleb128 0x8
 521 0034 00       		.byte	0
 522 0035 00       		.byte	0
 523 0036 05       		.uleb128 0x5
 524 0037 2E       		.uleb128 0x2e
 525 0038 01       		.byte	0x1
 526 0039 3F       		.uleb128 0x3f
 527 003a 19       		.uleb128 0x19
 528 003b 03       		.uleb128 0x3
 529 003c 0E       		.uleb128 0xe
 530 003d 3A       		.uleb128 0x3a
 531 003e 0B       		.uleb128 0xb
 532 003f 3B       		.uleb128 0x3b
 533 0040 0B       		.uleb128 0xb
 534 0041 27       		.uleb128 0x27
 535 0042 19       		.uleb128 0x19
 536 0043 11       		.uleb128 0x11
 537 0044 01       		.uleb128 0x1
 538 0045 12       		.uleb128 0x12
 539 0046 06       		.uleb128 0x6
 540 0047 40       		.uleb128 0x40
 541 0048 18       		.uleb128 0x18
 542 0049 9742     		.uleb128 0x2117
 543 004b 19       		.uleb128 0x19
 544 004c 01       		.uleb128 0x1
 545 004d 13       		.uleb128 0x13
 546 004e 00       		.byte	0
 547 004f 00       		.byte	0
 548 0050 06       		.uleb128 0x6
 549 0051 05       		.uleb128 0x5
 550 0052 00       		.byte	0
 551 0053 03       		.uleb128 0x3
 552 0054 0E       		.uleb128 0xe
 553 0055 3A       		.uleb128 0x3a
 554 0056 0B       		.uleb128 0xb
 555 0057 3B       		.uleb128 0x3b
 556 0058 0B       		.uleb128 0xb
 557 0059 49       		.uleb128 0x49
 558 005a 13       		.uleb128 0x13
ARM GAS  C:\Users\dibiana1\AppData\Local\Temp\ccCPoh0U.s 			page 12


 559 005b 02       		.uleb128 0x2
 560 005c 18       		.uleb128 0x18
 561 005d 00       		.byte	0
 562 005e 00       		.byte	0
 563 005f 07       		.uleb128 0x7
 564 0060 01       		.uleb128 0x1
 565 0061 01       		.byte	0x1
 566 0062 49       		.uleb128 0x49
 567 0063 13       		.uleb128 0x13
 568 0064 01       		.uleb128 0x1
 569 0065 13       		.uleb128 0x13
 570 0066 00       		.byte	0
 571 0067 00       		.byte	0
 572 0068 08       		.uleb128 0x8
 573 0069 21       		.uleb128 0x21
 574 006a 00       		.byte	0
 575 006b 49       		.uleb128 0x49
 576 006c 13       		.uleb128 0x13
 577 006d 2F       		.uleb128 0x2f
 578 006e 0B       		.uleb128 0xb
 579 006f 00       		.byte	0
 580 0070 00       		.byte	0
 581 0071 09       		.uleb128 0x9
 582 0072 0F       		.uleb128 0xf
 583 0073 00       		.byte	0
 584 0074 0B       		.uleb128 0xb
 585 0075 0B       		.uleb128 0xb
 586 0076 49       		.uleb128 0x49
 587 0077 13       		.uleb128 0x13
 588 0078 00       		.byte	0
 589 0079 00       		.byte	0
 590 007a 0A       		.uleb128 0xa
 591 007b 05       		.uleb128 0x5
 592 007c 00       		.byte	0
 593 007d 03       		.uleb128 0x3
 594 007e 0E       		.uleb128 0xe
 595 007f 3A       		.uleb128 0x3a
 596 0080 0B       		.uleb128 0xb
 597 0081 3B       		.uleb128 0x3b
 598 0082 0B       		.uleb128 0xb
 599 0083 49       		.uleb128 0x49
 600 0084 13       		.uleb128 0x13
 601 0085 02       		.uleb128 0x2
 602 0086 17       		.uleb128 0x17
 603 0087 00       		.byte	0
 604 0088 00       		.byte	0
 605 0089 0B       		.uleb128 0xb
 606 008a 898201   		.uleb128 0x4109
 607 008d 01       		.byte	0x1
 608 008e 11       		.uleb128 0x11
 609 008f 01       		.uleb128 0x1
 610 0090 31       		.uleb128 0x31
 611 0091 13       		.uleb128 0x13
 612 0092 00       		.byte	0
 613 0093 00       		.byte	0
 614 0094 0C       		.uleb128 0xc
 615 0095 8A8201   		.uleb128 0x410a
ARM GAS  C:\Users\dibiana1\AppData\Local\Temp\ccCPoh0U.s 			page 13


 616 0098 00       		.byte	0
 617 0099 02       		.uleb128 0x2
 618 009a 18       		.uleb128 0x18
 619 009b 9142     		.uleb128 0x2111
 620 009d 18       		.uleb128 0x18
 621 009e 00       		.byte	0
 622 009f 00       		.byte	0
 623 00a0 0D       		.uleb128 0xd
 624 00a1 0B       		.uleb128 0xb
 625 00a2 01       		.byte	0x1
 626 00a3 11       		.uleb128 0x11
 627 00a4 01       		.uleb128 0x1
 628 00a5 12       		.uleb128 0x12
 629 00a6 06       		.uleb128 0x6
 630 00a7 00       		.byte	0
 631 00a8 00       		.byte	0
 632 00a9 0E       		.uleb128 0xe
 633 00aa 34       		.uleb128 0x34
 634 00ab 00       		.byte	0
 635 00ac 03       		.uleb128 0x3
 636 00ad 08       		.uleb128 0x8
 637 00ae 3A       		.uleb128 0x3a
 638 00af 0B       		.uleb128 0xb
 639 00b0 3B       		.uleb128 0x3b
 640 00b1 0B       		.uleb128 0xb
 641 00b2 49       		.uleb128 0x49
 642 00b3 13       		.uleb128 0x13
 643 00b4 02       		.uleb128 0x2
 644 00b5 17       		.uleb128 0x17
 645 00b6 00       		.byte	0
 646 00b7 00       		.byte	0
 647 00b8 0F       		.uleb128 0xf
 648 00b9 898201   		.uleb128 0x4109
 649 00bc 00       		.byte	0
 650 00bd 11       		.uleb128 0x11
 651 00be 01       		.uleb128 0x1
 652 00bf 31       		.uleb128 0x31
 653 00c0 13       		.uleb128 0x13
 654 00c1 00       		.byte	0
 655 00c2 00       		.byte	0
 656 00c3 10       		.uleb128 0x10
 657 00c4 898201   		.uleb128 0x4109
 658 00c7 01       		.byte	0x1
 659 00c8 11       		.uleb128 0x11
 660 00c9 01       		.uleb128 0x1
 661 00ca 31       		.uleb128 0x31
 662 00cb 13       		.uleb128 0x13
 663 00cc 01       		.uleb128 0x1
 664 00cd 13       		.uleb128 0x13
 665 00ce 00       		.byte	0
 666 00cf 00       		.byte	0
 667 00d0 11       		.uleb128 0x11
 668 00d1 34       		.uleb128 0x34
 669 00d2 00       		.byte	0
 670 00d3 03       		.uleb128 0x3
 671 00d4 0E       		.uleb128 0xe
 672 00d5 3A       		.uleb128 0x3a
ARM GAS  C:\Users\dibiana1\AppData\Local\Temp\ccCPoh0U.s 			page 14


 673 00d6 0B       		.uleb128 0xb
 674 00d7 3B       		.uleb128 0x3b
 675 00d8 05       		.uleb128 0x5
 676 00d9 49       		.uleb128 0x49
 677 00da 13       		.uleb128 0x13
 678 00db 3F       		.uleb128 0x3f
 679 00dc 19       		.uleb128 0x19
 680 00dd 3C       		.uleb128 0x3c
 681 00de 19       		.uleb128 0x19
 682 00df 00       		.byte	0
 683 00e0 00       		.byte	0
 684 00e1 12       		.uleb128 0x12
 685 00e2 35       		.uleb128 0x35
 686 00e3 00       		.byte	0
 687 00e4 49       		.uleb128 0x49
 688 00e5 13       		.uleb128 0x13
 689 00e6 00       		.byte	0
 690 00e7 00       		.byte	0
 691 00e8 13       		.uleb128 0x13
 692 00e9 2E       		.uleb128 0x2e
 693 00ea 00       		.byte	0
 694 00eb 3F       		.uleb128 0x3f
 695 00ec 19       		.uleb128 0x19
 696 00ed 3C       		.uleb128 0x3c
 697 00ee 19       		.uleb128 0x19
 698 00ef 6E       		.uleb128 0x6e
 699 00f0 0E       		.uleb128 0xe
 700 00f1 03       		.uleb128 0x3
 701 00f2 0E       		.uleb128 0xe
 702 00f3 3A       		.uleb128 0x3a
 703 00f4 0B       		.uleb128 0xb
 704 00f5 3B       		.uleb128 0x3b
 705 00f6 0B       		.uleb128 0xb
 706 00f7 00       		.byte	0
 707 00f8 00       		.byte	0
 708 00f9 00       		.byte	0
 709              		.section	.debug_loc,"",%progbits
 710              	.Ldebug_loc0:
 711              	.LLST0:
 712 0000 00000000 		.4byte	.LVL1
 713 0004 04000000 		.4byte	.LVL2
 714 0008 0100     		.2byte	0x1
 715 000a 50       		.byte	0x50
 716 000b 04000000 		.4byte	.LVL2
 717 000f 0A000000 		.4byte	.LFE65
 718 0013 0400     		.2byte	0x4
 719 0015 F3       		.byte	0xf3
 720 0016 01       		.uleb128 0x1
 721 0017 50       		.byte	0x50
 722 0018 9F       		.byte	0x9f
 723 0019 00000000 		.4byte	0
 724 001d 00000000 		.4byte	0
 725              	.LLST1:
 726 0021 00000000 		.4byte	.LVL4
 727 0025 0C000000 		.4byte	.LVL6
 728 0029 0100     		.2byte	0x1
 729 002b 50       		.byte	0x50
ARM GAS  C:\Users\dibiana1\AppData\Local\Temp\ccCPoh0U.s 			page 15


 730 002c 0C000000 		.4byte	.LVL6
 731 0030 3C000000 		.4byte	.LFE66
 732 0034 0100     		.2byte	0x1
 733 0036 57       		.byte	0x57
 734 0037 00000000 		.4byte	0
 735 003b 00000000 		.4byte	0
 736              	.LLST2:
 737 003f 00000000 		.4byte	.LVL4
 738 0043 0C000000 		.4byte	.LVL6
 739 0047 0100     		.2byte	0x1
 740 0049 51       		.byte	0x51
 741 004a 0C000000 		.4byte	.LVL6
 742 004e 3C000000 		.4byte	.LFE66
 743 0052 0100     		.2byte	0x1
 744 0054 56       		.byte	0x56
 745 0055 00000000 		.4byte	0
 746 0059 00000000 		.4byte	0
 747              	.LLST3:
 748 005d 00000000 		.4byte	.LVL4
 749 0061 0C000000 		.4byte	.LVL6
 750 0065 0100     		.2byte	0x1
 751 0067 52       		.byte	0x52
 752 0068 0C000000 		.4byte	.LVL6
 753 006c 3C000000 		.4byte	.LFE66
 754 0070 0100     		.2byte	0x1
 755 0072 54       		.byte	0x54
 756 0073 00000000 		.4byte	0
 757 0077 00000000 		.4byte	0
 758              	.LLST4:
 759 007b 08000000 		.4byte	.LVL5
 760 007f 0C000000 		.4byte	.LVL6
 761 0083 0200     		.2byte	0x2
 762 0085 30       		.byte	0x30
 763 0086 9F       		.byte	0x9f
 764 0087 0C000000 		.4byte	.LVL6
 765 008b 3C000000 		.4byte	.LFE66
 766 008f 0100     		.2byte	0x1
 767 0091 55       		.byte	0x55
 768 0092 00000000 		.4byte	0
 769 0096 00000000 		.4byte	0
 770              		.section	.debug_aranges,"",%progbits
 771 0000 2C000000 		.4byte	0x2c
 772 0004 0200     		.2byte	0x2
 773 0006 00000000 		.4byte	.Ldebug_info0
 774 000a 04       		.byte	0x4
 775 000b 00       		.byte	0
 776 000c 0000     		.2byte	0
 777 000e 0000     		.2byte	0
 778 0010 00000000 		.4byte	.LFB64
 779 0014 50000000 		.4byte	.LFE64-.LFB64
 780 0018 00000000 		.4byte	.LFB65
 781 001c 0A000000 		.4byte	.LFE65-.LFB65
 782 0020 00000000 		.4byte	.LFB66
 783 0024 3C000000 		.4byte	.LFE66-.LFB66
 784 0028 00000000 		.4byte	0
 785 002c 00000000 		.4byte	0
 786              		.section	.debug_ranges,"",%progbits
ARM GAS  C:\Users\dibiana1\AppData\Local\Temp\ccCPoh0U.s 			page 16


 787              	.Ldebug_ranges0:
 788 0000 00000000 		.4byte	.LFB64
 789 0004 50000000 		.4byte	.LFE64
 790 0008 00000000 		.4byte	.LFB65
 791 000c 0A000000 		.4byte	.LFE65
 792 0010 00000000 		.4byte	.LFB66
 793 0014 3C000000 		.4byte	.LFE66
 794 0018 00000000 		.4byte	0
 795 001c 00000000 		.4byte	0
 796              		.section	.debug_line,"",%progbits
 797              	.Ldebug_line0:
 798 0000 FA010000 		.section	.debug_str,"MS",%progbits,1
 798      02008701 
 798      00000201 
 798      FB0E0D00 
 798      01010101 
 799              	.LASF27:
 800 0000 43794465 		.ascii	"CyDelayCycles\000"
 800      6C617943 
 800      79636C65 
 800      7300
 801              	.LASF4:
 802 000e 5F5F7569 		.ascii	"__uint8_t\000"
 802      6E74385F 
 802      7400
 803              	.LASF5:
 804 0018 5F5F696E 		.ascii	"__int32_t\000"
 804      7433325F 
 804      7400
 805              	.LASF31:
 806 0022 68656C70 		.ascii	"helper_functions.c\000"
 806      65725F66 
 806      756E6374 
 806      696F6E73 
 806      2E6300
 807              	.LASF21:
 808 0035 62797465 		.ascii	"byte\000"
 808      00
 809              	.LASF26:
 810 003a 4F55545F 		.ascii	"OUT_BYTE_Write\000"
 810      42595445 
 810      5F577269 
 810      746500
 811              	.LASF13:
 812 0049 666C6F61 		.ascii	"float\000"
 812      7400
 813              	.LASF1:
 814 004f 756E7369 		.ascii	"unsigned char\000"
 814      676E6564 
 814      20636861 
 814      7200
 815              	.LASF30:
 816 005d 474E5520 		.ascii	"GNU C11 5.4.1 20160609 (release) [ARM/embedded-5-br"
 816      43313120 
 816      352E342E 
 816      31203230 
 816      31363036 
ARM GAS  C:\Users\dibiana1\AppData\Local\Temp\ccCPoh0U.s 			page 17


 817 0090 616E6368 		.ascii	"anch revision 237715] -mcpu=cortex-m3 -mthumb -g -O"
 817      20726576 
 817      6973696F 
 817      6E203233 
 817      37373135 
 818 00c3 67202D66 		.ascii	"g -ffunction-sections -ffat-lto-objects\000"
 818      66756E63 
 818      74696F6E 
 818      2D736563 
 818      74696F6E 
 819              	.LASF7:
 820 00eb 6C6F6E67 		.ascii	"long unsigned int\000"
 820      20756E73 
 820      69676E65 
 820      6420696E 
 820      7400
 821              	.LASF3:
 822 00fd 73686F72 		.ascii	"short unsigned int\000"
 822      7420756E 
 822      7369676E 
 822      65642069 
 822      6E7400
 823              	.LASF18:
 824 0110 7265715F 		.ascii	"req_user_values\000"
 824      75736572 
 824      5F76616C 
 824      75657300 
 825              	.LASF20:
 826 0120 61727261 		.ascii	"array\000"
 826      7900
 827              	.LASF33:
 828 0126 49544D5F 		.ascii	"ITM_RxBuffer\000"
 828      52784275 
 828      66666572 
 828      00
 829              	.LASF32:
 830 0133 483A5C53 		.ascii	"H:\\Senior-Project-2023\\PSoC\\HostDesign.cydsn\000"
 830      656E696F 
 830      722D5072 
 830      6F6A6563 
 830      742D3230 
 831              	.LASF14:
 832 0160 646F7562 		.ascii	"double\000"
 832      6C6500
 833              	.LASF24:
 834 0167 70736F63 		.ascii	"psoc_fpga_xfc\000"
 834      5F667067 
 834      615F7866 
 834      6300
 835              	.LASF29:
 836 0175 4832475F 		.ascii	"H2G_STRB_IN_Read\000"
 836      53545242 
 836      5F494E5F 
 836      52656164 
 836      00
 837              	.LASF2:
 838 0186 73686F72 		.ascii	"short int\000"
ARM GAS  C:\Users\dibiana1\AppData\Local\Temp\ccCPoh0U.s 			page 18


 838      7420696E 
 838      7400
 839              	.LASF22:
 840 0190 7265675F 		.ascii	"reg_write\000"
 840      77726974 
 840      6500
 841              	.LASF25:
 842 019a 66706761 		.ascii	"fpga_psoc_xfc\000"
 842      5F70736F 
 842      635F7866 
 842      6300
 843              	.LASF10:
 844 01a8 756E7369 		.ascii	"unsigned int\000"
 844      676E6564 
 844      20696E74 
 844      00
 845              	.LASF9:
 846 01b5 6C6F6E67 		.ascii	"long long unsigned int\000"
 846      206C6F6E 
 846      6720756E 
 846      7369676E 
 846      65642069 
 847              	.LASF11:
 848 01cc 75696E74 		.ascii	"uint8_t\000"
 848      385F7400 
 849              	.LASF28:
 850 01d4 4832475F 		.ascii	"H2G_STRB_OUT_Write\000"
 850      53545242 
 850      5F4F5554 
 850      5F577269 
 850      746500
 851              	.LASF12:
 852 01e7 696E7433 		.ascii	"int32_t\000"
 852      325F7400 
 853              	.LASF16:
 854 01ef 73697A65 		.ascii	"sizetype\000"
 854      74797065 
 854      00
 855              	.LASF8:
 856 01f8 6C6F6E67 		.ascii	"long long int\000"
 856      206C6F6E 
 856      6720696E 
 856      7400
 857              	.LASF15:
 858 0206 63686172 		.ascii	"char\000"
 858      00
 859              	.LASF19:
 860 020b 73656E64 		.ascii	"sendByte\000"
 860      42797465 
 860      00
 861              	.LASF6:
 862 0214 6C6F6E67 		.ascii	"long int\000"
 862      20696E74 
 862      00
 863              	.LASF23:
 864 021d 62797465 		.ascii	"bytes\000"
 864      7300
ARM GAS  C:\Users\dibiana1\AppData\Local\Temp\ccCPoh0U.s 			page 19


 865              	.LASF17:
 866 0223 6C6F6E67 		.ascii	"long double\000"
 866      20646F75 
 866      626C6500 
 867              	.LASF0:
 868 022f 7369676E 		.ascii	"signed char\000"
 868      65642063 
 868      68617200 
 869              		.ident	"GCC: (GNU Tools for ARM Embedded Processors) 5.4.1 20160609 (release) [ARM/embedded-5-bran
