ARM GAS  C:\Users\alexd\AppData\Local\Temp\ccspof4Z.s 			page 1


   1              		.syntax unified
   2              		.cpu cortex-m3
   3              		.fpu softvfp
   4              		.eabi_attribute 20, 1
   5              		.eabi_attribute 21, 1
   6              		.eabi_attribute 23, 3
   7              		.eabi_attribute 24, 1
   8              		.eabi_attribute 25, 1
   9              		.eabi_attribute 26, 1
  10              		.eabi_attribute 30, 2
  11              		.eabi_attribute 34, 1
  12              		.eabi_attribute 18, 4
  13              		.thumb
  14              		.syntax unified
  15              		.file	"LCD_LCDPort.c"
  16              		.text
  17              	.Ltext0:
  18              		.cfi_sections	.debug_frame
  19              		.section	.text.LCD_LCDPort_Write,"ax",%progbits
  20              		.align	2
  21              		.global	LCD_LCDPort_Write
  22              		.thumb
  23              		.thumb_func
  24              		.type	LCD_LCDPort_Write, %function
  25              	LCD_LCDPort_Write:
  26              	.LFB0:
  27              		.file 1 "Generated_Source\\PSoC5\\LCD_LCDPort.c"
   1:Generated_Source\PSoC5/LCD_LCDPort.c **** /*******************************************************************************
   2:Generated_Source\PSoC5/LCD_LCDPort.c **** * File Name: LCD_LCDPort.c  
   3:Generated_Source\PSoC5/LCD_LCDPort.c **** * Version 2.20
   4:Generated_Source\PSoC5/LCD_LCDPort.c **** *
   5:Generated_Source\PSoC5/LCD_LCDPort.c **** * Description:
   6:Generated_Source\PSoC5/LCD_LCDPort.c **** *  This file contains API to enable firmware control of a Pins component.
   7:Generated_Source\PSoC5/LCD_LCDPort.c **** *
   8:Generated_Source\PSoC5/LCD_LCDPort.c **** * Note:
   9:Generated_Source\PSoC5/LCD_LCDPort.c **** *
  10:Generated_Source\PSoC5/LCD_LCDPort.c **** ********************************************************************************
  11:Generated_Source\PSoC5/LCD_LCDPort.c **** * Copyright 2008-2015, Cypress Semiconductor Corporation.  All rights reserved.
  12:Generated_Source\PSoC5/LCD_LCDPort.c **** * You may use this file only in accordance with the license, terms, conditions, 
  13:Generated_Source\PSoC5/LCD_LCDPort.c **** * disclaimers, and limitations in the end user license agreement accompanying 
  14:Generated_Source\PSoC5/LCD_LCDPort.c **** * the software package with which this file was provided.
  15:Generated_Source\PSoC5/LCD_LCDPort.c **** *******************************************************************************/
  16:Generated_Source\PSoC5/LCD_LCDPort.c **** 
  17:Generated_Source\PSoC5/LCD_LCDPort.c **** #include "cytypes.h"
  18:Generated_Source\PSoC5/LCD_LCDPort.c **** #include "LCD_LCDPort.h"
  19:Generated_Source\PSoC5/LCD_LCDPort.c **** 
  20:Generated_Source\PSoC5/LCD_LCDPort.c **** /* APIs are not generated for P15[7:6] on PSoC 5 */
  21:Generated_Source\PSoC5/LCD_LCDPort.c **** #if !(CY_PSOC5A &&\
  22:Generated_Source\PSoC5/LCD_LCDPort.c **** 	 LCD_LCDPort__PORT == 15 && ((LCD_LCDPort__MASK & 0xC0) != 0))
  23:Generated_Source\PSoC5/LCD_LCDPort.c **** 
  24:Generated_Source\PSoC5/LCD_LCDPort.c **** 
  25:Generated_Source\PSoC5/LCD_LCDPort.c **** /*******************************************************************************
  26:Generated_Source\PSoC5/LCD_LCDPort.c **** * Function Name: LCD_LCDPort_Write
  27:Generated_Source\PSoC5/LCD_LCDPort.c **** ****************************************************************************//**
  28:Generated_Source\PSoC5/LCD_LCDPort.c **** *
  29:Generated_Source\PSoC5/LCD_LCDPort.c **** * \brief Writes the value to the physical port (data output register), masking
  30:Generated_Source\PSoC5/LCD_LCDPort.c **** *  and shifting the bits appropriately. 
ARM GAS  C:\Users\alexd\AppData\Local\Temp\ccspof4Z.s 			page 2


  31:Generated_Source\PSoC5/LCD_LCDPort.c **** *
  32:Generated_Source\PSoC5/LCD_LCDPort.c **** * The data output register controls the signal applied to the physical pin in 
  33:Generated_Source\PSoC5/LCD_LCDPort.c **** * conjunction with the drive mode parameter. This function avoids changing 
  34:Generated_Source\PSoC5/LCD_LCDPort.c **** * other bits in the port by using the appropriate method (read-modify-write or
  35:Generated_Source\PSoC5/LCD_LCDPort.c **** * bit banding).
  36:Generated_Source\PSoC5/LCD_LCDPort.c **** *
  37:Generated_Source\PSoC5/LCD_LCDPort.c **** * <b>Note</b> This function should not be used on a hardware digital output pin 
  38:Generated_Source\PSoC5/LCD_LCDPort.c **** * as it is driven by the hardware signal attached to it.
  39:Generated_Source\PSoC5/LCD_LCDPort.c **** *
  40:Generated_Source\PSoC5/LCD_LCDPort.c **** * \param value
  41:Generated_Source\PSoC5/LCD_LCDPort.c **** *  Value to write to the component instance.
  42:Generated_Source\PSoC5/LCD_LCDPort.c **** *
  43:Generated_Source\PSoC5/LCD_LCDPort.c **** * \return 
  44:Generated_Source\PSoC5/LCD_LCDPort.c **** *  None 
  45:Generated_Source\PSoC5/LCD_LCDPort.c **** *
  46:Generated_Source\PSoC5/LCD_LCDPort.c **** * \sideeffect
  47:Generated_Source\PSoC5/LCD_LCDPort.c **** *  If you use read-modify-write operations that are not atomic; the Interrupt 
  48:Generated_Source\PSoC5/LCD_LCDPort.c **** *  Service Routines (ISR) can cause corruption of this function. An ISR that 
  49:Generated_Source\PSoC5/LCD_LCDPort.c **** *  interrupts this function and performs writes to the Pins component data 
  50:Generated_Source\PSoC5/LCD_LCDPort.c **** *  register can cause corrupted port data. To avoid this issue, you should 
  51:Generated_Source\PSoC5/LCD_LCDPort.c **** *  either use the Per-Pin APIs (primary method) or disable interrupts around 
  52:Generated_Source\PSoC5/LCD_LCDPort.c **** *  this function.
  53:Generated_Source\PSoC5/LCD_LCDPort.c **** *
  54:Generated_Source\PSoC5/LCD_LCDPort.c **** * \funcusage
  55:Generated_Source\PSoC5/LCD_LCDPort.c **** *  \snippet LCD_LCDPort_SUT.c usage_LCD_LCDPort_Write
  56:Generated_Source\PSoC5/LCD_LCDPort.c **** *******************************************************************************/
  57:Generated_Source\PSoC5/LCD_LCDPort.c **** void LCD_LCDPort_Write(uint8 value)
  58:Generated_Source\PSoC5/LCD_LCDPort.c **** {
  28              		.loc 1 58 0
  29              		.cfi_startproc
  30              		@ args = 0, pretend = 0, frame = 0
  31              		@ frame_needed = 0, uses_anonymous_args = 0
  32              		@ link register save eliminated.
  33              	.LVL0:
  59:Generated_Source\PSoC5/LCD_LCDPort.c ****     uint8 staticBits = (LCD_LCDPort_DR & (uint8)(~LCD_LCDPort_MASK));
  34              		.loc 1 59 0
  35 0000 044A     		ldr	r2, .L2
  60:Generated_Source\PSoC5/LCD_LCDPort.c ****     LCD_LCDPort_DR = staticBits | ((uint8)(value << LCD_LCDPort_SHIFT) & LCD_LCDPort_MASK);
  36              		.loc 1 60 0
  37 0002 00F07F00 		and	r0, r0, #127
  38              	.LVL1:
  59:Generated_Source\PSoC5/LCD_LCDPort.c ****     uint8 staticBits = (LCD_LCDPort_DR & (uint8)(~LCD_LCDPort_MASK));
  39              		.loc 1 59 0
  40 0006 1378     		ldrb	r3, [r2]	@ zero_extendqisi2
  41              	.LVL2:
  42              		.loc 1 60 0
  43 0008 03F08003 		and	r3, r3, #128
  44              	.LVL3:
  45 000c 1843     		orrs	r0, r0, r3
  46 000e 1070     		strb	r0, [r2]
  47 0010 7047     		bx	lr
  48              	.L3:
  49 0012 00BF     		.align	2
  50              	.L2:
  51 0014 20510040 		.word	1073762592
  52              		.cfi_endproc
  53              	.LFE0:
ARM GAS  C:\Users\alexd\AppData\Local\Temp\ccspof4Z.s 			page 3


  54              		.size	LCD_LCDPort_Write, .-LCD_LCDPort_Write
  55              		.section	.text.LCD_LCDPort_SetDriveMode,"ax",%progbits
  56              		.align	2
  57              		.global	LCD_LCDPort_SetDriveMode
  58              		.thumb
  59              		.thumb_func
  60              		.type	LCD_LCDPort_SetDriveMode, %function
  61              	LCD_LCDPort_SetDriveMode:
  62              	.LFB1:
  61:Generated_Source\PSoC5/LCD_LCDPort.c **** }
  62:Generated_Source\PSoC5/LCD_LCDPort.c **** 
  63:Generated_Source\PSoC5/LCD_LCDPort.c **** 
  64:Generated_Source\PSoC5/LCD_LCDPort.c **** /*******************************************************************************
  65:Generated_Source\PSoC5/LCD_LCDPort.c **** * Function Name: LCD_LCDPort_SetDriveMode
  66:Generated_Source\PSoC5/LCD_LCDPort.c **** ****************************************************************************//**
  67:Generated_Source\PSoC5/LCD_LCDPort.c **** *
  68:Generated_Source\PSoC5/LCD_LCDPort.c **** * \brief Sets the drive mode for each of the Pins component's pins.
  69:Generated_Source\PSoC5/LCD_LCDPort.c **** * 
  70:Generated_Source\PSoC5/LCD_LCDPort.c **** * <b>Note</b> This affects all pins in the Pins component instance. Use the
  71:Generated_Source\PSoC5/LCD_LCDPort.c **** * Per-Pin APIs if you wish to control individual pin's drive modes.
  72:Generated_Source\PSoC5/LCD_LCDPort.c **** *
  73:Generated_Source\PSoC5/LCD_LCDPort.c **** * \param mode
  74:Generated_Source\PSoC5/LCD_LCDPort.c **** *  Mode for the selected signals. Valid options are documented in 
  75:Generated_Source\PSoC5/LCD_LCDPort.c **** *  \ref driveMode.
  76:Generated_Source\PSoC5/LCD_LCDPort.c **** *
  77:Generated_Source\PSoC5/LCD_LCDPort.c **** * \return
  78:Generated_Source\PSoC5/LCD_LCDPort.c **** *  None
  79:Generated_Source\PSoC5/LCD_LCDPort.c **** *
  80:Generated_Source\PSoC5/LCD_LCDPort.c **** * \sideeffect
  81:Generated_Source\PSoC5/LCD_LCDPort.c **** *  If you use read-modify-write operations that are not atomic, the ISR can
  82:Generated_Source\PSoC5/LCD_LCDPort.c **** *  cause corruption of this function. An ISR that interrupts this function 
  83:Generated_Source\PSoC5/LCD_LCDPort.c **** *  and performs writes to the Pins component Drive Mode registers can cause 
  84:Generated_Source\PSoC5/LCD_LCDPort.c **** *  corrupted port data. To avoid this issue, you should either use the Per-Pin
  85:Generated_Source\PSoC5/LCD_LCDPort.c **** *  APIs (primary method) or disable interrupts around this function.
  86:Generated_Source\PSoC5/LCD_LCDPort.c **** *
  87:Generated_Source\PSoC5/LCD_LCDPort.c **** * \funcusage
  88:Generated_Source\PSoC5/LCD_LCDPort.c **** *  \snippet LCD_LCDPort_SUT.c usage_LCD_LCDPort_SetDriveMode
  89:Generated_Source\PSoC5/LCD_LCDPort.c **** *******************************************************************************/
  90:Generated_Source\PSoC5/LCD_LCDPort.c **** void LCD_LCDPort_SetDriveMode(uint8 mode)
  91:Generated_Source\PSoC5/LCD_LCDPort.c **** {
  63              		.loc 1 91 0
  64              		.cfi_startproc
  65              		@ args = 0, pretend = 0, frame = 0
  66              		@ frame_needed = 0, uses_anonymous_args = 0
  67              		@ link register save eliminated.
  68              	.LVL4:
  92:Generated_Source\PSoC5/LCD_LCDPort.c **** 	CyPins_SetPinDriveMode(LCD_LCDPort_0, mode);
  69              		.loc 1 92 0
  70 0000 134A     		ldr	r2, .L5
  71 0002 00F00E00 		and	r0, r0, #14
  72              	.LVL5:
  73 0006 1378     		ldrb	r3, [r2]	@ zero_extendqisi2
  93:Generated_Source\PSoC5/LCD_LCDPort.c **** 	CyPins_SetPinDriveMode(LCD_LCDPort_1, mode);
  74              		.loc 1 93 0
  75 0008 1249     		ldr	r1, .L5+4
  92:Generated_Source\PSoC5/LCD_LCDPort.c **** 	CyPins_SetPinDriveMode(LCD_LCDPort_0, mode);
  76              		.loc 1 92 0
ARM GAS  C:\Users\alexd\AppData\Local\Temp\ccspof4Z.s 			page 4


  77 000a 03F0F103 		and	r3, r3, #241
  78 000e 0343     		orrs	r3, r3, r0
  79 0010 1370     		strb	r3, [r2]
  80              		.loc 1 93 0
  81 0012 0B78     		ldrb	r3, [r1]	@ zero_extendqisi2
  82 0014 03F0F103 		and	r3, r3, #241
  83 0018 0343     		orrs	r3, r3, r0
  84 001a 0B70     		strb	r3, [r1]
  94:Generated_Source\PSoC5/LCD_LCDPort.c **** 	CyPins_SetPinDriveMode(LCD_LCDPort_2, mode);
  85              		.loc 1 94 0
  86 001c 9378     		ldrb	r3, [r2, #2]	@ zero_extendqisi2
  87 001e 03F0F103 		and	r3, r3, #241
  88 0022 0343     		orrs	r3, r3, r0
  89 0024 9370     		strb	r3, [r2, #2]
  95:Generated_Source\PSoC5/LCD_LCDPort.c **** 	CyPins_SetPinDriveMode(LCD_LCDPort_3, mode);
  90              		.loc 1 95 0
  91 0026 8B78     		ldrb	r3, [r1, #2]	@ zero_extendqisi2
  92 0028 03F0F103 		and	r3, r3, #241
  93 002c 0343     		orrs	r3, r3, r0
  94 002e 8B70     		strb	r3, [r1, #2]
  96:Generated_Source\PSoC5/LCD_LCDPort.c **** 	CyPins_SetPinDriveMode(LCD_LCDPort_4, mode);
  95              		.loc 1 96 0
  96 0030 1379     		ldrb	r3, [r2, #4]	@ zero_extendqisi2
  97 0032 03F0F103 		and	r3, r3, #241
  98 0036 0343     		orrs	r3, r3, r0
  99 0038 1371     		strb	r3, [r2, #4]
  97:Generated_Source\PSoC5/LCD_LCDPort.c **** 	CyPins_SetPinDriveMode(LCD_LCDPort_5, mode);
 100              		.loc 1 97 0
 101 003a 0B79     		ldrb	r3, [r1, #4]	@ zero_extendqisi2
 102 003c 03F0F103 		and	r3, r3, #241
 103 0040 0343     		orrs	r3, r3, r0
 104 0042 0B71     		strb	r3, [r1, #4]
  98:Generated_Source\PSoC5/LCD_LCDPort.c **** 	CyPins_SetPinDriveMode(LCD_LCDPort_6, mode);
 105              		.loc 1 98 0
 106 0044 9379     		ldrb	r3, [r2, #6]	@ zero_extendqisi2
 107 0046 03F0F103 		and	r3, r3, #241
 108 004a 1843     		orrs	r0, r0, r3
 109 004c 9071     		strb	r0, [r2, #6]
 110 004e 7047     		bx	lr
 111              	.L6:
 112              		.align	2
 113              	.L5:
 114 0050 10500040 		.word	1073762320
 115 0054 11500040 		.word	1073762321
 116              		.cfi_endproc
 117              	.LFE1:
 118              		.size	LCD_LCDPort_SetDriveMode, .-LCD_LCDPort_SetDriveMode
 119              		.section	.text.LCD_LCDPort_Read,"ax",%progbits
 120              		.align	2
 121              		.global	LCD_LCDPort_Read
 122              		.thumb
 123              		.thumb_func
 124              		.type	LCD_LCDPort_Read, %function
 125              	LCD_LCDPort_Read:
 126              	.LFB2:
  99:Generated_Source\PSoC5/LCD_LCDPort.c **** }
 100:Generated_Source\PSoC5/LCD_LCDPort.c **** 
ARM GAS  C:\Users\alexd\AppData\Local\Temp\ccspof4Z.s 			page 5


 101:Generated_Source\PSoC5/LCD_LCDPort.c **** 
 102:Generated_Source\PSoC5/LCD_LCDPort.c **** /*******************************************************************************
 103:Generated_Source\PSoC5/LCD_LCDPort.c **** * Function Name: LCD_LCDPort_Read
 104:Generated_Source\PSoC5/LCD_LCDPort.c **** ****************************************************************************//**
 105:Generated_Source\PSoC5/LCD_LCDPort.c **** *
 106:Generated_Source\PSoC5/LCD_LCDPort.c **** * \brief Reads the associated physical port (pin status register) and masks 
 107:Generated_Source\PSoC5/LCD_LCDPort.c **** *  the required bits according to the width and bit position of the component
 108:Generated_Source\PSoC5/LCD_LCDPort.c **** *  instance. 
 109:Generated_Source\PSoC5/LCD_LCDPort.c **** *
 110:Generated_Source\PSoC5/LCD_LCDPort.c **** * The pin's status register returns the current logic level present on the 
 111:Generated_Source\PSoC5/LCD_LCDPort.c **** * physical pin.
 112:Generated_Source\PSoC5/LCD_LCDPort.c **** *
 113:Generated_Source\PSoC5/LCD_LCDPort.c **** * \return 
 114:Generated_Source\PSoC5/LCD_LCDPort.c **** *  The current value for the pins in the component as a right justified number.
 115:Generated_Source\PSoC5/LCD_LCDPort.c **** *
 116:Generated_Source\PSoC5/LCD_LCDPort.c **** * \funcusage
 117:Generated_Source\PSoC5/LCD_LCDPort.c **** *  \snippet LCD_LCDPort_SUT.c usage_LCD_LCDPort_Read  
 118:Generated_Source\PSoC5/LCD_LCDPort.c **** *******************************************************************************/
 119:Generated_Source\PSoC5/LCD_LCDPort.c **** uint8 LCD_LCDPort_Read(void)
 120:Generated_Source\PSoC5/LCD_LCDPort.c **** {
 127              		.loc 1 120 0
 128              		.cfi_startproc
 129              		@ args = 0, pretend = 0, frame = 0
 130              		@ frame_needed = 0, uses_anonymous_args = 0
 131              		@ link register save eliminated.
 121:Generated_Source\PSoC5/LCD_LCDPort.c ****     return (LCD_LCDPort_PS & LCD_LCDPort_MASK) >> LCD_LCDPort_SHIFT;
 132              		.loc 1 121 0
 133 0000 024B     		ldr	r3, .L8
 134 0002 1878     		ldrb	r0, [r3]	@ zero_extendqisi2
 122:Generated_Source\PSoC5/LCD_LCDPort.c **** }
 135              		.loc 1 122 0
 136 0004 00F07F00 		and	r0, r0, #127
 137 0008 7047     		bx	lr
 138              	.L9:
 139 000a 00BF     		.align	2
 140              	.L8:
 141 000c 21510040 		.word	1073762593
 142              		.cfi_endproc
 143              	.LFE2:
 144              		.size	LCD_LCDPort_Read, .-LCD_LCDPort_Read
 145              		.section	.text.LCD_LCDPort_ReadDataReg,"ax",%progbits
 146              		.align	2
 147              		.global	LCD_LCDPort_ReadDataReg
 148              		.thumb
 149              		.thumb_func
 150              		.type	LCD_LCDPort_ReadDataReg, %function
 151              	LCD_LCDPort_ReadDataReg:
 152              	.LFB3:
 123:Generated_Source\PSoC5/LCD_LCDPort.c **** 
 124:Generated_Source\PSoC5/LCD_LCDPort.c **** 
 125:Generated_Source\PSoC5/LCD_LCDPort.c **** /*******************************************************************************
 126:Generated_Source\PSoC5/LCD_LCDPort.c **** * Function Name: LCD_LCDPort_ReadDataReg
 127:Generated_Source\PSoC5/LCD_LCDPort.c **** ****************************************************************************//**
 128:Generated_Source\PSoC5/LCD_LCDPort.c **** *
 129:Generated_Source\PSoC5/LCD_LCDPort.c **** * \brief Reads the associated physical port's data output register and masks 
 130:Generated_Source\PSoC5/LCD_LCDPort.c **** *  the correct bits according to the width and bit position of the component 
 131:Generated_Source\PSoC5/LCD_LCDPort.c **** *  instance. 
ARM GAS  C:\Users\alexd\AppData\Local\Temp\ccspof4Z.s 			page 6


 132:Generated_Source\PSoC5/LCD_LCDPort.c **** *
 133:Generated_Source\PSoC5/LCD_LCDPort.c **** * The data output register controls the signal applied to the physical pin in 
 134:Generated_Source\PSoC5/LCD_LCDPort.c **** * conjunction with the drive mode parameter. This is not the same as the 
 135:Generated_Source\PSoC5/LCD_LCDPort.c **** * preferred LCD_LCDPort_Read() API because the 
 136:Generated_Source\PSoC5/LCD_LCDPort.c **** * LCD_LCDPort_ReadDataReg() reads the data register instead of the status 
 137:Generated_Source\PSoC5/LCD_LCDPort.c **** * register. For output pins this is a useful function to determine the value 
 138:Generated_Source\PSoC5/LCD_LCDPort.c **** * just written to the pin.
 139:Generated_Source\PSoC5/LCD_LCDPort.c **** *
 140:Generated_Source\PSoC5/LCD_LCDPort.c **** * \return 
 141:Generated_Source\PSoC5/LCD_LCDPort.c **** *  The current value of the data register masked and shifted into a right 
 142:Generated_Source\PSoC5/LCD_LCDPort.c **** *  justified number for the component instance.
 143:Generated_Source\PSoC5/LCD_LCDPort.c **** *
 144:Generated_Source\PSoC5/LCD_LCDPort.c **** * \funcusage
 145:Generated_Source\PSoC5/LCD_LCDPort.c **** *  \snippet LCD_LCDPort_SUT.c usage_LCD_LCDPort_ReadDataReg 
 146:Generated_Source\PSoC5/LCD_LCDPort.c **** *******************************************************************************/
 147:Generated_Source\PSoC5/LCD_LCDPort.c **** uint8 LCD_LCDPort_ReadDataReg(void)
 148:Generated_Source\PSoC5/LCD_LCDPort.c **** {
 153              		.loc 1 148 0
 154              		.cfi_startproc
 155              		@ args = 0, pretend = 0, frame = 0
 156              		@ frame_needed = 0, uses_anonymous_args = 0
 157              		@ link register save eliminated.
 149:Generated_Source\PSoC5/LCD_LCDPort.c ****     return (LCD_LCDPort_DR & LCD_LCDPort_MASK) >> LCD_LCDPort_SHIFT;
 158              		.loc 1 149 0
 159 0000 024B     		ldr	r3, .L11
 160 0002 1878     		ldrb	r0, [r3]	@ zero_extendqisi2
 150:Generated_Source\PSoC5/LCD_LCDPort.c **** }
 161              		.loc 1 150 0
 162 0004 00F07F00 		and	r0, r0, #127
 163 0008 7047     		bx	lr
 164              	.L12:
 165 000a 00BF     		.align	2
 166              	.L11:
 167 000c 20510040 		.word	1073762592
 168              		.cfi_endproc
 169              	.LFE3:
 170              		.size	LCD_LCDPort_ReadDataReg, .-LCD_LCDPort_ReadDataReg
 171              		.text
 172              	.Letext0:
 173              		.file 2 "Generated_Source\\PSoC5\\cytypes.h"
 174              		.section	.debug_info,"",%progbits
 175              	.Ldebug_info0:
 176 0000 1D010000 		.4byte	0x11d
 177 0004 0400     		.2byte	0x4
 178 0006 00000000 		.4byte	.Ldebug_abbrev0
 179 000a 04       		.byte	0x4
 180 000b 01       		.uleb128 0x1
 181 000c 00000000 		.4byte	.LASF20
 182 0010 0C       		.byte	0xc
 183 0011 07010000 		.4byte	.LASF21
 184 0015 BE010000 		.4byte	.LASF22
 185 0019 00000000 		.4byte	.Ldebug_ranges0+0
 186 001d 00000000 		.4byte	0
 187 0021 00000000 		.4byte	.Ldebug_line0
 188 0025 02       		.uleb128 0x2
 189 0026 01       		.byte	0x1
 190 0027 06       		.byte	0x6
ARM GAS  C:\Users\alexd\AppData\Local\Temp\ccspof4Z.s 			page 7


 191 0028 B2010000 		.4byte	.LASF0
 192 002c 02       		.uleb128 0x2
 193 002d 01       		.byte	0x1
 194 002e 08       		.byte	0x8
 195 002f D7000000 		.4byte	.LASF1
 196 0033 02       		.uleb128 0x2
 197 0034 02       		.byte	0x2
 198 0035 05       		.byte	0x5
 199 0036 88010000 		.4byte	.LASF2
 200 003a 02       		.uleb128 0x2
 201 003b 02       		.byte	0x2
 202 003c 07       		.byte	0x7
 203 003d A6000000 		.4byte	.LASF3
 204 0041 02       		.uleb128 0x2
 205 0042 04       		.byte	0x4
 206 0043 05       		.byte	0x5
 207 0044 A9010000 		.4byte	.LASF4
 208 0048 02       		.uleb128 0x2
 209 0049 04       		.byte	0x4
 210 004a 07       		.byte	0x7
 211 004b F5000000 		.4byte	.LASF5
 212 004f 02       		.uleb128 0x2
 213 0050 08       		.byte	0x8
 214 0051 05       		.byte	0x5
 215 0052 75010000 		.4byte	.LASF6
 216 0056 02       		.uleb128 0x2
 217 0057 08       		.byte	0x8
 218 0058 07       		.byte	0x7
 219 0059 59010000 		.4byte	.LASF7
 220 005d 03       		.uleb128 0x3
 221 005e 04       		.byte	0x4
 222 005f 05       		.byte	0x5
 223 0060 696E7400 		.ascii	"int\000"
 224 0064 02       		.uleb128 0x2
 225 0065 04       		.byte	0x4
 226 0066 07       		.byte	0x7
 227 0067 4C010000 		.4byte	.LASF8
 228 006b 04       		.uleb128 0x4
 229 006c 92010000 		.4byte	.LASF12
 230 0070 02       		.byte	0x2
 231 0071 E901     		.2byte	0x1e9
 232 0073 2C000000 		.4byte	0x2c
 233 0077 02       		.uleb128 0x2
 234 0078 04       		.byte	0x4
 235 0079 04       		.byte	0x4
 236 007a D1000000 		.4byte	.LASF9
 237 007e 02       		.uleb128 0x2
 238 007f 08       		.byte	0x8
 239 0080 04       		.byte	0x4
 240 0081 45010000 		.4byte	.LASF10
 241 0085 02       		.uleb128 0x2
 242 0086 01       		.byte	0x1
 243 0087 08       		.byte	0x8
 244 0088 83010000 		.4byte	.LASF11
 245 008c 04       		.uleb128 0x4
 246 008d F0000000 		.4byte	.LASF13
 247 0091 02       		.byte	0x2
ARM GAS  C:\Users\alexd\AppData\Local\Temp\ccspof4Z.s 			page 8


 248 0092 9302     		.2byte	0x293
 249 0094 98000000 		.4byte	0x98
 250 0098 05       		.uleb128 0x5
 251 0099 6B000000 		.4byte	0x6b
 252 009d 06       		.uleb128 0x6
 253 009e 94000000 		.4byte	.LASF14
 254 00a2 01       		.byte	0x1
 255 00a3 39       		.byte	0x39
 256 00a4 00000000 		.4byte	.LFB0
 257 00a8 18000000 		.4byte	.LFE0-.LFB0
 258 00ac 01       		.uleb128 0x1
 259 00ad 9C       		.byte	0x9c
 260 00ae D1000000 		.4byte	0xd1
 261 00b2 07       		.uleb128 0x7
 262 00b3 8E000000 		.4byte	.LASF16
 263 00b7 01       		.byte	0x1
 264 00b8 39       		.byte	0x39
 265 00b9 6B000000 		.4byte	0x6b
 266 00bd 00000000 		.4byte	.LLST0
 267 00c1 08       		.uleb128 0x8
 268 00c2 E5000000 		.4byte	.LASF23
 269 00c6 01       		.byte	0x1
 270 00c7 3B       		.byte	0x3b
 271 00c8 6B000000 		.4byte	0x6b
 272 00cc 21000000 		.4byte	.LLST1
 273 00d0 00       		.byte	0
 274 00d1 06       		.uleb128 0x6
 275 00d2 2C010000 		.4byte	.LASF15
 276 00d6 01       		.byte	0x1
 277 00d7 5A       		.byte	0x5a
 278 00d8 00000000 		.4byte	.LFB1
 279 00dc 58000000 		.4byte	.LFE1-.LFB1
 280 00e0 01       		.uleb128 0x1
 281 00e1 9C       		.byte	0x9c
 282 00e2 F6000000 		.4byte	0xf6
 283 00e6 07       		.uleb128 0x7
 284 00e7 70010000 		.4byte	.LASF17
 285 00eb 01       		.byte	0x1
 286 00ec 5A       		.byte	0x5a
 287 00ed 6B000000 		.4byte	0x6b
 288 00f1 39000000 		.4byte	.LLST2
 289 00f5 00       		.byte	0
 290 00f6 09       		.uleb128 0x9
 291 00f7 98010000 		.4byte	.LASF18
 292 00fb 01       		.byte	0x1
 293 00fc 77       		.byte	0x77
 294 00fd 6B000000 		.4byte	0x6b
 295 0101 00000000 		.4byte	.LFB2
 296 0105 10000000 		.4byte	.LFE2-.LFB2
 297 0109 01       		.uleb128 0x1
 298 010a 9C       		.byte	0x9c
 299 010b 09       		.uleb128 0x9
 300 010c B9000000 		.4byte	.LASF19
 301 0110 01       		.byte	0x1
 302 0111 93       		.byte	0x93
 303 0112 6B000000 		.4byte	0x6b
 304 0116 00000000 		.4byte	.LFB3
ARM GAS  C:\Users\alexd\AppData\Local\Temp\ccspof4Z.s 			page 9


 305 011a 10000000 		.4byte	.LFE3-.LFB3
 306 011e 01       		.uleb128 0x1
 307 011f 9C       		.byte	0x9c
 308 0120 00       		.byte	0
 309              		.section	.debug_abbrev,"",%progbits
 310              	.Ldebug_abbrev0:
 311 0000 01       		.uleb128 0x1
 312 0001 11       		.uleb128 0x11
 313 0002 01       		.byte	0x1
 314 0003 25       		.uleb128 0x25
 315 0004 0E       		.uleb128 0xe
 316 0005 13       		.uleb128 0x13
 317 0006 0B       		.uleb128 0xb
 318 0007 03       		.uleb128 0x3
 319 0008 0E       		.uleb128 0xe
 320 0009 1B       		.uleb128 0x1b
 321 000a 0E       		.uleb128 0xe
 322 000b 55       		.uleb128 0x55
 323 000c 17       		.uleb128 0x17
 324 000d 11       		.uleb128 0x11
 325 000e 01       		.uleb128 0x1
 326 000f 10       		.uleb128 0x10
 327 0010 17       		.uleb128 0x17
 328 0011 00       		.byte	0
 329 0012 00       		.byte	0
 330 0013 02       		.uleb128 0x2
 331 0014 24       		.uleb128 0x24
 332 0015 00       		.byte	0
 333 0016 0B       		.uleb128 0xb
 334 0017 0B       		.uleb128 0xb
 335 0018 3E       		.uleb128 0x3e
 336 0019 0B       		.uleb128 0xb
 337 001a 03       		.uleb128 0x3
 338 001b 0E       		.uleb128 0xe
 339 001c 00       		.byte	0
 340 001d 00       		.byte	0
 341 001e 03       		.uleb128 0x3
 342 001f 24       		.uleb128 0x24
 343 0020 00       		.byte	0
 344 0021 0B       		.uleb128 0xb
 345 0022 0B       		.uleb128 0xb
 346 0023 3E       		.uleb128 0x3e
 347 0024 0B       		.uleb128 0xb
 348 0025 03       		.uleb128 0x3
 349 0026 08       		.uleb128 0x8
 350 0027 00       		.byte	0
 351 0028 00       		.byte	0
 352 0029 04       		.uleb128 0x4
 353 002a 16       		.uleb128 0x16
 354 002b 00       		.byte	0
 355 002c 03       		.uleb128 0x3
 356 002d 0E       		.uleb128 0xe
 357 002e 3A       		.uleb128 0x3a
 358 002f 0B       		.uleb128 0xb
 359 0030 3B       		.uleb128 0x3b
 360 0031 05       		.uleb128 0x5
 361 0032 49       		.uleb128 0x49
ARM GAS  C:\Users\alexd\AppData\Local\Temp\ccspof4Z.s 			page 10


 362 0033 13       		.uleb128 0x13
 363 0034 00       		.byte	0
 364 0035 00       		.byte	0
 365 0036 05       		.uleb128 0x5
 366 0037 35       		.uleb128 0x35
 367 0038 00       		.byte	0
 368 0039 49       		.uleb128 0x49
 369 003a 13       		.uleb128 0x13
 370 003b 00       		.byte	0
 371 003c 00       		.byte	0
 372 003d 06       		.uleb128 0x6
 373 003e 2E       		.uleb128 0x2e
 374 003f 01       		.byte	0x1
 375 0040 3F       		.uleb128 0x3f
 376 0041 19       		.uleb128 0x19
 377 0042 03       		.uleb128 0x3
 378 0043 0E       		.uleb128 0xe
 379 0044 3A       		.uleb128 0x3a
 380 0045 0B       		.uleb128 0xb
 381 0046 3B       		.uleb128 0x3b
 382 0047 0B       		.uleb128 0xb
 383 0048 27       		.uleb128 0x27
 384 0049 19       		.uleb128 0x19
 385 004a 11       		.uleb128 0x11
 386 004b 01       		.uleb128 0x1
 387 004c 12       		.uleb128 0x12
 388 004d 06       		.uleb128 0x6
 389 004e 40       		.uleb128 0x40
 390 004f 18       		.uleb128 0x18
 391 0050 9742     		.uleb128 0x2117
 392 0052 19       		.uleb128 0x19
 393 0053 01       		.uleb128 0x1
 394 0054 13       		.uleb128 0x13
 395 0055 00       		.byte	0
 396 0056 00       		.byte	0
 397 0057 07       		.uleb128 0x7
 398 0058 05       		.uleb128 0x5
 399 0059 00       		.byte	0
 400 005a 03       		.uleb128 0x3
 401 005b 0E       		.uleb128 0xe
 402 005c 3A       		.uleb128 0x3a
 403 005d 0B       		.uleb128 0xb
 404 005e 3B       		.uleb128 0x3b
 405 005f 0B       		.uleb128 0xb
 406 0060 49       		.uleb128 0x49
 407 0061 13       		.uleb128 0x13
 408 0062 02       		.uleb128 0x2
 409 0063 17       		.uleb128 0x17
 410 0064 00       		.byte	0
 411 0065 00       		.byte	0
 412 0066 08       		.uleb128 0x8
 413 0067 34       		.uleb128 0x34
 414 0068 00       		.byte	0
 415 0069 03       		.uleb128 0x3
 416 006a 0E       		.uleb128 0xe
 417 006b 3A       		.uleb128 0x3a
 418 006c 0B       		.uleb128 0xb
ARM GAS  C:\Users\alexd\AppData\Local\Temp\ccspof4Z.s 			page 11


 419 006d 3B       		.uleb128 0x3b
 420 006e 0B       		.uleb128 0xb
 421 006f 49       		.uleb128 0x49
 422 0070 13       		.uleb128 0x13
 423 0071 02       		.uleb128 0x2
 424 0072 17       		.uleb128 0x17
 425 0073 00       		.byte	0
 426 0074 00       		.byte	0
 427 0075 09       		.uleb128 0x9
 428 0076 2E       		.uleb128 0x2e
 429 0077 00       		.byte	0
 430 0078 3F       		.uleb128 0x3f
 431 0079 19       		.uleb128 0x19
 432 007a 03       		.uleb128 0x3
 433 007b 0E       		.uleb128 0xe
 434 007c 3A       		.uleb128 0x3a
 435 007d 0B       		.uleb128 0xb
 436 007e 3B       		.uleb128 0x3b
 437 007f 0B       		.uleb128 0xb
 438 0080 27       		.uleb128 0x27
 439 0081 19       		.uleb128 0x19
 440 0082 49       		.uleb128 0x49
 441 0083 13       		.uleb128 0x13
 442 0084 11       		.uleb128 0x11
 443 0085 01       		.uleb128 0x1
 444 0086 12       		.uleb128 0x12
 445 0087 06       		.uleb128 0x6
 446 0088 40       		.uleb128 0x40
 447 0089 18       		.uleb128 0x18
 448 008a 9742     		.uleb128 0x2117
 449 008c 19       		.uleb128 0x19
 450 008d 00       		.byte	0
 451 008e 00       		.byte	0
 452 008f 00       		.byte	0
 453              		.section	.debug_loc,"",%progbits
 454              	.Ldebug_loc0:
 455              	.LLST0:
 456 0000 00000000 		.4byte	.LVL0
 457 0004 06000000 		.4byte	.LVL1
 458 0008 0100     		.2byte	0x1
 459 000a 50       		.byte	0x50
 460 000b 06000000 		.4byte	.LVL1
 461 000f 18000000 		.4byte	.LFE0
 462 0013 0400     		.2byte	0x4
 463 0015 F3       		.byte	0xf3
 464 0016 01       		.uleb128 0x1
 465 0017 50       		.byte	0x50
 466 0018 9F       		.byte	0x9f
 467 0019 00000000 		.4byte	0
 468 001d 00000000 		.4byte	0
 469              	.LLST1:
 470 0021 08000000 		.4byte	.LVL2
 471 0025 0C000000 		.4byte	.LVL3
 472 0029 0600     		.2byte	0x6
 473 002b 73       		.byte	0x73
 474 002c 00       		.sleb128 0
 475 002d 09       		.byte	0x9
ARM GAS  C:\Users\alexd\AppData\Local\Temp\ccspof4Z.s 			page 12


 476 002e 80       		.byte	0x80
 477 002f 1A       		.byte	0x1a
 478 0030 9F       		.byte	0x9f
 479 0031 00000000 		.4byte	0
 480 0035 00000000 		.4byte	0
 481              	.LLST2:
 482 0039 00000000 		.4byte	.LVL4
 483 003d 06000000 		.4byte	.LVL5
 484 0041 0100     		.2byte	0x1
 485 0043 50       		.byte	0x50
 486 0044 06000000 		.4byte	.LVL5
 487 0048 58000000 		.4byte	.LFE1
 488 004c 0400     		.2byte	0x4
 489 004e F3       		.byte	0xf3
 490 004f 01       		.uleb128 0x1
 491 0050 50       		.byte	0x50
 492 0051 9F       		.byte	0x9f
 493 0052 00000000 		.4byte	0
 494 0056 00000000 		.4byte	0
 495              		.section	.debug_aranges,"",%progbits
 496 0000 34000000 		.4byte	0x34
 497 0004 0200     		.2byte	0x2
 498 0006 00000000 		.4byte	.Ldebug_info0
 499 000a 04       		.byte	0x4
 500 000b 00       		.byte	0
 501 000c 0000     		.2byte	0
 502 000e 0000     		.2byte	0
 503 0010 00000000 		.4byte	.LFB0
 504 0014 18000000 		.4byte	.LFE0-.LFB0
 505 0018 00000000 		.4byte	.LFB1
 506 001c 58000000 		.4byte	.LFE1-.LFB1
 507 0020 00000000 		.4byte	.LFB2
 508 0024 10000000 		.4byte	.LFE2-.LFB2
 509 0028 00000000 		.4byte	.LFB3
 510 002c 10000000 		.4byte	.LFE3-.LFB3
 511 0030 00000000 		.4byte	0
 512 0034 00000000 		.4byte	0
 513              		.section	.debug_ranges,"",%progbits
 514              	.Ldebug_ranges0:
 515 0000 00000000 		.4byte	.LFB0
 516 0004 18000000 		.4byte	.LFE0
 517 0008 00000000 		.4byte	.LFB1
 518 000c 58000000 		.4byte	.LFE1
 519 0010 00000000 		.4byte	.LFB2
 520 0014 10000000 		.4byte	.LFE2
 521 0018 00000000 		.4byte	.LFB3
 522 001c 10000000 		.4byte	.LFE3
 523 0020 00000000 		.4byte	0
 524 0024 00000000 		.4byte	0
 525              		.section	.debug_line,"",%progbits
 526              	.Ldebug_line0:
 527 0000 9E000000 		.section	.debug_str,"MS",%progbits,1
 527      02004800 
 527      00000201 
 527      FB0E0D00 
 527      01010101 
 528              	.LASF20:
ARM GAS  C:\Users\alexd\AppData\Local\Temp\ccspof4Z.s 			page 13


 529 0000 474E5520 		.ascii	"GNU C11 5.4.1 20160609 (release) [ARM/embedded-5-br"
 529      43313120 
 529      352E342E 
 529      31203230 
 529      31363036 
 530 0033 616E6368 		.ascii	"anch revision 237715] -mcpu=cortex-m3 -mthumb -g -O"
 530      20726576 
 530      6973696F 
 530      6E203233 
 530      37373135 
 531 0066 33202D66 		.ascii	"3 -ffunction-sections -ffat-lto-objects\000"
 531      66756E63 
 531      74696F6E 
 531      2D736563 
 531      74696F6E 
 532              	.LASF16:
 533 008e 76616C75 		.ascii	"value\000"
 533      6500
 534              	.LASF14:
 535 0094 4C43445F 		.ascii	"LCD_LCDPort_Write\000"
 535      4C434450 
 535      6F72745F 
 535      57726974 
 535      6500
 536              	.LASF3:
 537 00a6 73686F72 		.ascii	"short unsigned int\000"
 537      7420756E 
 537      7369676E 
 537      65642069 
 537      6E7400
 538              	.LASF19:
 539 00b9 4C43445F 		.ascii	"LCD_LCDPort_ReadDataReg\000"
 539      4C434450 
 539      6F72745F 
 539      52656164 
 539      44617461 
 540              	.LASF9:
 541 00d1 666C6F61 		.ascii	"float\000"
 541      7400
 542              	.LASF1:
 543 00d7 756E7369 		.ascii	"unsigned char\000"
 543      676E6564 
 543      20636861 
 543      7200
 544              	.LASF23:
 545 00e5 73746174 		.ascii	"staticBits\000"
 545      69634269 
 545      747300
 546              	.LASF13:
 547 00f0 72656738 		.ascii	"reg8\000"
 547      00
 548              	.LASF5:
 549 00f5 6C6F6E67 		.ascii	"long unsigned int\000"
 549      20756E73 
 549      69676E65 
 549      6420696E 
 549      7400
ARM GAS  C:\Users\alexd\AppData\Local\Temp\ccspof4Z.s 			page 14


 550              	.LASF21:
 551 0107 47656E65 		.ascii	"Generated_Source\\PSoC5\\LCD_LCDPort.c\000"
 551      72617465 
 551      645F536F 
 551      75726365 
 551      5C50536F 
 552              	.LASF15:
 553 012c 4C43445F 		.ascii	"LCD_LCDPort_SetDriveMode\000"
 553      4C434450 
 553      6F72745F 
 553      53657444 
 553      72697665 
 554              	.LASF10:
 555 0145 646F7562 		.ascii	"double\000"
 555      6C6500
 556              	.LASF8:
 557 014c 756E7369 		.ascii	"unsigned int\000"
 557      676E6564 
 557      20696E74 
 557      00
 558              	.LASF7:
 559 0159 6C6F6E67 		.ascii	"long long unsigned int\000"
 559      206C6F6E 
 559      6720756E 
 559      7369676E 
 559      65642069 
 560              	.LASF17:
 561 0170 6D6F6465 		.ascii	"mode\000"
 561      00
 562              	.LASF6:
 563 0175 6C6F6E67 		.ascii	"long long int\000"
 563      206C6F6E 
 563      6720696E 
 563      7400
 564              	.LASF11:
 565 0183 63686172 		.ascii	"char\000"
 565      00
 566              	.LASF2:
 567 0188 73686F72 		.ascii	"short int\000"
 567      7420696E 
 567      7400
 568              	.LASF12:
 569 0192 75696E74 		.ascii	"uint8\000"
 569      3800
 570              	.LASF18:
 571 0198 4C43445F 		.ascii	"LCD_LCDPort_Read\000"
 571      4C434450 
 571      6F72745F 
 571      52656164 
 571      00
 572              	.LASF4:
 573 01a9 6C6F6E67 		.ascii	"long int\000"
 573      20696E74 
 573      00
 574              	.LASF0:
 575 01b2 7369676E 		.ascii	"signed char\000"
 575      65642063 
ARM GAS  C:\Users\alexd\AppData\Local\Temp\ccspof4Z.s 			page 15


 575      68617200 
 576              	.LASF22:
 577 01be 433A5C55 		.ascii	"C:\\Users\\alexd\\OneDrive\\Desktop\\Senior-Project"
 577      73657273 
 577      5C616C65 
 577      78645C4F 
 577      6E654472 
 578 01ec 2D323032 		.ascii	"-2023\\psoc\\HostDesign.cydsn\000"
 578      335C7073 
 578      6F635C48 
 578      6F737444 
 578      65736967 
 579              		.ident	"GCC: (GNU Tools for ARM Embedded Processors) 5.4.1 20160609 (release) [ARM/embedded-5-bran
