ARM GAS  C:\Users\dibiana1\AppData\Local\Temp\ccfdqNUa.s 			page 1


   1              		.syntax unified
   2              		.cpu cortex-m3
   3              		.fpu softvfp
   4              		.eabi_attribute 20, 1
   5              		.eabi_attribute 21, 1
   6              		.eabi_attribute 23, 3
   7              		.eabi_attribute 24, 1
   8              		.eabi_attribute 25, 1
   9              		.eabi_attribute 26, 1
  10              		.eabi_attribute 30, 2
  11              		.eabi_attribute 34, 1
  12              		.eabi_attribute 18, 4
  13              		.thumb
  14              		.syntax unified
  15              		.file	"LCD_PM.c"
  16              		.text
  17              	.Ltext0:
  18              		.cfi_sections	.debug_frame
  19              		.section	.text.LCD_SaveConfig,"ax",%progbits
  20              		.align	2
  21              		.global	LCD_SaveConfig
  22              		.thumb
  23              		.thumb_func
  24              		.type	LCD_SaveConfig, %function
  25              	LCD_SaveConfig:
  26              	.LFB5:
  27              		.cfi_startproc
  28              		@ args = 0, pretend = 0, frame = 0
  29              		@ frame_needed = 0, uses_anonymous_args = 0
  30              		@ link register save eliminated.
  31 0000 7047     		bx	lr
  32              		.cfi_endproc
  33              	.LFE5:
  34              		.size	LCD_SaveConfig, .-LCD_SaveConfig
  35 0002 00BF     		.section	.text.LCD_RestoreConfig,"ax",%progbits
  36              		.align	2
  37              		.global	LCD_RestoreConfig
  38              		.thumb
  39              		.thumb_func
  40              		.type	LCD_RestoreConfig, %function
  41              	LCD_RestoreConfig:
  42              	.LFB1:
  43              		.file 1 "Generated_Source\\PSoC5\\LCD_PM.c"
   1:Generated_Source\PSoC5/LCD_PM.c **** /*******************************************************************************
   2:Generated_Source\PSoC5/LCD_PM.c **** * File Name: LCD_PM.c
   3:Generated_Source\PSoC5/LCD_PM.c **** * Version 2.20
   4:Generated_Source\PSoC5/LCD_PM.c **** *
   5:Generated_Source\PSoC5/LCD_PM.c **** * Description:
   6:Generated_Source\PSoC5/LCD_PM.c **** *  This file provides the API source code for the Static Segment LCD component.
   7:Generated_Source\PSoC5/LCD_PM.c **** *
   8:Generated_Source\PSoC5/LCD_PM.c **** * Note:
   9:Generated_Source\PSoC5/LCD_PM.c **** *
  10:Generated_Source\PSoC5/LCD_PM.c **** ********************************************************************************
  11:Generated_Source\PSoC5/LCD_PM.c **** * Copyright 2008-2014, Cypress Semiconductor Corporation.  All rights reserved.
  12:Generated_Source\PSoC5/LCD_PM.c **** * You may use this file only in accordance with the license, terms, conditions,
  13:Generated_Source\PSoC5/LCD_PM.c **** * disclaimers, and limitations in the end user license agreement accompanying
  14:Generated_Source\PSoC5/LCD_PM.c **** * the software package with which this file was provided.
ARM GAS  C:\Users\dibiana1\AppData\Local\Temp\ccfdqNUa.s 			page 2


  15:Generated_Source\PSoC5/LCD_PM.c **** *******************************************************************************/
  16:Generated_Source\PSoC5/LCD_PM.c **** 
  17:Generated_Source\PSoC5/LCD_PM.c **** #include "LCD.h"
  18:Generated_Source\PSoC5/LCD_PM.c **** 
  19:Generated_Source\PSoC5/LCD_PM.c **** 
  20:Generated_Source\PSoC5/LCD_PM.c **** static LCD_BACKUP_STRUCT LCD_backup;
  21:Generated_Source\PSoC5/LCD_PM.c **** 
  22:Generated_Source\PSoC5/LCD_PM.c **** 
  23:Generated_Source\PSoC5/LCD_PM.c **** /*******************************************************************************
  24:Generated_Source\PSoC5/LCD_PM.c **** * Function Name: LCD_SaveConfig
  25:Generated_Source\PSoC5/LCD_PM.c **** ********************************************************************************
  26:Generated_Source\PSoC5/LCD_PM.c **** *
  27:Generated_Source\PSoC5/LCD_PM.c **** * Summary:
  28:Generated_Source\PSoC5/LCD_PM.c **** *  Does nothing, provided for consistency.
  29:Generated_Source\PSoC5/LCD_PM.c **** *
  30:Generated_Source\PSoC5/LCD_PM.c **** * Parameters:
  31:Generated_Source\PSoC5/LCD_PM.c **** *  None.
  32:Generated_Source\PSoC5/LCD_PM.c **** *
  33:Generated_Source\PSoC5/LCD_PM.c **** * Return:
  34:Generated_Source\PSoC5/LCD_PM.c **** *  None.
  35:Generated_Source\PSoC5/LCD_PM.c **** *
  36:Generated_Source\PSoC5/LCD_PM.c **** *******************************************************************************/
  37:Generated_Source\PSoC5/LCD_PM.c **** void LCD_SaveConfig(void) 
  38:Generated_Source\PSoC5/LCD_PM.c **** {
  39:Generated_Source\PSoC5/LCD_PM.c **** }
  40:Generated_Source\PSoC5/LCD_PM.c **** 
  41:Generated_Source\PSoC5/LCD_PM.c **** 
  42:Generated_Source\PSoC5/LCD_PM.c **** /*******************************************************************************
  43:Generated_Source\PSoC5/LCD_PM.c **** * Function Name: LCD_RestoreConfig
  44:Generated_Source\PSoC5/LCD_PM.c **** ********************************************************************************
  45:Generated_Source\PSoC5/LCD_PM.c **** *
  46:Generated_Source\PSoC5/LCD_PM.c **** * Summary:
  47:Generated_Source\PSoC5/LCD_PM.c **** *  Does nothing, provided for consistency.
  48:Generated_Source\PSoC5/LCD_PM.c **** *
  49:Generated_Source\PSoC5/LCD_PM.c **** * Parameters:
  50:Generated_Source\PSoC5/LCD_PM.c **** *  None.
  51:Generated_Source\PSoC5/LCD_PM.c **** *
  52:Generated_Source\PSoC5/LCD_PM.c **** * Return:
  53:Generated_Source\PSoC5/LCD_PM.c **** *  None.
  54:Generated_Source\PSoC5/LCD_PM.c **** *
  55:Generated_Source\PSoC5/LCD_PM.c **** *******************************************************************************/
  56:Generated_Source\PSoC5/LCD_PM.c **** void LCD_RestoreConfig(void) 
  57:Generated_Source\PSoC5/LCD_PM.c **** {
  44              		.loc 1 57 0
  45              		.cfi_startproc
  46              		@ args = 0, pretend = 0, frame = 0
  47              		@ frame_needed = 0, uses_anonymous_args = 0
  48              		@ link register save eliminated.
  49 0000 7047     		bx	lr
  50              		.cfi_endproc
  51              	.LFE1:
  52              		.size	LCD_RestoreConfig, .-LCD_RestoreConfig
  53 0002 00BF     		.section	.text.LCD_Sleep,"ax",%progbits
  54              		.align	2
  55              		.global	LCD_Sleep
  56              		.thumb
  57              		.thumb_func
ARM GAS  C:\Users\dibiana1\AppData\Local\Temp\ccfdqNUa.s 			page 3


  58              		.type	LCD_Sleep, %function
  59              	LCD_Sleep:
  60              	.LFB2:
  58:Generated_Source\PSoC5/LCD_PM.c **** }
  59:Generated_Source\PSoC5/LCD_PM.c **** 
  60:Generated_Source\PSoC5/LCD_PM.c **** 
  61:Generated_Source\PSoC5/LCD_PM.c **** /*******************************************************************************
  62:Generated_Source\PSoC5/LCD_PM.c **** * Function Name: LCD_Sleep
  63:Generated_Source\PSoC5/LCD_PM.c **** ********************************************************************************
  64:Generated_Source\PSoC5/LCD_PM.c **** *
  65:Generated_Source\PSoC5/LCD_PM.c **** * Summary:
  66:Generated_Source\PSoC5/LCD_PM.c **** *  Prepares the component for entering the sleep mode.
  67:Generated_Source\PSoC5/LCD_PM.c **** *
  68:Generated_Source\PSoC5/LCD_PM.c **** * Parameters:
  69:Generated_Source\PSoC5/LCD_PM.c **** *  None.
  70:Generated_Source\PSoC5/LCD_PM.c **** *
  71:Generated_Source\PSoC5/LCD_PM.c **** * Return:
  72:Generated_Source\PSoC5/LCD_PM.c **** *  None.
  73:Generated_Source\PSoC5/LCD_PM.c **** *
  74:Generated_Source\PSoC5/LCD_PM.c **** * Reentrant:
  75:Generated_Source\PSoC5/LCD_PM.c **** *  No.
  76:Generated_Source\PSoC5/LCD_PM.c **** *
  77:Generated_Source\PSoC5/LCD_PM.c **** *******************************************************************************/
  78:Generated_Source\PSoC5/LCD_PM.c **** void LCD_Sleep(void) 
  79:Generated_Source\PSoC5/LCD_PM.c **** {
  61              		.loc 1 79 0
  62              		.cfi_startproc
  63              		@ args = 0, pretend = 0, frame = 0
  64              		@ frame_needed = 0, uses_anonymous_args = 0
  65              		@ link register save eliminated.
  80:Generated_Source\PSoC5/LCD_PM.c ****     LCD_backup.enableState = LCD_enableState;
  66              		.loc 1 80 0
  67 0000 024A     		ldr	r2, .L4
  68 0002 034B     		ldr	r3, .L4+4
  69 0004 1278     		ldrb	r2, [r2]	@ zero_extendqisi2
  70 0006 1A70     		strb	r2, [r3]
  81:Generated_Source\PSoC5/LCD_PM.c ****     LCD_SaveConfig();
  82:Generated_Source\PSoC5/LCD_PM.c ****     LCD_Stop();
  71              		.loc 1 82 0
  72 0008 FFF7FEBF 		b	LCD_Stop
  73              	.LVL0:
  74              	.L5:
  75              		.align	2
  76              	.L4:
  77 000c 00000000 		.word	LCD_enableState
  78 0010 00000000 		.word	.LANCHOR0
  79              		.cfi_endproc
  80              	.LFE2:
  81              		.size	LCD_Sleep, .-LCD_Sleep
  82              		.section	.text.LCD_Wakeup,"ax",%progbits
  83              		.align	2
  84              		.global	LCD_Wakeup
  85              		.thumb
  86              		.thumb_func
  87              		.type	LCD_Wakeup, %function
  88              	LCD_Wakeup:
  89              	.LFB3:
ARM GAS  C:\Users\dibiana1\AppData\Local\Temp\ccfdqNUa.s 			page 4


  83:Generated_Source\PSoC5/LCD_PM.c **** }
  84:Generated_Source\PSoC5/LCD_PM.c **** 
  85:Generated_Source\PSoC5/LCD_PM.c **** 
  86:Generated_Source\PSoC5/LCD_PM.c **** /*******************************************************************************
  87:Generated_Source\PSoC5/LCD_PM.c **** * Function Name: LCD_Wakeup
  88:Generated_Source\PSoC5/LCD_PM.c **** ********************************************************************************
  89:Generated_Source\PSoC5/LCD_PM.c **** *
  90:Generated_Source\PSoC5/LCD_PM.c **** * Summary:
  91:Generated_Source\PSoC5/LCD_PM.c **** *  Wakes the component from sleep mode. Configures DMA and enables the component
  92:Generated_Source\PSoC5/LCD_PM.c **** *  for normal operation.
  93:Generated_Source\PSoC5/LCD_PM.c **** *
  94:Generated_Source\PSoC5/LCD_PM.c **** * Parameters:
  95:Generated_Source\PSoC5/LCD_PM.c **** *  LCD_enableState - Global variable.
  96:Generated_Source\PSoC5/LCD_PM.c **** *
  97:Generated_Source\PSoC5/LCD_PM.c **** * Return:
  98:Generated_Source\PSoC5/LCD_PM.c **** *  Status one of standard status for PSoC3 Component
  99:Generated_Source\PSoC5/LCD_PM.c **** *       CYRET_SUCCESS - Function completed successfully.
 100:Generated_Source\PSoC5/LCD_PM.c **** *       CYRET_LOCKED - The object was locked, already in use. Some of TDs or
 101:Generated_Source\PSoC5/LCD_PM.c **** *                      a channel already in use.
 102:Generated_Source\PSoC5/LCD_PM.c **** *
 103:Generated_Source\PSoC5/LCD_PM.c **** * Reentrant:
 104:Generated_Source\PSoC5/LCD_PM.c **** *  No.
 105:Generated_Source\PSoC5/LCD_PM.c **** *
 106:Generated_Source\PSoC5/LCD_PM.c **** *******************************************************************************/
 107:Generated_Source\PSoC5/LCD_PM.c **** void LCD_Wakeup(void) 
 108:Generated_Source\PSoC5/LCD_PM.c **** {
  90              		.loc 1 108 0
  91              		.cfi_startproc
  92              		@ args = 0, pretend = 0, frame = 0
  93              		@ frame_needed = 0, uses_anonymous_args = 0
  94              		@ link register save eliminated.
 109:Generated_Source\PSoC5/LCD_PM.c ****     LCD_RestoreConfig();
 110:Generated_Source\PSoC5/LCD_PM.c **** 
 111:Generated_Source\PSoC5/LCD_PM.c ****     if(LCD_backup.enableState == 1u)
  95              		.loc 1 111 0
  96 0000 034B     		ldr	r3, .L10
  97 0002 1B78     		ldrb	r3, [r3]	@ zero_extendqisi2
  98 0004 012B     		cmp	r3, #1
  99 0006 00D0     		beq	.L9
 100 0008 7047     		bx	lr
 101              	.L9:
 112:Generated_Source\PSoC5/LCD_PM.c ****     {
 113:Generated_Source\PSoC5/LCD_PM.c ****         LCD_Enable();
 102              		.loc 1 113 0
 103 000a FFF7FEBF 		b	LCD_Enable
 104              	.LVL1:
 105              	.L11:
 106 000e 00BF     		.align	2
 107              	.L10:
 108 0010 00000000 		.word	.LANCHOR0
 109              		.cfi_endproc
 110              	.LFE3:
 111              		.size	LCD_Wakeup, .-LCD_Wakeup
 112              		.bss
 113              		.align	2
 114              		.set	.LANCHOR0,. + 0
 115              		.type	LCD_backup, %object
ARM GAS  C:\Users\dibiana1\AppData\Local\Temp\ccfdqNUa.s 			page 5


 116              		.size	LCD_backup, 1
 117              	LCD_backup:
 118 0000 00       		.space	1
 119              		.text
 120              	.Letext0:
 121              		.file 2 "Generated_Source\\PSoC5\\cytypes.h"
 122              		.file 3 "Generated_Source\\PSoC5\\LCD.h"
 123              		.section	.debug_info,"",%progbits
 124              	.Ldebug_info0:
 125 0000 38010000 		.4byte	0x138
 126 0004 0400     		.2byte	0x4
 127 0006 00000000 		.4byte	.Ldebug_abbrev0
 128 000a 04       		.byte	0x4
 129 000b 01       		.uleb128 0x1
 130 000c 1A000000 		.4byte	.LASF20
 131 0010 0C       		.byte	0xc
 132 0011 B1000000 		.4byte	.LASF21
 133 0015 19010000 		.4byte	.LASF22
 134 0019 00000000 		.4byte	.Ldebug_ranges0+0
 135 001d 00000000 		.4byte	0
 136 0021 00000000 		.4byte	.Ldebug_line0
 137 0025 02       		.uleb128 0x2
 138 0026 01       		.byte	0x1
 139 0027 06       		.byte	0x6
 140 0028 E3010000 		.4byte	.LASF0
 141 002c 02       		.uleb128 0x2
 142 002d 01       		.byte	0x1
 143 002e 08       		.byte	0x8
 144 002f D7000000 		.4byte	.LASF1
 145 0033 02       		.uleb128 0x2
 146 0034 02       		.byte	0x2
 147 0035 05       		.byte	0x5
 148 0036 B3010000 		.4byte	.LASF2
 149 003a 02       		.uleb128 0x2
 150 003b 02       		.byte	0x2
 151 003c 07       		.byte	0x7
 152 003d 06010000 		.4byte	.LASF3
 153 0041 02       		.uleb128 0x2
 154 0042 04       		.byte	0x4
 155 0043 05       		.byte	0x5
 156 0044 CE010000 		.4byte	.LASF4
 157 0048 02       		.uleb128 0x2
 158 0049 04       		.byte	0x4
 159 004a 07       		.byte	0x7
 160 004b F4000000 		.4byte	.LASF5
 161 004f 02       		.uleb128 0x2
 162 0050 08       		.byte	0x8
 163 0051 05       		.byte	0x5
 164 0052 8E010000 		.4byte	.LASF6
 165 0056 02       		.uleb128 0x2
 166 0057 08       		.byte	0x8
 167 0058 07       		.byte	0x7
 168 0059 77010000 		.4byte	.LASF7
 169 005d 03       		.uleb128 0x3
 170 005e 04       		.byte	0x4
 171 005f 05       		.byte	0x5
 172 0060 696E7400 		.ascii	"int\000"
ARM GAS  C:\Users\dibiana1\AppData\Local\Temp\ccfdqNUa.s 			page 6


 173 0064 02       		.uleb128 0x2
 174 0065 04       		.byte	0x4
 175 0066 07       		.byte	0x7
 176 0067 6A010000 		.4byte	.LASF8
 177 006b 04       		.uleb128 0x4
 178 006c BD010000 		.4byte	.LASF12
 179 0070 02       		.byte	0x2
 180 0071 E801     		.2byte	0x1e8
 181 0073 2C000000 		.4byte	0x2c
 182 0077 02       		.uleb128 0x2
 183 0078 04       		.byte	0x4
 184 0079 04       		.byte	0x4
 185 007a D1000000 		.4byte	.LASF9
 186 007e 02       		.uleb128 0x2
 187 007f 08       		.byte	0x8
 188 0080 04       		.byte	0x4
 189 0081 46010000 		.4byte	.LASF10
 190 0085 02       		.uleb128 0x2
 191 0086 01       		.byte	0x1
 192 0087 08       		.byte	0x8
 193 0088 9C010000 		.4byte	.LASF11
 194 008c 05       		.uleb128 0x5
 195 008d 01       		.byte	0x1
 196 008e 03       		.byte	0x3
 197 008f 2C       		.byte	0x2c
 198 0090 A1000000 		.4byte	0xa1
 199 0094 06       		.uleb128 0x6
 200 0095 D7010000 		.4byte	.LASF23
 201 0099 03       		.byte	0x3
 202 009a 2E       		.byte	0x2e
 203 009b 6B000000 		.4byte	0x6b
 204 009f 00       		.byte	0
 205 00a0 00       		.byte	0
 206 00a1 07       		.uleb128 0x7
 207 00a2 A1010000 		.4byte	.LASF13
 208 00a6 03       		.byte	0x3
 209 00a7 2F       		.byte	0x2f
 210 00a8 8C000000 		.4byte	0x8c
 211 00ac 08       		.uleb128 0x8
 212 00ad E5000000 		.4byte	.LASF14
 213 00b1 01       		.byte	0x1
 214 00b2 25       		.byte	0x25
 215 00b3 01       		.byte	0x1
 216 00b4 08       		.uleb128 0x8
 217 00b5 58010000 		.4byte	.LASF15
 218 00b9 01       		.byte	0x1
 219 00ba 38       		.byte	0x38
 220 00bb 01       		.byte	0x1
 221 00bc 09       		.uleb128 0x9
 222 00bd B4000000 		.4byte	0xb4
 223 00c1 00000000 		.4byte	.LFB1
 224 00c5 02000000 		.4byte	.LFE1-.LFB1
 225 00c9 01       		.uleb128 0x1
 226 00ca 9C       		.byte	0x9c
 227 00cb 0A       		.uleb128 0xa
 228 00cc 10000000 		.4byte	.LASF16
 229 00d0 01       		.byte	0x1
ARM GAS  C:\Users\dibiana1\AppData\Local\Temp\ccfdqNUa.s 			page 7


 230 00d1 4E       		.byte	0x4e
 231 00d2 00000000 		.4byte	.LFB2
 232 00d6 14000000 		.4byte	.LFE2-.LFB2
 233 00da 01       		.uleb128 0x1
 234 00db 9C       		.byte	0x9c
 235 00dc EA000000 		.4byte	0xea
 236 00e0 0B       		.uleb128 0xb
 237 00e1 0C000000 		.4byte	.LVL0
 238 00e5 25010000 		.4byte	0x125
 239 00e9 00       		.byte	0
 240 00ea 0A       		.uleb128 0xa
 241 00eb EF010000 		.4byte	.LASF17
 242 00ef 01       		.byte	0x1
 243 00f0 6B       		.byte	0x6b
 244 00f1 00000000 		.4byte	.LFB3
 245 00f5 14000000 		.4byte	.LFE3-.LFB3
 246 00f9 01       		.uleb128 0x1
 247 00fa 9C       		.byte	0x9c
 248 00fb 09010000 		.4byte	0x109
 249 00ff 0B       		.uleb128 0xb
 250 0100 0E000000 		.4byte	.LVL1
 251 0104 30010000 		.4byte	0x130
 252 0108 00       		.byte	0
 253 0109 0C       		.uleb128 0xc
 254 010a C3010000 		.4byte	.LASF24
 255 010e 01       		.byte	0x1
 256 010f 14       		.byte	0x14
 257 0110 A1000000 		.4byte	0xa1
 258 0114 05       		.uleb128 0x5
 259 0115 03       		.byte	0x3
 260 0116 00000000 		.4byte	LCD_backup
 261 011a 0D       		.uleb128 0xd
 262 011b 00000000 		.4byte	.LASF25
 263 011f 03       		.byte	0x3
 264 0120 76       		.byte	0x76
 265 0121 6B000000 		.4byte	0x6b
 266 0125 0E       		.uleb128 0xe
 267 0126 A8000000 		.4byte	.LASF18
 268 012a A8000000 		.4byte	.LASF18
 269 012e 03       		.byte	0x3
 270 012f 39       		.byte	0x39
 271 0130 0E       		.uleb128 0xe
 272 0131 4D010000 		.4byte	.LASF19
 273 0135 4D010000 		.4byte	.LASF19
 274 0139 03       		.byte	0x3
 275 013a 37       		.byte	0x37
 276 013b 00       		.byte	0
 277              		.section	.debug_abbrev,"",%progbits
 278              	.Ldebug_abbrev0:
 279 0000 01       		.uleb128 0x1
 280 0001 11       		.uleb128 0x11
 281 0002 01       		.byte	0x1
 282 0003 25       		.uleb128 0x25
 283 0004 0E       		.uleb128 0xe
 284 0005 13       		.uleb128 0x13
 285 0006 0B       		.uleb128 0xb
 286 0007 03       		.uleb128 0x3
ARM GAS  C:\Users\dibiana1\AppData\Local\Temp\ccfdqNUa.s 			page 8


 287 0008 0E       		.uleb128 0xe
 288 0009 1B       		.uleb128 0x1b
 289 000a 0E       		.uleb128 0xe
 290 000b 55       		.uleb128 0x55
 291 000c 17       		.uleb128 0x17
 292 000d 11       		.uleb128 0x11
 293 000e 01       		.uleb128 0x1
 294 000f 10       		.uleb128 0x10
 295 0010 17       		.uleb128 0x17
 296 0011 00       		.byte	0
 297 0012 00       		.byte	0
 298 0013 02       		.uleb128 0x2
 299 0014 24       		.uleb128 0x24
 300 0015 00       		.byte	0
 301 0016 0B       		.uleb128 0xb
 302 0017 0B       		.uleb128 0xb
 303 0018 3E       		.uleb128 0x3e
 304 0019 0B       		.uleb128 0xb
 305 001a 03       		.uleb128 0x3
 306 001b 0E       		.uleb128 0xe
 307 001c 00       		.byte	0
 308 001d 00       		.byte	0
 309 001e 03       		.uleb128 0x3
 310 001f 24       		.uleb128 0x24
 311 0020 00       		.byte	0
 312 0021 0B       		.uleb128 0xb
 313 0022 0B       		.uleb128 0xb
 314 0023 3E       		.uleb128 0x3e
 315 0024 0B       		.uleb128 0xb
 316 0025 03       		.uleb128 0x3
 317 0026 08       		.uleb128 0x8
 318 0027 00       		.byte	0
 319 0028 00       		.byte	0
 320 0029 04       		.uleb128 0x4
 321 002a 16       		.uleb128 0x16
 322 002b 00       		.byte	0
 323 002c 03       		.uleb128 0x3
 324 002d 0E       		.uleb128 0xe
 325 002e 3A       		.uleb128 0x3a
 326 002f 0B       		.uleb128 0xb
 327 0030 3B       		.uleb128 0x3b
 328 0031 05       		.uleb128 0x5
 329 0032 49       		.uleb128 0x49
 330 0033 13       		.uleb128 0x13
 331 0034 00       		.byte	0
 332 0035 00       		.byte	0
 333 0036 05       		.uleb128 0x5
 334 0037 13       		.uleb128 0x13
 335 0038 01       		.byte	0x1
 336 0039 0B       		.uleb128 0xb
 337 003a 0B       		.uleb128 0xb
 338 003b 3A       		.uleb128 0x3a
 339 003c 0B       		.uleb128 0xb
 340 003d 3B       		.uleb128 0x3b
 341 003e 0B       		.uleb128 0xb
 342 003f 01       		.uleb128 0x1
 343 0040 13       		.uleb128 0x13
ARM GAS  C:\Users\dibiana1\AppData\Local\Temp\ccfdqNUa.s 			page 9


 344 0041 00       		.byte	0
 345 0042 00       		.byte	0
 346 0043 06       		.uleb128 0x6
 347 0044 0D       		.uleb128 0xd
 348 0045 00       		.byte	0
 349 0046 03       		.uleb128 0x3
 350 0047 0E       		.uleb128 0xe
 351 0048 3A       		.uleb128 0x3a
 352 0049 0B       		.uleb128 0xb
 353 004a 3B       		.uleb128 0x3b
 354 004b 0B       		.uleb128 0xb
 355 004c 49       		.uleb128 0x49
 356 004d 13       		.uleb128 0x13
 357 004e 38       		.uleb128 0x38
 358 004f 0B       		.uleb128 0xb
 359 0050 00       		.byte	0
 360 0051 00       		.byte	0
 361 0052 07       		.uleb128 0x7
 362 0053 16       		.uleb128 0x16
 363 0054 00       		.byte	0
 364 0055 03       		.uleb128 0x3
 365 0056 0E       		.uleb128 0xe
 366 0057 3A       		.uleb128 0x3a
 367 0058 0B       		.uleb128 0xb
 368 0059 3B       		.uleb128 0x3b
 369 005a 0B       		.uleb128 0xb
 370 005b 49       		.uleb128 0x49
 371 005c 13       		.uleb128 0x13
 372 005d 00       		.byte	0
 373 005e 00       		.byte	0
 374 005f 08       		.uleb128 0x8
 375 0060 2E       		.uleb128 0x2e
 376 0061 00       		.byte	0
 377 0062 3F       		.uleb128 0x3f
 378 0063 19       		.uleb128 0x19
 379 0064 03       		.uleb128 0x3
 380 0065 0E       		.uleb128 0xe
 381 0066 3A       		.uleb128 0x3a
 382 0067 0B       		.uleb128 0xb
 383 0068 3B       		.uleb128 0x3b
 384 0069 0B       		.uleb128 0xb
 385 006a 27       		.uleb128 0x27
 386 006b 19       		.uleb128 0x19
 387 006c 20       		.uleb128 0x20
 388 006d 0B       		.uleb128 0xb
 389 006e 00       		.byte	0
 390 006f 00       		.byte	0
 391 0070 09       		.uleb128 0x9
 392 0071 2E       		.uleb128 0x2e
 393 0072 00       		.byte	0
 394 0073 31       		.uleb128 0x31
 395 0074 13       		.uleb128 0x13
 396 0075 11       		.uleb128 0x11
 397 0076 01       		.uleb128 0x1
 398 0077 12       		.uleb128 0x12
 399 0078 06       		.uleb128 0x6
 400 0079 40       		.uleb128 0x40
ARM GAS  C:\Users\dibiana1\AppData\Local\Temp\ccfdqNUa.s 			page 10


 401 007a 18       		.uleb128 0x18
 402 007b 9742     		.uleb128 0x2117
 403 007d 19       		.uleb128 0x19
 404 007e 00       		.byte	0
 405 007f 00       		.byte	0
 406 0080 0A       		.uleb128 0xa
 407 0081 2E       		.uleb128 0x2e
 408 0082 01       		.byte	0x1
 409 0083 3F       		.uleb128 0x3f
 410 0084 19       		.uleb128 0x19
 411 0085 03       		.uleb128 0x3
 412 0086 0E       		.uleb128 0xe
 413 0087 3A       		.uleb128 0x3a
 414 0088 0B       		.uleb128 0xb
 415 0089 3B       		.uleb128 0x3b
 416 008a 0B       		.uleb128 0xb
 417 008b 27       		.uleb128 0x27
 418 008c 19       		.uleb128 0x19
 419 008d 11       		.uleb128 0x11
 420 008e 01       		.uleb128 0x1
 421 008f 12       		.uleb128 0x12
 422 0090 06       		.uleb128 0x6
 423 0091 40       		.uleb128 0x40
 424 0092 18       		.uleb128 0x18
 425 0093 9742     		.uleb128 0x2117
 426 0095 19       		.uleb128 0x19
 427 0096 01       		.uleb128 0x1
 428 0097 13       		.uleb128 0x13
 429 0098 00       		.byte	0
 430 0099 00       		.byte	0
 431 009a 0B       		.uleb128 0xb
 432 009b 898201   		.uleb128 0x4109
 433 009e 00       		.byte	0
 434 009f 11       		.uleb128 0x11
 435 00a0 01       		.uleb128 0x1
 436 00a1 9542     		.uleb128 0x2115
 437 00a3 19       		.uleb128 0x19
 438 00a4 31       		.uleb128 0x31
 439 00a5 13       		.uleb128 0x13
 440 00a6 00       		.byte	0
 441 00a7 00       		.byte	0
 442 00a8 0C       		.uleb128 0xc
 443 00a9 34       		.uleb128 0x34
 444 00aa 00       		.byte	0
 445 00ab 03       		.uleb128 0x3
 446 00ac 0E       		.uleb128 0xe
 447 00ad 3A       		.uleb128 0x3a
 448 00ae 0B       		.uleb128 0xb
 449 00af 3B       		.uleb128 0x3b
 450 00b0 0B       		.uleb128 0xb
 451 00b1 49       		.uleb128 0x49
 452 00b2 13       		.uleb128 0x13
 453 00b3 02       		.uleb128 0x2
 454 00b4 18       		.uleb128 0x18
 455 00b5 00       		.byte	0
 456 00b6 00       		.byte	0
 457 00b7 0D       		.uleb128 0xd
ARM GAS  C:\Users\dibiana1\AppData\Local\Temp\ccfdqNUa.s 			page 11


 458 00b8 34       		.uleb128 0x34
 459 00b9 00       		.byte	0
 460 00ba 03       		.uleb128 0x3
 461 00bb 0E       		.uleb128 0xe
 462 00bc 3A       		.uleb128 0x3a
 463 00bd 0B       		.uleb128 0xb
 464 00be 3B       		.uleb128 0x3b
 465 00bf 0B       		.uleb128 0xb
 466 00c0 49       		.uleb128 0x49
 467 00c1 13       		.uleb128 0x13
 468 00c2 3F       		.uleb128 0x3f
 469 00c3 19       		.uleb128 0x19
 470 00c4 3C       		.uleb128 0x3c
 471 00c5 19       		.uleb128 0x19
 472 00c6 00       		.byte	0
 473 00c7 00       		.byte	0
 474 00c8 0E       		.uleb128 0xe
 475 00c9 2E       		.uleb128 0x2e
 476 00ca 00       		.byte	0
 477 00cb 3F       		.uleb128 0x3f
 478 00cc 19       		.uleb128 0x19
 479 00cd 3C       		.uleb128 0x3c
 480 00ce 19       		.uleb128 0x19
 481 00cf 6E       		.uleb128 0x6e
 482 00d0 0E       		.uleb128 0xe
 483 00d1 03       		.uleb128 0x3
 484 00d2 0E       		.uleb128 0xe
 485 00d3 3A       		.uleb128 0x3a
 486 00d4 0B       		.uleb128 0xb
 487 00d5 3B       		.uleb128 0x3b
 488 00d6 0B       		.uleb128 0xb
 489 00d7 00       		.byte	0
 490 00d8 00       		.byte	0
 491 00d9 00       		.byte	0
 492              		.section	.debug_aranges,"",%progbits
 493 0000 2C000000 		.4byte	0x2c
 494 0004 0200     		.2byte	0x2
 495 0006 00000000 		.4byte	.Ldebug_info0
 496 000a 04       		.byte	0x4
 497 000b 00       		.byte	0
 498 000c 0000     		.2byte	0
 499 000e 0000     		.2byte	0
 500 0010 00000000 		.4byte	.LFB1
 501 0014 02000000 		.4byte	.LFE1-.LFB1
 502 0018 00000000 		.4byte	.LFB2
 503 001c 14000000 		.4byte	.LFE2-.LFB2
 504 0020 00000000 		.4byte	.LFB3
 505 0024 14000000 		.4byte	.LFE3-.LFB3
 506 0028 00000000 		.4byte	0
 507 002c 00000000 		.4byte	0
 508              		.section	.debug_ranges,"",%progbits
 509              	.Ldebug_ranges0:
 510 0000 00000000 		.4byte	.LFB1
 511 0004 02000000 		.4byte	.LFE1
 512 0008 00000000 		.4byte	.LFB2
 513 000c 14000000 		.4byte	.LFE2
 514 0010 00000000 		.4byte	.LFB3
ARM GAS  C:\Users\dibiana1\AppData\Local\Temp\ccfdqNUa.s 			page 12


 515 0014 14000000 		.4byte	.LFE3
 516 0018 00000000 		.4byte	0
 517 001c 00000000 		.4byte	0
 518              		.section	.debug_line,"",%progbits
 519              	.Ldebug_line0:
 520 0000 85000000 		.section	.debug_str,"MS",%progbits,1
 520      02004C00 
 520      00000201 
 520      FB0E0D00 
 520      01010101 
 521              	.LASF25:
 522 0000 4C43445F 		.ascii	"LCD_enableState\000"
 522      656E6162 
 522      6C655374 
 522      61746500 
 523              	.LASF16:
 524 0010 4C43445F 		.ascii	"LCD_Sleep\000"
 524      536C6565 
 524      7000
 525              	.LASF20:
 526 001a 474E5520 		.ascii	"GNU C11 5.4.1 20160609 (release) [ARM/embedded-5-br"
 526      43313120 
 526      352E342E 
 526      31203230 
 526      31363036 
 527 004d 616E6368 		.ascii	"anch revision 237715] -mcpu=cortex-m3 -mthumb -g -O"
 527      20726576 
 527      6973696F 
 527      6E203233 
 527      37373135 
 528 0080 33202D66 		.ascii	"3 -ffunction-sections -ffat-lto-objects\000"
 528      66756E63 
 528      74696F6E 
 528      2D736563 
 528      74696F6E 
 529              	.LASF18:
 530 00a8 4C43445F 		.ascii	"LCD_Stop\000"
 530      53746F70 
 530      00
 531              	.LASF21:
 532 00b1 47656E65 		.ascii	"Generated_Source\\PSoC5\\LCD_PM.c\000"
 532      72617465 
 532      645F536F 
 532      75726365 
 532      5C50536F 
 533              	.LASF9:
 534 00d1 666C6F61 		.ascii	"float\000"
 534      7400
 535              	.LASF1:
 536 00d7 756E7369 		.ascii	"unsigned char\000"
 536      676E6564 
 536      20636861 
 536      7200
 537              	.LASF14:
 538 00e5 4C43445F 		.ascii	"LCD_SaveConfig\000"
 538      53617665 
 538      436F6E66 
ARM GAS  C:\Users\dibiana1\AppData\Local\Temp\ccfdqNUa.s 			page 13


 538      696700
 539              	.LASF5:
 540 00f4 6C6F6E67 		.ascii	"long unsigned int\000"
 540      20756E73 
 540      69676E65 
 540      6420696E 
 540      7400
 541              	.LASF3:
 542 0106 73686F72 		.ascii	"short unsigned int\000"
 542      7420756E 
 542      7369676E 
 542      65642069 
 542      6E7400
 543              	.LASF22:
 544 0119 483A5C53 		.ascii	"H:\\Senior-Project-2023\\PSoC\\HostDesign.cydsn\000"
 544      656E696F 
 544      722D5072 
 544      6F6A6563 
 544      742D3230 
 545              	.LASF10:
 546 0146 646F7562 		.ascii	"double\000"
 546      6C6500
 547              	.LASF19:
 548 014d 4C43445F 		.ascii	"LCD_Enable\000"
 548      456E6162 
 548      6C6500
 549              	.LASF15:
 550 0158 4C43445F 		.ascii	"LCD_RestoreConfig\000"
 550      52657374 
 550      6F726543 
 550      6F6E6669 
 550      6700
 551              	.LASF8:
 552 016a 756E7369 		.ascii	"unsigned int\000"
 552      676E6564 
 552      20696E74 
 552      00
 553              	.LASF7:
 554 0177 6C6F6E67 		.ascii	"long long unsigned int\000"
 554      206C6F6E 
 554      6720756E 
 554      7369676E 
 554      65642069 
 555              	.LASF6:
 556 018e 6C6F6E67 		.ascii	"long long int\000"
 556      206C6F6E 
 556      6720696E 
 556      7400
 557              	.LASF11:
 558 019c 63686172 		.ascii	"char\000"
 558      00
 559              	.LASF13:
 560 01a1 4C43445F 		.ascii	"LCD_BACKUP_STRUCT\000"
 560      4241434B 
 560      55505F53 
 560      54525543 
 560      5400
ARM GAS  C:\Users\dibiana1\AppData\Local\Temp\ccfdqNUa.s 			page 14


 561              	.LASF2:
 562 01b3 73686F72 		.ascii	"short int\000"
 562      7420696E 
 562      7400
 563              	.LASF12:
 564 01bd 75696E74 		.ascii	"uint8\000"
 564      3800
 565              	.LASF24:
 566 01c3 4C43445F 		.ascii	"LCD_backup\000"
 566      6261636B 
 566      757000
 567              	.LASF4:
 568 01ce 6C6F6E67 		.ascii	"long int\000"
 568      20696E74 
 568      00
 569              	.LASF23:
 570 01d7 656E6162 		.ascii	"enableState\000"
 570      6C655374 
 570      61746500 
 571              	.LASF0:
 572 01e3 7369676E 		.ascii	"signed char\000"
 572      65642063 
 572      68617200 
 573              	.LASF17:
 574 01ef 4C43445F 		.ascii	"LCD_Wakeup\000"
 574      57616B65 
 574      757000
 575              		.ident	"GCC: (GNU Tools for ARM Embedded Processors) 5.4.1 20160609 (release) [ARM/embedded-5-bran
