ARM GAS  C:\Users\dibiana1\AppData\Local\Temp\ccsHwkyb.s 			page 1


   1              		.syntax unified
   2              		.cpu cortex-m3
   3              		.fpu softvfp
   4              		.eabi_attribute 20, 1
   5              		.eabi_attribute 21, 1
   6              		.eabi_attribute 23, 3
   7              		.eabi_attribute 24, 1
   8              		.eabi_attribute 25, 1
   9              		.eabi_attribute 26, 1
  10              		.eabi_attribute 30, 1
  11              		.eabi_attribute 34, 1
  12              		.eabi_attribute 18, 4
  13              		.thumb
  14              		.syntax unified
  15              		.file	"squares_data.c"
  16              		.text
  17              	.Ltext0:
  18              		.cfi_sections	.debug_frame
  19              		.global	squares_data
  20              		.bss
  21              		.align	2
  22              		.type	squares_data, %object
  23              		.size	squares_data, 10080
  24              	squares_data:
  25 0000 00000000 		.space	10080
  25      00000000 
  25      00000000 
  25      00000000 
  25      00000000 
  26              		.text
  27              	.Letext0:
  28              		.file 1 "squares_data.c"
  29              		.section	.debug_info,"",%progbits
  30              	.Ldebug_info0:
  31 0000 9D000000 		.4byte	0x9d
  32 0004 0400     		.2byte	0x4
  33 0006 00000000 		.4byte	.Ldebug_abbrev0
  34 000a 04       		.byte	0x4
  35 000b 01       		.uleb128 0x1
  36 000c 1B000000 		.4byte	.LASF12
  37 0010 0C       		.byte	0xc
  38 0011 5D010000 		.4byte	.LASF13
  39 0015 26010000 		.4byte	.LASF14
  40 0019 00000000 		.4byte	.Ldebug_line0
  41 001d 02       		.uleb128 0x2
  42 001e 01       		.byte	0x1
  43 001f 06       		.byte	0x6
  44 0020 0E010000 		.4byte	.LASF0
  45 0024 02       		.uleb128 0x2
  46 0025 01       		.byte	0x1
  47 0026 08       		.byte	0x8
  48 0027 D2000000 		.4byte	.LASF1
  49 002b 02       		.uleb128 0x2
  50 002c 02       		.byte	0x2
  51 002d 05       		.byte	0x5
  52 002e 53010000 		.4byte	.LASF2
  53 0032 02       		.uleb128 0x2
ARM GAS  C:\Users\dibiana1\AppData\Local\Temp\ccsHwkyb.s 			page 2


  54 0033 02       		.byte	0x2
  55 0034 07       		.byte	0x7
  56 0035 FB000000 		.4byte	.LASF3
  57 0039 02       		.uleb128 0x2
  58 003a 04       		.byte	0x4
  59 003b 05       		.byte	0x5
  60 003c E5000000 		.4byte	.LASF4
  61 0040 02       		.uleb128 0x2
  62 0041 04       		.byte	0x4
  63 0042 07       		.byte	0x7
  64 0043 A9000000 		.4byte	.LASF5
  65 0047 02       		.uleb128 0x2
  66 0048 08       		.byte	0x8
  67 0049 05       		.byte	0x5
  68 004a 00000000 		.4byte	.LASF6
  69 004e 02       		.uleb128 0x2
  70 004f 08       		.byte	0x8
  71 0050 07       		.byte	0x7
  72 0051 BB000000 		.4byte	.LASF7
  73 0055 03       		.uleb128 0x3
  74 0056 04       		.byte	0x4
  75 0057 05       		.byte	0x5
  76 0058 696E7400 		.ascii	"int\000"
  77 005c 02       		.uleb128 0x2
  78 005d 04       		.byte	0x4
  79 005e 07       		.byte	0x7
  80 005f 0E000000 		.4byte	.LASF8
  81 0063 02       		.uleb128 0x2
  82 0064 08       		.byte	0x8
  83 0065 04       		.byte	0x4
  84 0066 1A010000 		.4byte	.LASF9
  85 006a 02       		.uleb128 0x2
  86 006b 04       		.byte	0x4
  87 006c 07       		.byte	0x7
  88 006d 6C010000 		.4byte	.LASF10
  89 0071 02       		.uleb128 0x2
  90 0072 01       		.byte	0x1
  91 0073 08       		.byte	0x8
  92 0074 E0000000 		.4byte	.LASF11
  93 0078 04       		.uleb128 0x4
  94 0079 55000000 		.4byte	0x55
  95 007d 8F000000 		.4byte	0x8f
  96 0081 05       		.uleb128 0x5
  97 0082 6A000000 		.4byte	0x6a
  98 0086 6701     		.2byte	0x167
  99 0088 06       		.uleb128 0x6
 100 0089 6A000000 		.4byte	0x6a
 101 008d 06       		.byte	0x6
 102 008e 00       		.byte	0
 103 008f 07       		.uleb128 0x7
 104 0090 EE000000 		.4byte	.LASF15
 105 0094 01       		.byte	0x1
 106 0095 03       		.byte	0x3
 107 0096 78000000 		.4byte	0x78
 108 009a 05       		.uleb128 0x5
 109 009b 03       		.byte	0x3
 110 009c 00000000 		.4byte	squares_data
ARM GAS  C:\Users\dibiana1\AppData\Local\Temp\ccsHwkyb.s 			page 3


 111 00a0 00       		.byte	0
 112              		.section	.debug_abbrev,"",%progbits
 113              	.Ldebug_abbrev0:
 114 0000 01       		.uleb128 0x1
 115 0001 11       		.uleb128 0x11
 116 0002 01       		.byte	0x1
 117 0003 25       		.uleb128 0x25
 118 0004 0E       		.uleb128 0xe
 119 0005 13       		.uleb128 0x13
 120 0006 0B       		.uleb128 0xb
 121 0007 03       		.uleb128 0x3
 122 0008 0E       		.uleb128 0xe
 123 0009 1B       		.uleb128 0x1b
 124 000a 0E       		.uleb128 0xe
 125 000b 10       		.uleb128 0x10
 126 000c 17       		.uleb128 0x17
 127 000d 00       		.byte	0
 128 000e 00       		.byte	0
 129 000f 02       		.uleb128 0x2
 130 0010 24       		.uleb128 0x24
 131 0011 00       		.byte	0
 132 0012 0B       		.uleb128 0xb
 133 0013 0B       		.uleb128 0xb
 134 0014 3E       		.uleb128 0x3e
 135 0015 0B       		.uleb128 0xb
 136 0016 03       		.uleb128 0x3
 137 0017 0E       		.uleb128 0xe
 138 0018 00       		.byte	0
 139 0019 00       		.byte	0
 140 001a 03       		.uleb128 0x3
 141 001b 24       		.uleb128 0x24
 142 001c 00       		.byte	0
 143 001d 0B       		.uleb128 0xb
 144 001e 0B       		.uleb128 0xb
 145 001f 3E       		.uleb128 0x3e
 146 0020 0B       		.uleb128 0xb
 147 0021 03       		.uleb128 0x3
 148 0022 08       		.uleb128 0x8
 149 0023 00       		.byte	0
 150 0024 00       		.byte	0
 151 0025 04       		.uleb128 0x4
 152 0026 01       		.uleb128 0x1
 153 0027 01       		.byte	0x1
 154 0028 49       		.uleb128 0x49
 155 0029 13       		.uleb128 0x13
 156 002a 01       		.uleb128 0x1
 157 002b 13       		.uleb128 0x13
 158 002c 00       		.byte	0
 159 002d 00       		.byte	0
 160 002e 05       		.uleb128 0x5
 161 002f 21       		.uleb128 0x21
 162 0030 00       		.byte	0
 163 0031 49       		.uleb128 0x49
 164 0032 13       		.uleb128 0x13
 165 0033 2F       		.uleb128 0x2f
 166 0034 05       		.uleb128 0x5
 167 0035 00       		.byte	0
ARM GAS  C:\Users\dibiana1\AppData\Local\Temp\ccsHwkyb.s 			page 4


 168 0036 00       		.byte	0
 169 0037 06       		.uleb128 0x6
 170 0038 21       		.uleb128 0x21
 171 0039 00       		.byte	0
 172 003a 49       		.uleb128 0x49
 173 003b 13       		.uleb128 0x13
 174 003c 2F       		.uleb128 0x2f
 175 003d 0B       		.uleb128 0xb
 176 003e 00       		.byte	0
 177 003f 00       		.byte	0
 178 0040 07       		.uleb128 0x7
 179 0041 34       		.uleb128 0x34
 180 0042 00       		.byte	0
 181 0043 03       		.uleb128 0x3
 182 0044 0E       		.uleb128 0xe
 183 0045 3A       		.uleb128 0x3a
 184 0046 0B       		.uleb128 0xb
 185 0047 3B       		.uleb128 0x3b
 186 0048 0B       		.uleb128 0xb
 187 0049 49       		.uleb128 0x49
 188 004a 13       		.uleb128 0x13
 189 004b 3F       		.uleb128 0x3f
 190 004c 19       		.uleb128 0x19
 191 004d 02       		.uleb128 0x2
 192 004e 18       		.uleb128 0x18
 193 004f 00       		.byte	0
 194 0050 00       		.byte	0
 195 0051 00       		.byte	0
 196              		.section	.debug_aranges,"",%progbits
 197 0000 14000000 		.4byte	0x14
 198 0004 0200     		.2byte	0x2
 199 0006 00000000 		.4byte	.Ldebug_info0
 200 000a 04       		.byte	0x4
 201 000b 00       		.byte	0
 202 000c 0000     		.2byte	0
 203 000e 0000     		.2byte	0
 204 0010 00000000 		.4byte	0
 205 0014 00000000 		.4byte	0
 206              		.section	.debug_line,"",%progbits
 207              	.Ldebug_line0:
 208 0000 2B000000 		.section	.debug_str,"MS",%progbits,1
 208      02002500 
 208      00000201 
 208      FB0E0D00 
 208      01010101 
 209              	.LASF6:
 210 0000 6C6F6E67 		.ascii	"long long int\000"
 210      206C6F6E 
 210      6720696E 
 210      7400
 211              	.LASF8:
 212 000e 756E7369 		.ascii	"unsigned int\000"
 212      676E6564 
 212      20696E74 
 212      00
 213              	.LASF12:
 214 001b 474E5520 		.ascii	"GNU C11 5.4.1 20160609 (release) [ARM/embedded-5-br"
ARM GAS  C:\Users\dibiana1\AppData\Local\Temp\ccsHwkyb.s 			page 5


 214      43313120 
 214      352E342E 
 214      31203230 
 214      31363036 
 215 004e 616E6368 		.ascii	"anch revision 237715] -mcpu=cortex-m3 -mthumb -g -O"
 215      20726576 
 215      6973696F 
 215      6E203233 
 215      37373135 
 216 0081 67202D66 		.ascii	"g -ffunction-sections -ffat-lto-objects\000"
 216      66756E63 
 216      74696F6E 
 216      2D736563 
 216      74696F6E 
 217              	.LASF5:
 218 00a9 6C6F6E67 		.ascii	"long unsigned int\000"
 218      20756E73 
 218      69676E65 
 218      6420696E 
 218      7400
 219              	.LASF7:
 220 00bb 6C6F6E67 		.ascii	"long long unsigned int\000"
 220      206C6F6E 
 220      6720756E 
 220      7369676E 
 220      65642069 
 221              	.LASF1:
 222 00d2 756E7369 		.ascii	"unsigned char\000"
 222      676E6564 
 222      20636861 
 222      7200
 223              	.LASF11:
 224 00e0 63686172 		.ascii	"char\000"
 224      00
 225              	.LASF4:
 226 00e5 6C6F6E67 		.ascii	"long int\000"
 226      20696E74 
 226      00
 227              	.LASF15:
 228 00ee 73717561 		.ascii	"squares_data\000"
 228      7265735F 
 228      64617461 
 228      00
 229              	.LASF3:
 230 00fb 73686F72 		.ascii	"short unsigned int\000"
 230      7420756E 
 230      7369676E 
 230      65642069 
 230      6E7400
 231              	.LASF0:
 232 010e 7369676E 		.ascii	"signed char\000"
 232      65642063 
 232      68617200 
 233              	.LASF9:
 234 011a 6C6F6E67 		.ascii	"long double\000"
 234      20646F75 
 234      626C6500 
ARM GAS  C:\Users\dibiana1\AppData\Local\Temp\ccsHwkyb.s 			page 6


 235              	.LASF14:
 236 0126 483A5C53 		.ascii	"H:\\Senior-Project-2023\\PSoC\\HostDesign.cydsn\000"
 236      656E696F 
 236      722D5072 
 236      6F6A6563 
 236      742D3230 
 237              	.LASF2:
 238 0153 73686F72 		.ascii	"short int\000"
 238      7420696E 
 238      7400
 239              	.LASF13:
 240 015d 73717561 		.ascii	"squares_data.c\000"
 240      7265735F 
 240      64617461 
 240      2E6300
 241              	.LASF10:
 242 016c 73697A65 		.ascii	"sizetype\000"
 242      74797065 
 242      00
 243              		.ident	"GCC: (GNU Tools for ARM Embedded Processors) 5.4.1 20160609 (release) [ARM/embedded-5-bran
