Copyright 1986-2021 Xilinx, Inc. All Rights Reserved.
-------------------------------------------------------------------------------------------------
| Tool Version : Vivado v.2021.2 (win64) Build 3367213 Tue Oct 19 02:48:09 MDT 2021
| Date         : Wed Nov  8 14:33:57 2023
| Host         : ARM144-10 running 64-bit major release  (build 9200)
| Command      : report_control_sets -verbose -file Display_Gen_Digilent_control_sets_placed.rpt
| Design       : Display_Gen_Digilent
| Device       : xc7a200t
-------------------------------------------------------------------------------------------------

Control Set Information

Table of Contents
-----------------
1. Summary
2. Histogram
3. Flip-Flop Distribution
4. Detailed Control Set Information

1. Summary
----------

+----------------------------------------------------------+-------+
|                          Status                          | Count |
+----------------------------------------------------------+-------+
| Total control sets                                       |    11 |
|    Minimum number of control sets                        |    11 |
|    Addition due to synthesis replication                 |     0 |
|    Addition due to physical synthesis replication        |     0 |
| Unused register locations in slices containing registers |    41 |
+----------------------------------------------------------+-------+
* Control sets can be merged at opt_design using control_set_merge or merge_equivalent_drivers
** Run report_qor_suggestions for automated merging and remapping suggestions


2. Histogram
------------

+--------------------+-------+
|       Fanout       | Count |
+--------------------+-------+
| Total control sets |    11 |
| >= 0 to < 4        |     2 |
| >= 4 to < 6        |     1 |
| >= 6 to < 8        |     0 |
| >= 8 to < 10       |     0 |
| >= 10 to < 12      |     2 |
| >= 12 to < 14      |     2 |
| >= 14 to < 16      |     0 |
| >= 16              |     4 |
+--------------------+-------+
* Control sets can be remapped at either synth_design or opt_design


3. Flip-Flop Distribution
-------------------------

+--------------+-----------------------+------------------------+-----------------+--------------+
| Clock Enable | Synchronous Set/Reset | Asynchronous Set/Reset | Total Registers | Total Slices |
+--------------+-----------------------+------------------------+-----------------+--------------+
| No           | No                    | No                     |              95 |           31 |
| No           | No                    | Yes                    |               8 |            3 |
| No           | Yes                   | No                     |             129 |           49 |
| Yes          | No                    | No                     |               0 |            0 |
| Yes          | No                    | Yes                    |               0 |            0 |
| Yes          | Yes                   | No                     |              23 |            7 |
+--------------+-----------------------+------------------------+-----------------+--------------+


4. Detailed Control Set Information
-----------------------------------

+------------------------+------------------------------------------------+-------------------------------------------------------------------------------+------------------+----------------+--------------+
|      Clock Signal      |                  Enable Signal                 |                                Set/Reset Signal                               | Slice Load Count | Bel Load Count | Bels / Slice |
+------------------------+------------------------------------------------+-------------------------------------------------------------------------------+------------------+----------------+--------------+
|  clk_wiz/inst/clk_out1 |                                                | rgb2dvi/U0/ClockGenInternal.ClockGenX/in0                                     |                1 |              2 |         2.00 |
|  clk_wiz/inst/clk_out1 |                                                | reset                                                                         |                2 |              3 |         1.50 |
|  clk_wiz/inst/clk_out1 |                                                | rgb2dvi/U0/ClockGenInternal.ClockGenX/LockLostReset/SyncAsyncx/oSyncStages[1] |                1 |              4 |         4.00 |
|  clk_wiz/inst/clk_out1 |                                                | rgb2dvi/U0/DataEncoders[0].DataEncoder/pDataOutRaw[9]_i_1__1_n_0              |                3 |             10 |         3.33 |
|  clk_wiz/inst/clk_out1 | sel                                            | disp_x[10]_i_1_n_0                                                            |                4 |             11 |         2.75 |
|  clk_wiz/inst/clk_out1 |                                                | vtc/U0/U_TC_TOP/GEN_GENERATOR.U_TC_GEN/h_count[0]_i_1_n_0                     |                3 |             12 |         4.00 |
|  clk_wiz/inst/clk_out1 | vtc/U0/U_TC_TOP/GEN_GENERATOR.U_TC_GEN/v_count | vtc/U0/U_TC_TOP/GEN_GENERATOR.U_TC_GEN/v_count[0]_i_1_n_0                     |                3 |             12 |         4.00 |
|  clk_wiz/inst/clk_out1 |                                                | vtc/U0/U_TC_TOP/GEN_GENERATOR.U_TC_GEN/p_4_in                                 |                7 |             20 |         2.86 |
|  clk_wiz/inst/clk_out1 |                                                | rgb2dvi/U0/DataEncoders[0].DataEncoder/SR[0]                                  |               17 |             32 |         1.88 |
|  clk_wiz/inst/clk_out1 |                                                | vtc/U0/U_TC_TOP/GEN_GENERATOR.U_TC_GEN/htotal[11]_i_1_n_0                     |               18 |             54 |         3.00 |
|  clk_wiz/inst/clk_out1 |                                                |                                                                               |               31 |             96 |         3.10 |
+------------------------+------------------------------------------------+-------------------------------------------------------------------------------+------------------+----------------+--------------+


