
*** Running vivado
    with args -log top.vds -m64 -product Vivado -mode batch -messageDb vivado.pb -notrace -source top.tcl



****** Vivado v2021.2 (64-bit)
  **** SW Build 3367213 on Tue Oct 19 02:48:09 MDT 2021
  **** IP Build 3369179 on Thu Oct 21 08:25:16 MDT 2021
    ** Copyright 1986-2021 Xilinx, Inc. All Rights Reserved.

source top.tcl -notrace
INFO: [IP_Flow 19-234] Refreshing IP repositories
INFO: [IP_Flow 19-1700] Loaded user IP repository 'h:/Senior-Project-2023/vivado-library'.
INFO: [IP_Flow 19-2313] Loaded Vivado IP repository 'C:/Xilinx/Vivado/2021.2/data/ip'.
update_ip_catalog: Time (s): cpu = 00:00:01 ; elapsed = 00:00:08 . Memory (MB): peak = 1254.672 ; gain = 0.000
Command: read_checkpoint -auto_incremental -incremental H:/Senior-Project-2023/SENIOR_PROJECT/New_Vram/New_Vram.srcs/utils_1/imports/synth_1/top.dcp
INFO: [Vivado 12-5825] Read reference checkpoint from H:/Senior-Project-2023/SENIOR_PROJECT/New_Vram/New_Vram.srcs/utils_1/imports/synth_1/top.dcp for incremental synthesis
INFO: [Vivado 12-7989] Please ensure there are no constraint changes
Command: synth_design -top top -part xc7a200tsbg484-1
Starting synth_design
Attempting to get a license for feature 'Synthesis' and/or device 'xc7a200t'
INFO: [Common 17-349] Got license for feature 'Synthesis' and/or device 'xc7a200t'
INFO: [Device 21-403] Loading part xc7a200tsbg484-1
WARNING: [Designutils 20-4072] Reference run did not run incremental synthesis because the design is too small; reverting to default synthesis
INFO: [Designutils 20-4379] Flow is switching to default flow due to incremental criteria not met. If you would like to alter this behaviour and have the flow terminate instead, please set the following parameter config_implementation {autoIncr.Synth.RejectBehavior Terminate}
INFO: [Synth 8-7079] Multithreading enabled for synth_design using a maximum of 2 processes.
INFO: [Synth 8-7078] Launching helper process for spawning children vivado processes
INFO: [Synth 8-7075] Helper process launched with PID 15456
WARNING: [Synth 8-2611] redeclaration of ansi port waddr is not allowed [H:/Senior-Project-2023/SENIOR_PROJECT/New_Vram/New_Vram.srcs/sources_1/new/pattern_gen.sv:14]
WARNING: [Synth 8-2292] literal value truncated to fit in 8 bits [H:/Senior-Project-2023/SENIOR_PROJECT/New_Vram/New_Vram.srcs/sources_1/new/pattern_gen.sv:90]
---------------------------------------------------------------------------------
Starting RTL Elaboration : Time (s): cpu = 00:00:03 ; elapsed = 00:00:03 . Memory (MB): peak = 1254.672 ; gain = 0.000
---------------------------------------------------------------------------------
INFO: [Synth 8-6157] synthesizing module 'top' [H:/Senior-Project-2023/SENIOR_PROJECT/New_Vram/New_Vram.srcs/sources_1/new/top.sv:4]
INFO: [Synth 8-6157] synthesizing module 'clk_wiz_0' [H:/Senior-Project-2023/SENIOR_PROJECT/New_Vram/New_Vram.runs/synth_1/.Xil/Vivado-1480-ARM144-12/realtime/clk_wiz_0_stub.v:5]
INFO: [Synth 8-6155] done synthesizing module 'clk_wiz_0' (1#1) [H:/Senior-Project-2023/SENIOR_PROJECT/New_Vram/New_Vram.runs/synth_1/.Xil/Vivado-1480-ARM144-12/realtime/clk_wiz_0_stub.v:5]
WARNING: [Synth 8-7071] port 'locked' of module 'clk_wiz_0' is unconnected for instance 'clk_wiz' [H:/Senior-Project-2023/SENIOR_PROJECT/New_Vram/New_Vram.srcs/sources_1/new/top.sv:32]
WARNING: [Synth 8-7023] instance 'clk_wiz' of module 'clk_wiz_0' has 4 connections declared, but only 3 given [H:/Senior-Project-2023/SENIOR_PROJECT/New_Vram/New_Vram.srcs/sources_1/new/top.sv:32]
INFO: [Synth 8-6157] synthesizing module 'pattern_gen' [H:/Senior-Project-2023/SENIOR_PROJECT/New_Vram/New_Vram.srcs/sources_1/new/pattern_gen.sv:3]
INFO: [Synth 8-6155] done synthesizing module 'pattern_gen' (2#1) [H:/Senior-Project-2023/SENIOR_PROJECT/New_Vram/New_Vram.srcs/sources_1/new/pattern_gen.sv:3]
INFO: [Synth 8-6157] synthesizing module 'RectFill' [H:/Senior-Project-2023/SENIOR_PROJECT/Rectangle_Fill_Engine/Rectangle_Fill_Engine.srcs/sources_1/new/RectFill.sv:3]
INFO: [Synth 8-6155] done synthesizing module 'RectFill' (3#1) [H:/Senior-Project-2023/SENIOR_PROJECT/Rectangle_Fill_Engine/Rectangle_Fill_Engine.srcs/sources_1/new/RectFill.sv:3]
INFO: [Synth 8-6157] synthesizing module 'VRAM' [H:/Senior-Project-2023/SENIOR_PROJECT/New_Vram/New_Vram.srcs/sources_1/new/VRAM.sv:1]
INFO: [Synth 8-6157] synthesizing module 'blk_mem_gen_0' [H:/Senior-Project-2023/SENIOR_PROJECT/New_Vram/New_Vram.runs/synth_1/.Xil/Vivado-1480-ARM144-12/realtime/blk_mem_gen_0_stub.v:6]
INFO: [Synth 8-6155] done synthesizing module 'blk_mem_gen_0' (4#1) [H:/Senior-Project-2023/SENIOR_PROJECT/New_Vram/New_Vram.runs/synth_1/.Xil/Vivado-1480-ARM144-12/realtime/blk_mem_gen_0_stub.v:6]
INFO: [Synth 8-6155] done synthesizing module 'VRAM' (5#1) [H:/Senior-Project-2023/SENIOR_PROJECT/New_Vram/New_Vram.srcs/sources_1/new/VRAM.sv:1]
INFO: [Synth 8-6157] synthesizing module 'Display_Gen_Digilent' [H:/Senior-Project-2023/SENIOR_PROJECT/New_Vram/New_Vram.srcs/sources_1/imports/new/Display_Generator.sv:3]
INFO: [Synth 8-6157] synthesizing module 'rgb2dvi_0' [H:/Senior-Project-2023/SENIOR_PROJECT/New_Vram/New_Vram.runs/synth_1/.Xil/Vivado-1480-ARM144-12/realtime/rgb2dvi_0_stub.v:6]
INFO: [Synth 8-6155] done synthesizing module 'rgb2dvi_0' (6#1) [H:/Senior-Project-2023/SENIOR_PROJECT/New_Vram/New_Vram.runs/synth_1/.Xil/Vivado-1480-ARM144-12/realtime/rgb2dvi_0_stub.v:6]
INFO: [Synth 8-6157] synthesizing module 'v_tc_0' [H:/Senior-Project-2023/SENIOR_PROJECT/New_Vram/New_Vram.runs/synth_1/.Xil/Vivado-1480-ARM144-12/realtime/v_tc_0_stub.v:6]
INFO: [Synth 8-6155] done synthesizing module 'v_tc_0' (7#1) [H:/Senior-Project-2023/SENIOR_PROJECT/New_Vram/New_Vram.runs/synth_1/.Xil/Vivado-1480-ARM144-12/realtime/v_tc_0_stub.v:6]
WARNING: [Synth 8-7071] port 'fsync_out' of module 'v_tc_0' is unconnected for instance 'vtc' [H:/Senior-Project-2023/SENIOR_PROJECT/New_Vram/New_Vram.srcs/sources_1/imports/new/Display_Generator.sv:98]
WARNING: [Synth 8-7023] instance 'vtc' of module 'v_tc_0' has 11 connections declared, but only 10 given [H:/Senior-Project-2023/SENIOR_PROJECT/New_Vram/New_Vram.srcs/sources_1/imports/new/Display_Generator.sv:98]
WARNING: [Synth 8-6014] Unused sequential element v_blank_p1_reg was removed.  [H:/Senior-Project-2023/SENIOR_PROJECT/New_Vram/New_Vram.srcs/sources_1/imports/new/Display_Generator.sv:126]
WARNING: [Synth 8-3848] Net sof_state in module/entity Display_Gen_Digilent does not have driver. [H:/Senior-Project-2023/SENIOR_PROJECT/New_Vram/New_Vram.srcs/sources_1/imports/new/Display_Generator.sv:25]
INFO: [Synth 8-6155] done synthesizing module 'Display_Gen_Digilent' (8#1) [H:/Senior-Project-2023/SENIOR_PROJECT/New_Vram/New_Vram.srcs/sources_1/imports/new/Display_Generator.sv:3]
INFO: [Synth 8-6155] done synthesizing module 'top' (9#1) [H:/Senior-Project-2023/SENIOR_PROJECT/New_Vram/New_Vram.srcs/sources_1/new/top.sv:4]
WARNING: [Synth 8-7129] Port foreground_color[20] in module RectFill is either unconnected or has no load
WARNING: [Synth 8-7129] Port foreground_color[19] in module RectFill is either unconnected or has no load
WARNING: [Synth 8-7129] Port foreground_color[18] in module RectFill is either unconnected or has no load
WARNING: [Synth 8-7129] Port foreground_color[17] in module RectFill is either unconnected or has no load
WARNING: [Synth 8-7129] Port foreground_color[16] in module RectFill is either unconnected or has no load
WARNING: [Synth 8-7129] Port foreground_color[13] in module RectFill is either unconnected or has no load
WARNING: [Synth 8-7129] Port foreground_color[12] in module RectFill is either unconnected or has no load
WARNING: [Synth 8-7129] Port foreground_color[11] in module RectFill is either unconnected or has no load
WARNING: [Synth 8-7129] Port foreground_color[10] in module RectFill is either unconnected or has no load
WARNING: [Synth 8-7129] Port foreground_color[9] in module RectFill is either unconnected or has no load
WARNING: [Synth 8-7129] Port foreground_color[8] in module RectFill is either unconnected or has no load
WARNING: [Synth 8-7129] Port foreground_color[4] in module RectFill is either unconnected or has no load
WARNING: [Synth 8-7129] Port foreground_color[3] in module RectFill is either unconnected or has no load
WARNING: [Synth 8-7129] Port foreground_color[2] in module RectFill is either unconnected or has no load
WARNING: [Synth 8-7129] Port foreground_color[1] in module RectFill is either unconnected or has no load
WARNING: [Synth 8-7129] Port foreground_color[0] in module RectFill is either unconnected or has no load
---------------------------------------------------------------------------------
Finished RTL Elaboration : Time (s): cpu = 00:00:03 ; elapsed = 00:00:04 . Memory (MB): peak = 1254.672 ; gain = 0.000
---------------------------------------------------------------------------------
---------------------------------------------------------------------------------
Start Handling Custom Attributes
---------------------------------------------------------------------------------
---------------------------------------------------------------------------------
Finished Handling Custom Attributes : Time (s): cpu = 00:00:04 ; elapsed = 00:00:05 . Memory (MB): peak = 1254.672 ; gain = 0.000
---------------------------------------------------------------------------------
---------------------------------------------------------------------------------
Finished RTL Optimization Phase 1 : Time (s): cpu = 00:00:04 ; elapsed = 00:00:05 . Memory (MB): peak = 1254.672 ; gain = 0.000
---------------------------------------------------------------------------------
Netlist sorting complete. Time (s): cpu = 00:00:00 ; elapsed = 00:00:00.004 . Memory (MB): peak = 1254.672 ; gain = 0.000
INFO: [Project 1-570] Preparing netlist for logic optimization

Processing XDC Constraints
Initializing timing engine
Parsing XDC File [h:/Senior-Project-2023/SENIOR_PROJECT/New_Vram/New_Vram.gen/sources_1/ip/blk_mem_gen_0_1/blk_mem_gen_0/blk_mem_gen_0_in_context.xdc] for cell 'VRAM/blk_mem'
Finished Parsing XDC File [h:/Senior-Project-2023/SENIOR_PROJECT/New_Vram/New_Vram.gen/sources_1/ip/blk_mem_gen_0_1/blk_mem_gen_0/blk_mem_gen_0_in_context.xdc] for cell 'VRAM/blk_mem'
Parsing XDC File [h:/Senior-Project-2023/SENIOR_PROJECT/New_Vram/New_Vram.gen/sources_1/ip/rgb2dvi_0/rgb2dvi_0/rgb2dvi_0_in_context.xdc] for cell 'Display_Gen/rgb2dvi'
Finished Parsing XDC File [h:/Senior-Project-2023/SENIOR_PROJECT/New_Vram/New_Vram.gen/sources_1/ip/rgb2dvi_0/rgb2dvi_0/rgb2dvi_0_in_context.xdc] for cell 'Display_Gen/rgb2dvi'
Parsing XDC File [h:/Senior-Project-2023/SENIOR_PROJECT/New_Vram/New_Vram.gen/sources_1/ip/v_tc_0_1/v_tc_0/v_tc_0_in_context.xdc] for cell 'Display_Gen/vtc'
Finished Parsing XDC File [h:/Senior-Project-2023/SENIOR_PROJECT/New_Vram/New_Vram.gen/sources_1/ip/v_tc_0_1/v_tc_0/v_tc_0_in_context.xdc] for cell 'Display_Gen/vtc'
Parsing XDC File [h:/Senior-Project-2023/SENIOR_PROJECT/New_Vram/New_Vram.gen/sources_1/ip/clk_wiz_0/clk_wiz_0/clk_wiz_0_in_context.xdc] for cell 'clk_wiz'
Finished Parsing XDC File [h:/Senior-Project-2023/SENIOR_PROJECT/New_Vram/New_Vram.gen/sources_1/ip/clk_wiz_0/clk_wiz_0/clk_wiz_0_in_context.xdc] for cell 'clk_wiz'
Parsing XDC File [H:/Senior-Project-2023/SENIOR_PROJECT/New_Vram/New_Vram.srcs/constrs_1/imports/Nexys-Video-Master.xdc]
WARNING: [Vivado 12-584] No ports matched 'sw_0'. [H:/Senior-Project-2023/SENIOR_PROJECT/New_Vram/New_Vram.srcs/constrs_1/imports/Nexys-Video-Master.xdc:42]
WARNING: [Vivado 12-584] No ports matched 'sw_1'. [H:/Senior-Project-2023/SENIOR_PROJECT/New_Vram/New_Vram.srcs/constrs_1/imports/Nexys-Video-Master.xdc:43]
WARNING: [Vivado 12-584] No ports matched 'hdmi_tx_cec'. [H:/Senior-Project-2023/SENIOR_PROJECT/New_Vram/New_Vram.srcs/constrs_1/imports/Nexys-Video-Master.xdc:78]
WARNING: [Vivado 12-584] No ports matched 'hdmi_tx_hpd'. [H:/Senior-Project-2023/SENIOR_PROJECT/New_Vram/New_Vram.srcs/constrs_1/imports/Nexys-Video-Master.xdc:81]
WARNING: [Vivado 12-584] No ports matched 'hdmi_tx_rscl'. [H:/Senior-Project-2023/SENIOR_PROJECT/New_Vram/New_Vram.srcs/constrs_1/imports/Nexys-Video-Master.xdc:82]
WARNING: [Vivado 12-584] No ports matched 'hdmi_tx_rsda'. [H:/Senior-Project-2023/SENIOR_PROJECT/New_Vram/New_Vram.srcs/constrs_1/imports/Nexys-Video-Master.xdc:83]
WARNING: [Vivado 12-584] No ports matched 'ja[0]'. [H:/Senior-Project-2023/SENIOR_PROJECT/New_Vram/New_Vram.srcs/constrs_1/imports/Nexys-Video-Master.xdc:109]
WARNING: [Vivado 12-584] No ports matched 'ja[1]'. [H:/Senior-Project-2023/SENIOR_PROJECT/New_Vram/New_Vram.srcs/constrs_1/imports/Nexys-Video-Master.xdc:110]
Finished Parsing XDC File [H:/Senior-Project-2023/SENIOR_PROJECT/New_Vram/New_Vram.srcs/constrs_1/imports/Nexys-Video-Master.xdc]
WARNING: [Project 1-498] One or more constraints failed evaluation while reading constraint file [H:/Senior-Project-2023/SENIOR_PROJECT/New_Vram/New_Vram.srcs/constrs_1/imports/Nexys-Video-Master.xdc] and the design contains unresolved black boxes. These constraints will be read post-synthesis (as long as their source constraint file is marked as used_in_implementation) and should be applied correctly then. You should review the constraints listed in the file [.Xil/top_propImpl.xdc] and check the run log file to verify that these constraints were correctly applied.
INFO: [Project 1-236] Implementation specific constraints were found while reading constraint file [H:/Senior-Project-2023/SENIOR_PROJECT/New_Vram/New_Vram.srcs/constrs_1/imports/Nexys-Video-Master.xdc]. These constraints will be ignored for synthesis but will be used in implementation. Impacted constraints are listed in the file [.Xil/top_propImpl.xdc].
Resolution: To avoid this warning, move constraints listed in [.Xil/top_propImpl.xdc] to another XDC file and exclude this new file from synthesis with the used_in_synthesis property (File Properties dialog in GUI) and re-run elaboration/synthesis.
Completed Processing XDC Constraints

Netlist sorting complete. Time (s): cpu = 00:00:00 ; elapsed = 00:00:00 . Memory (MB): peak = 1322.270 ; gain = 0.000
INFO: [Project 1-111] Unisim Transformation Summary:
No Unisim elements were transformed.

Constraint Validation Runtime : Time (s): cpu = 00:00:00 ; elapsed = 00:00:00.007 . Memory (MB): peak = 1322.270 ; gain = 0.000
WARNING: [Timing 38-316] Clock period '20.000' specified during out-of-context synthesis of instance 'VRAM/blk_mem' at clock pin 'clka' is different from the actual clock period '13.468', this can lead to different synthesis results.
WARNING: [Designutils 20-4072] Reference run did not run incremental synthesis because the design is too small; reverting to default synthesis
INFO: [Designutils 20-4379] Flow is switching to default flow due to incremental criteria not met. If you would like to alter this behaviour and have the flow terminate instead, please set the following parameter config_implementation {autoIncr.Synth.RejectBehavior Terminate}
---------------------------------------------------------------------------------
Finished Constraint Validation : Time (s): cpu = 00:00:08 ; elapsed = 00:00:09 . Memory (MB): peak = 1325.320 ; gain = 70.648
---------------------------------------------------------------------------------
---------------------------------------------------------------------------------
Start Loading Part and Timing Information
---------------------------------------------------------------------------------
Loading part: xc7a200tsbg484-1
---------------------------------------------------------------------------------
Finished Loading Part and Timing Information : Time (s): cpu = 00:00:08 ; elapsed = 00:00:09 . Memory (MB): peak = 1325.320 ; gain = 70.648
---------------------------------------------------------------------------------
---------------------------------------------------------------------------------
Start Applying 'set_property' XDC Constraints
---------------------------------------------------------------------------------
Applied set_property IO_BUFFER_TYPE = NONE for hdmi_tx_clk_n. (constraint file  h:/Senior-Project-2023/SENIOR_PROJECT/New_Vram/New_Vram.gen/sources_1/ip/rgb2dvi_0/rgb2dvi_0/rgb2dvi_0_in_context.xdc, line 1).
Applied set_property CLOCK_BUFFER_TYPE = NONE for hdmi_tx_clk_n. (constraint file  h:/Senior-Project-2023/SENIOR_PROJECT/New_Vram/New_Vram.gen/sources_1/ip/rgb2dvi_0/rgb2dvi_0/rgb2dvi_0_in_context.xdc, line 2).
Applied set_property IO_BUFFER_TYPE = NONE for hdmi_tx_clk_p. (constraint file  h:/Senior-Project-2023/SENIOR_PROJECT/New_Vram/New_Vram.gen/sources_1/ip/rgb2dvi_0/rgb2dvi_0/rgb2dvi_0_in_context.xdc, line 3).
Applied set_property CLOCK_BUFFER_TYPE = NONE for hdmi_tx_clk_p. (constraint file  h:/Senior-Project-2023/SENIOR_PROJECT/New_Vram/New_Vram.gen/sources_1/ip/rgb2dvi_0/rgb2dvi_0/rgb2dvi_0_in_context.xdc, line 4).
Applied set_property IO_BUFFER_TYPE = NONE for hdmi_tx_n[0]. (constraint file  h:/Senior-Project-2023/SENIOR_PROJECT/New_Vram/New_Vram.gen/sources_1/ip/rgb2dvi_0/rgb2dvi_0/rgb2dvi_0_in_context.xdc, line 5).
Applied set_property CLOCK_BUFFER_TYPE = NONE for hdmi_tx_n[0]. (constraint file  h:/Senior-Project-2023/SENIOR_PROJECT/New_Vram/New_Vram.gen/sources_1/ip/rgb2dvi_0/rgb2dvi_0/rgb2dvi_0_in_context.xdc, line 6).
Applied set_property IO_BUFFER_TYPE = NONE for hdmi_tx_n[1]. (constraint file  h:/Senior-Project-2023/SENIOR_PROJECT/New_Vram/New_Vram.gen/sources_1/ip/rgb2dvi_0/rgb2dvi_0/rgb2dvi_0_in_context.xdc, line 7).
Applied set_property CLOCK_BUFFER_TYPE = NONE for hdmi_tx_n[1]. (constraint file  h:/Senior-Project-2023/SENIOR_PROJECT/New_Vram/New_Vram.gen/sources_1/ip/rgb2dvi_0/rgb2dvi_0/rgb2dvi_0_in_context.xdc, line 8).
Applied set_property IO_BUFFER_TYPE = NONE for hdmi_tx_n[2]. (constraint file  h:/Senior-Project-2023/SENIOR_PROJECT/New_Vram/New_Vram.gen/sources_1/ip/rgb2dvi_0/rgb2dvi_0/rgb2dvi_0_in_context.xdc, line 9).
Applied set_property CLOCK_BUFFER_TYPE = NONE for hdmi_tx_n[2]. (constraint file  h:/Senior-Project-2023/SENIOR_PROJECT/New_Vram/New_Vram.gen/sources_1/ip/rgb2dvi_0/rgb2dvi_0/rgb2dvi_0_in_context.xdc, line 10).
Applied set_property IO_BUFFER_TYPE = NONE for hdmi_tx_p[0]. (constraint file  h:/Senior-Project-2023/SENIOR_PROJECT/New_Vram/New_Vram.gen/sources_1/ip/rgb2dvi_0/rgb2dvi_0/rgb2dvi_0_in_context.xdc, line 11).
Applied set_property CLOCK_BUFFER_TYPE = NONE for hdmi_tx_p[0]. (constraint file  h:/Senior-Project-2023/SENIOR_PROJECT/New_Vram/New_Vram.gen/sources_1/ip/rgb2dvi_0/rgb2dvi_0/rgb2dvi_0_in_context.xdc, line 12).
Applied set_property IO_BUFFER_TYPE = NONE for hdmi_tx_p[1]. (constraint file  h:/Senior-Project-2023/SENIOR_PROJECT/New_Vram/New_Vram.gen/sources_1/ip/rgb2dvi_0/rgb2dvi_0/rgb2dvi_0_in_context.xdc, line 13).
Applied set_property CLOCK_BUFFER_TYPE = NONE for hdmi_tx_p[1]. (constraint file  h:/Senior-Project-2023/SENIOR_PROJECT/New_Vram/New_Vram.gen/sources_1/ip/rgb2dvi_0/rgb2dvi_0/rgb2dvi_0_in_context.xdc, line 14).
Applied set_property IO_BUFFER_TYPE = NONE for hdmi_tx_p[2]. (constraint file  h:/Senior-Project-2023/SENIOR_PROJECT/New_Vram/New_Vram.gen/sources_1/ip/rgb2dvi_0/rgb2dvi_0/rgb2dvi_0_in_context.xdc, line 15).
Applied set_property CLOCK_BUFFER_TYPE = NONE for hdmi_tx_p[2]. (constraint file  h:/Senior-Project-2023/SENIOR_PROJECT/New_Vram/New_Vram.gen/sources_1/ip/rgb2dvi_0/rgb2dvi_0/rgb2dvi_0_in_context.xdc, line 16).
Applied set_property IO_BUFFER_TYPE = NONE for clk. (constraint file  h:/Senior-Project-2023/SENIOR_PROJECT/New_Vram/New_Vram.gen/sources_1/ip/clk_wiz_0/clk_wiz_0/clk_wiz_0_in_context.xdc, line 3).
Applied set_property CLOCK_BUFFER_TYPE = NONE for clk. (constraint file  h:/Senior-Project-2023/SENIOR_PROJECT/New_Vram/New_Vram.gen/sources_1/ip/clk_wiz_0/clk_wiz_0/clk_wiz_0_in_context.xdc, line 4).
Applied set_property KEEP_HIERARCHY = SOFT for VRAM/blk_mem. (constraint file  auto generated constraint).
Applied set_property KEEP_HIERARCHY = SOFT for Display_Gen/rgb2dvi. (constraint file  auto generated constraint).
Applied set_property KEEP_HIERARCHY = SOFT for Display_Gen/vtc. (constraint file  auto generated constraint).
Applied set_property KEEP_HIERARCHY = SOFT for clk_wiz. (constraint file  auto generated constraint).
---------------------------------------------------------------------------------
Finished applying 'set_property' XDC Constraints : Time (s): cpu = 00:00:08 ; elapsed = 00:00:09 . Memory (MB): peak = 1325.320 ; gain = 70.648
---------------------------------------------------------------------------------
---------------------------------------------------------------------------------
Finished RTL Optimization Phase 2 : Time (s): cpu = 00:00:08 ; elapsed = 00:00:10 . Memory (MB): peak = 1325.320 ; gain = 70.648
---------------------------------------------------------------------------------
---------------------------------------------------------------------------------
Start RTL Component Statistics 
---------------------------------------------------------------------------------
Detailed RTL Component Info : 
+---Adders : 
	   2 Input   20 Bit       Adders := 3     
	   2 Input   11 Bit       Adders := 3     
	   2 Input   10 Bit       Adders := 6     
+---Registers : 
	               11 Bit    Registers := 3     
	               10 Bit    Registers := 6     
	                8 Bit    Registers := 1     
	                2 Bit    Registers := 1     
	                1 Bit    Registers := 6     
+---Muxes : 
	   2 Input   11 Bit        Muxes := 2     
	   2 Input   10 Bit        Muxes := 2     
	   2 Input    5 Bit        Muxes := 1     
	   3 Input    2 Bit        Muxes := 1     
	   2 Input    1 Bit        Muxes := 6     
---------------------------------------------------------------------------------
Finished RTL Component Statistics 
---------------------------------------------------------------------------------
---------------------------------------------------------------------------------
Start Part Resource Summary
---------------------------------------------------------------------------------
Part Resources:
DSPs: 740 (col length:100)
BRAMs: 730 (col length: RAMB18 100 RAMB36 50)
---------------------------------------------------------------------------------
Finished Part Resource Summary
---------------------------------------------------------------------------------
---------------------------------------------------------------------------------
Start Cross Boundary and Area Optimization
---------------------------------------------------------------------------------
WARNING: [Synth 8-7080] Parallel synthesis criteria is not met
---------------------------------------------------------------------------------
Finished Cross Boundary and Area Optimization : Time (s): cpu = 00:00:09 ; elapsed = 00:00:12 . Memory (MB): peak = 1325.320 ; gain = 70.648
---------------------------------------------------------------------------------
---------------------------------------------------------------------------------
Start Applying XDC Timing Constraints
---------------------------------------------------------------------------------
---------------------------------------------------------------------------------
Finished Applying XDC Timing Constraints : Time (s): cpu = 00:00:12 ; elapsed = 00:00:15 . Memory (MB): peak = 1325.320 ; gain = 70.648
---------------------------------------------------------------------------------
---------------------------------------------------------------------------------
Start Timing Optimization
---------------------------------------------------------------------------------
---------------------------------------------------------------------------------
Finished Timing Optimization : Time (s): cpu = 00:00:13 ; elapsed = 00:00:15 . Memory (MB): peak = 1325.320 ; gain = 70.648
---------------------------------------------------------------------------------
---------------------------------------------------------------------------------
Start Technology Mapping
---------------------------------------------------------------------------------
---------------------------------------------------------------------------------
Finished Technology Mapping : Time (s): cpu = 00:00:13 ; elapsed = 00:00:15 . Memory (MB): peak = 1325.320 ; gain = 70.648
---------------------------------------------------------------------------------
---------------------------------------------------------------------------------
Start IO Insertion
---------------------------------------------------------------------------------
---------------------------------------------------------------------------------
Start Flattening Before IO Insertion
---------------------------------------------------------------------------------
---------------------------------------------------------------------------------
Finished Flattening Before IO Insertion
---------------------------------------------------------------------------------
---------------------------------------------------------------------------------
Start Final Netlist Cleanup
---------------------------------------------------------------------------------
---------------------------------------------------------------------------------
Finished Final Netlist Cleanup
---------------------------------------------------------------------------------
CRITICAL WARNING: [Synth 8-4442] BlackBox module \Display_Gen/vtc  has unconnected pin sof_state
---------------------------------------------------------------------------------
Finished IO Insertion : Time (s): cpu = 00:00:15 ; elapsed = 00:00:18 . Memory (MB): peak = 1325.320 ; gain = 70.648
---------------------------------------------------------------------------------
---------------------------------------------------------------------------------
Start Renaming Generated Instances
---------------------------------------------------------------------------------
---------------------------------------------------------------------------------
Finished Renaming Generated Instances : Time (s): cpu = 00:00:15 ; elapsed = 00:00:18 . Memory (MB): peak = 1325.320 ; gain = 70.648
---------------------------------------------------------------------------------
---------------------------------------------------------------------------------
Start Rebuilding User Hierarchy
---------------------------------------------------------------------------------
---------------------------------------------------------------------------------
Finished Rebuilding User Hierarchy : Time (s): cpu = 00:00:15 ; elapsed = 00:00:18 . Memory (MB): peak = 1325.320 ; gain = 70.648
---------------------------------------------------------------------------------
---------------------------------------------------------------------------------
Start Renaming Generated Ports
---------------------------------------------------------------------------------
---------------------------------------------------------------------------------
Finished Renaming Generated Ports : Time (s): cpu = 00:00:15 ; elapsed = 00:00:18 . Memory (MB): peak = 1325.320 ; gain = 70.648
---------------------------------------------------------------------------------
---------------------------------------------------------------------------------
Start Handling Custom Attributes
---------------------------------------------------------------------------------
---------------------------------------------------------------------------------
Finished Handling Custom Attributes : Time (s): cpu = 00:00:15 ; elapsed = 00:00:18 . Memory (MB): peak = 1325.320 ; gain = 70.648
---------------------------------------------------------------------------------
---------------------------------------------------------------------------------
Start Renaming Generated Nets
---------------------------------------------------------------------------------
---------------------------------------------------------------------------------
Finished Renaming Generated Nets : Time (s): cpu = 00:00:15 ; elapsed = 00:00:18 . Memory (MB): peak = 1325.320 ; gain = 70.648
---------------------------------------------------------------------------------
---------------------------------------------------------------------------------
Start ROM, RAM, DSP, Shift Register and Retiming Reporting
---------------------------------------------------------------------------------

Static Shift Register Report:
+------------+-----------+--------+-------+--------------+--------------------+-------------------+--------+---------+
|Module Name | RTL Name  | Length | Width | Reset Signal | Pull out first Reg | Pull out last Reg | SRL16E | SRLC32E | 
+------------+-----------+--------+-------+--------------+--------------------+-------------------+--------+---------+
|top         | reset_reg | 3      | 1     | NO           | NO                 | YES               | 1      | 0       | 
+------------+-----------+--------+-------+--------------+--------------------+-------------------+--------+---------+

---------------------------------------------------------------------------------
Finished ROM, RAM, DSP, Shift Register and Retiming Reporting
---------------------------------------------------------------------------------
---------------------------------------------------------------------------------
Start Writing Synthesis Report
---------------------------------------------------------------------------------

Report BlackBoxes: 
+------+--------------+----------+
|      |BlackBox name |Instances |
+------+--------------+----------+
|1     |clk_wiz_0     |         1|
|2     |rgb2dvi_0     |         1|
|3     |v_tc_0        |         1|
|4     |blk_mem_gen_0 |         1|
+------+--------------+----------+

Report Cell Usage: 
+------+------------+------+
|      |Cell        |Count |
+------+------------+------+
|1     |blk_mem_gen |     1|
|2     |clk_wiz     |     1|
|3     |rgb2dvi     |     1|
|4     |v_tc        |     1|
|5     |CARRY4      |    24|
|6     |LUT1        |     8|
|7     |LUT2        |    43|
|8     |LUT3        |    16|
|9     |LUT4        |    36|
|10    |LUT5        |    19|
|11    |LUT6        |    29|
|12    |SRL16E      |     1|
|13    |FDRE        |    79|
|14    |IBUF        |     1|
+------+------------+------+
---------------------------------------------------------------------------------
Finished Writing Synthesis Report : Time (s): cpu = 00:00:15 ; elapsed = 00:00:18 . Memory (MB): peak = 1325.320 ; gain = 70.648
---------------------------------------------------------------------------------
Synthesis finished with 0 errors, 1 critical warnings and 1 warnings.
Synthesis Optimization Runtime : Time (s): cpu = 00:00:10 ; elapsed = 00:00:16 . Memory (MB): peak = 1325.320 ; gain = 0.000
Synthesis Optimization Complete : Time (s): cpu = 00:00:15 ; elapsed = 00:00:18 . Memory (MB): peak = 1325.320 ; gain = 70.648
INFO: [Project 1-571] Translating synthesized netlist
Netlist sorting complete. Time (s): cpu = 00:00:00 ; elapsed = 00:00:00.002 . Memory (MB): peak = 1325.320 ; gain = 0.000
INFO: [Netlist 29-17] Analyzing 24 Unisim elements for replacement
INFO: [Netlist 29-28] Unisim Transformation completed in 0 CPU seconds
INFO: [Project 1-570] Preparing netlist for logic optimization
INFO: [Opt 31-138] Pushed 0 inverter(s) to 0 load pin(s).
Netlist sorting complete. Time (s): cpu = 00:00:00 ; elapsed = 00:00:00 . Memory (MB): peak = 1325.320 ; gain = 0.000
INFO: [Project 1-111] Unisim Transformation Summary:
No Unisim elements were transformed.

Synth Design complete, checksum: 23ea1e4d
INFO: [Common 17-83] Releasing license: Synthesis
40 Infos, 37 Warnings, 1 Critical Warnings and 0 Errors encountered.
synth_design completed successfully
synth_design: Time (s): cpu = 00:00:18 ; elapsed = 00:00:22 . Memory (MB): peak = 1325.320 ; gain = 70.648
INFO: [runtcl-6] Synthesis results are not added to the cache due to CRITICAL_WARNING
INFO: [Common 17-1381] The checkpoint 'H:/Senior-Project-2023/SENIOR_PROJECT/New_Vram/New_Vram.runs/synth_1/top.dcp' has been generated.
INFO: [runtcl-4] Executing : report_utilization -file top_utilization_synth.rpt -pb top_utilization_synth.pb
INFO: [Common 17-206] Exiting Vivado at Fri Feb 23 13:22:03 2024...
