
*** Running vivado
    with args -log top.vdi -applog -m64 -product Vivado -messageDb vivado.pb -mode batch -source top.tcl -notrace



****** Vivado v2021.2 (64-bit)
  **** SW Build 3367213 on Tue Oct 19 02:48:09 MDT 2021
  **** IP Build 3369179 on Thu Oct 21 08:25:16 MDT 2021
    ** Copyright 1986-2021 Xilinx, Inc. All Rights Reserved.

source top.tcl -notrace
INFO: [IP_Flow 19-234] Refreshing IP repositories
INFO: [IP_Flow 19-1700] Loaded user IP repository 'h:/Senior-Project-2023/vivado-library'.
INFO: [IP_Flow 19-2313] Loaded Vivado IP repository 'C:/Xilinx/Vivado/2021.2/data/ip'.
update_ip_catalog: Time (s): cpu = 00:00:00 ; elapsed = 00:00:08 . Memory (MB): peak = 1253.828 ; gain = 0.000
Command: link_design -top top -part xc7a200tsbg484-1
Design is defaulting to srcset: sources_1
Design is defaulting to constrset: constrs_1
INFO: [Device 21-403] Loading part xc7a200tsbg484-1
INFO: [Project 1-454] Reading design checkpoint 'h:/Senior-Project-2023/SENIOR_PROJECT/New_Vram/New_Vram.gen/sources_1/ip/clk_wiz_0/clk_wiz_0.dcp' for cell 'clk_wiz'
INFO: [Project 1-454] Reading design checkpoint 'h:/Senior-Project-2023/SENIOR_PROJECT/New_Vram/New_Vram.gen/sources_1/ip/rgb2dvi_0/rgb2dvi_0.dcp' for cell 'Display_Gen/rgb2dvi'
INFO: [Project 1-454] Reading design checkpoint 'h:/Senior-Project-2023/SENIOR_PROJECT/New_Vram/New_Vram.gen/sources_1/ip/v_tc_0_1/v_tc_0.dcp' for cell 'Display_Gen/vtc'
INFO: [Project 1-454] Reading design checkpoint 'h:/Senior-Project-2023/SENIOR_PROJECT/New_Vram/New_Vram.gen/sources_1/ip/blk_mem_gen_0_1/blk_mem_gen_0.dcp' for cell 'VRAM/blk_mem'
Netlist sorting complete. Time (s): cpu = 00:00:00 ; elapsed = 00:00:00.095 . Memory (MB): peak = 1253.828 ; gain = 0.000
INFO: [Netlist 29-17] Analyzing 732 Unisim elements for replacement
INFO: [Netlist 29-28] Unisim Transformation completed in 0 CPU seconds
INFO: [Project 1-479] Netlist was created with Vivado 2021.2
INFO: [Project 1-570] Preparing netlist for logic optimization
Parsing XDC File [h:/Senior-Project-2023/SENIOR_PROJECT/New_Vram/New_Vram.gen/sources_1/ip/rgb2dvi_0/src/rgb2dvi.xdc] for cell 'Display_Gen/rgb2dvi/U0'
Finished Parsing XDC File [h:/Senior-Project-2023/SENIOR_PROJECT/New_Vram/New_Vram.gen/sources_1/ip/rgb2dvi_0/src/rgb2dvi.xdc] for cell 'Display_Gen/rgb2dvi/U0'
Parsing XDC File [h:/Senior-Project-2023/SENIOR_PROJECT/New_Vram/New_Vram.gen/sources_1/ip/clk_wiz_0/clk_wiz_0_board.xdc] for cell 'clk_wiz/inst'
Finished Parsing XDC File [h:/Senior-Project-2023/SENIOR_PROJECT/New_Vram/New_Vram.gen/sources_1/ip/clk_wiz_0/clk_wiz_0_board.xdc] for cell 'clk_wiz/inst'
Parsing XDC File [h:/Senior-Project-2023/SENIOR_PROJECT/New_Vram/New_Vram.gen/sources_1/ip/clk_wiz_0/clk_wiz_0.xdc] for cell 'clk_wiz/inst'
INFO: [Timing 38-35] Done setting XDC timing constraints. [h:/Senior-Project-2023/SENIOR_PROJECT/New_Vram/New_Vram.gen/sources_1/ip/clk_wiz_0/clk_wiz_0.xdc:57]
INFO: [Timing 38-2] Deriving generated clocks [h:/Senior-Project-2023/SENIOR_PROJECT/New_Vram/New_Vram.gen/sources_1/ip/clk_wiz_0/clk_wiz_0.xdc:57]
Finished Parsing XDC File [h:/Senior-Project-2023/SENIOR_PROJECT/New_Vram/New_Vram.gen/sources_1/ip/clk_wiz_0/clk_wiz_0.xdc] for cell 'clk_wiz/inst'
Parsing XDC File [H:/Senior-Project-2023/SENIOR_PROJECT/New_Vram/New_Vram.srcs/constrs_1/imports/Nexys-Video-Master.xdc]
WARNING: [Vivado 12-584] No ports matched 'sw_0'. [H:/Senior-Project-2023/SENIOR_PROJECT/New_Vram/New_Vram.srcs/constrs_1/imports/Nexys-Video-Master.xdc:42]
CRITICAL WARNING: [Common 17-55] 'set_property' expects at least one object. [H:/Senior-Project-2023/SENIOR_PROJECT/New_Vram/New_Vram.srcs/constrs_1/imports/Nexys-Video-Master.xdc:42]
Resolution: If [get_<value>] was used to populate the object, check to make sure this command returns at least one valid object.
WARNING: [Vivado 12-584] No ports matched 'sw_1'. [H:/Senior-Project-2023/SENIOR_PROJECT/New_Vram/New_Vram.srcs/constrs_1/imports/Nexys-Video-Master.xdc:43]
CRITICAL WARNING: [Common 17-55] 'set_property' expects at least one object. [H:/Senior-Project-2023/SENIOR_PROJECT/New_Vram/New_Vram.srcs/constrs_1/imports/Nexys-Video-Master.xdc:43]
Resolution: If [get_<value>] was used to populate the object, check to make sure this command returns at least one valid object.
WARNING: [Vivado 12-584] No ports matched 'hdmi_tx_cec'. [H:/Senior-Project-2023/SENIOR_PROJECT/New_Vram/New_Vram.srcs/constrs_1/imports/Nexys-Video-Master.xdc:78]
CRITICAL WARNING: [Common 17-55] 'set_property' expects at least one object. [H:/Senior-Project-2023/SENIOR_PROJECT/New_Vram/New_Vram.srcs/constrs_1/imports/Nexys-Video-Master.xdc:78]
Resolution: If [get_<value>] was used to populate the object, check to make sure this command returns at least one valid object.
WARNING: [Vivado 12-584] No ports matched 'hdmi_tx_hpd'. [H:/Senior-Project-2023/SENIOR_PROJECT/New_Vram/New_Vram.srcs/constrs_1/imports/Nexys-Video-Master.xdc:81]
CRITICAL WARNING: [Common 17-55] 'set_property' expects at least one object. [H:/Senior-Project-2023/SENIOR_PROJECT/New_Vram/New_Vram.srcs/constrs_1/imports/Nexys-Video-Master.xdc:81]
Resolution: If [get_<value>] was used to populate the object, check to make sure this command returns at least one valid object.
WARNING: [Vivado 12-584] No ports matched 'hdmi_tx_rscl'. [H:/Senior-Project-2023/SENIOR_PROJECT/New_Vram/New_Vram.srcs/constrs_1/imports/Nexys-Video-Master.xdc:82]
CRITICAL WARNING: [Common 17-55] 'set_property' expects at least one object. [H:/Senior-Project-2023/SENIOR_PROJECT/New_Vram/New_Vram.srcs/constrs_1/imports/Nexys-Video-Master.xdc:82]
Resolution: If [get_<value>] was used to populate the object, check to make sure this command returns at least one valid object.
WARNING: [Vivado 12-584] No ports matched 'hdmi_tx_rsda'. [H:/Senior-Project-2023/SENIOR_PROJECT/New_Vram/New_Vram.srcs/constrs_1/imports/Nexys-Video-Master.xdc:83]
CRITICAL WARNING: [Common 17-55] 'set_property' expects at least one object. [H:/Senior-Project-2023/SENIOR_PROJECT/New_Vram/New_Vram.srcs/constrs_1/imports/Nexys-Video-Master.xdc:83]
Resolution: If [get_<value>] was used to populate the object, check to make sure this command returns at least one valid object.
WARNING: [Vivado 12-584] No ports matched 'ja[0]'. [H:/Senior-Project-2023/SENIOR_PROJECT/New_Vram/New_Vram.srcs/constrs_1/imports/Nexys-Video-Master.xdc:109]
CRITICAL WARNING: [Common 17-55] 'set_property' expects at least one object. [H:/Senior-Project-2023/SENIOR_PROJECT/New_Vram/New_Vram.srcs/constrs_1/imports/Nexys-Video-Master.xdc:109]
Resolution: If [get_<value>] was used to populate the object, check to make sure this command returns at least one valid object.
WARNING: [Vivado 12-584] No ports matched 'ja[1]'. [H:/Senior-Project-2023/SENIOR_PROJECT/New_Vram/New_Vram.srcs/constrs_1/imports/Nexys-Video-Master.xdc:110]
CRITICAL WARNING: [Common 17-55] 'set_property' expects at least one object. [H:/Senior-Project-2023/SENIOR_PROJECT/New_Vram/New_Vram.srcs/constrs_1/imports/Nexys-Video-Master.xdc:110]
Resolution: If [get_<value>] was used to populate the object, check to make sure this command returns at least one valid object.
Finished Parsing XDC File [H:/Senior-Project-2023/SENIOR_PROJECT/New_Vram/New_Vram.srcs/constrs_1/imports/Nexys-Video-Master.xdc]
Parsing XDC File [h:/Senior-Project-2023/SENIOR_PROJECT/New_Vram/New_Vram.gen/sources_1/ip/rgb2dvi_0/src/rgb2dvi_clocks.xdc] for cell 'Display_Gen/rgb2dvi/U0'
Finished Parsing XDC File [h:/Senior-Project-2023/SENIOR_PROJECT/New_Vram/New_Vram.gen/sources_1/ip/rgb2dvi_0/src/rgb2dvi_clocks.xdc] for cell 'Display_Gen/rgb2dvi/U0'
Parsing XDC File [h:/Senior-Project-2023/SENIOR_PROJECT/New_Vram/New_Vram.gen/sources_1/ip/v_tc_0_1/v_tc_0_clocks.xdc] for cell 'Display_Gen/vtc/U0'
Finished Parsing XDC File [h:/Senior-Project-2023/SENIOR_PROJECT/New_Vram/New_Vram.gen/sources_1/ip/v_tc_0_1/v_tc_0_clocks.xdc] for cell 'Display_Gen/vtc/U0'
INFO: [Project 1-1714] 1 XPM XDC files have been applied to the design.
INFO: [Opt 31-138] Pushed 0 inverter(s) to 0 load pin(s).
Netlist sorting complete. Time (s): cpu = 00:00:00 ; elapsed = 00:00:00.004 . Memory (MB): peak = 1572.156 ; gain = 0.000
INFO: [Project 1-111] Unisim Transformation Summary:
No Unisim elements were transformed.

17 Infos, 8 Warnings, 8 Critical Warnings and 0 Errors encountered.
link_design completed successfully
link_design: Time (s): cpu = 00:00:10 ; elapsed = 00:00:11 . Memory (MB): peak = 1572.156 ; gain = 318.328
Command: opt_design
Attempting to get a license for feature 'Implementation' and/or device 'xc7a200t'
INFO: [Common 17-349] Got license for feature 'Implementation' and/or device 'xc7a200t'
Running DRC as a precondition to command opt_design

Starting DRC Task
INFO: [DRC 23-27] Running DRC with 2 threads
INFO: [Project 1-461] DRC finished with 0 Errors
INFO: [Project 1-462] Please refer to the DRC report (report_drc) for more information.

Time (s): cpu = 00:00:01 ; elapsed = 00:00:00.641 . Memory (MB): peak = 1572.156 ; gain = 0.000

Starting Cache Timing Information Task
INFO: [Timing 38-35] Done setting XDC timing constraints.
Ending Cache Timing Information Task | Checksum: 20c1dfa04

Time (s): cpu = 00:00:01 ; elapsed = 00:00:00.244 . Memory (MB): peak = 1572.156 ; gain = 0.000

Starting Logic Optimization Task

Phase 1 Retarget
INFO: [Opt 31-1287] Pulled Inverter Display_Gen/rgb2dvi/U0/DataEncoders[1].DataEncoder/pDataOutRaw[9]_i_1 into driver instance Display_Gen/rgb2dvi/U0/DataEncoders[1].DataEncoder/pDataOutRaw[9]_i_2__0, which resulted in an inversion of 9 pins
INFO: [Opt 31-1287] Pulled Inverter Display_Gen/rgb2dvi/U0/DataEncoders[2].DataEncoder/pDataOutRaw[9]_i_1__0 into driver instance Display_Gen/rgb2dvi/U0/DataEncoders[2].DataEncoder/pDataOutRaw[9]_i_2__1, which resulted in an inversion of 9 pins
INFO: [Opt 31-1287] Pulled Inverter Display_Gen/rgb2dvi/U0/DataEncoders[2].DataEncoder/q_m_2[7]_i_1 into driver instance Display_Gen/rgb2dvi/U0/DataEncoders[2].DataEncoder/q_m_2[7]_i_2__1, which resulted in an inversion of 8 pins
INFO: [Opt 31-1287] Pulled Inverter Display_Gen/vtc/U0/U_TC_TOP/GEN_GENERATOR.U_TC_GEN/async_enable_d_i_1 into driver instance Display_Gen/vtc_i_1, which resulted in an inversion of 11 pins
INFO: [Opt 31-138] Pushed 1 inverter(s) to 1 load pin(s).
CRITICAL WARNING: [Opt 31-430] Found a FDRE that its data pin is undriven. Driver is required to prevent unexpected behavior:Display_Gen/vtc/U0/xpm_cdc_single_inst/syncstages_ff_reg[0]
INFO: [Opt 31-49] Retargeted 0 cell(s).
Phase 1 Retarget | Checksum: f4e7bd73

Time (s): cpu = 00:00:01 ; elapsed = 00:00:00.297 . Memory (MB): peak = 1836.277 ; gain = 0.234
INFO: [Opt 31-389] Phase Retarget created 81 cells and removed 146 cells
INFO: [Opt 31-1021] In phase Retarget, 1 netlist objects are constrained preventing optimization. Please run opt_design with -debug_log to get more detail. 

Phase 2 Constant propagation
INFO: [Opt 31-138] Pushed 6 inverter(s) to 35 load pin(s).
Phase 2 Constant propagation | Checksum: da592790

Time (s): cpu = 00:00:01 ; elapsed = 00:00:00.345 . Memory (MB): peak = 1836.277 ; gain = 0.234
INFO: [Opt 31-389] Phase Constant propagation created 89 cells and removed 297 cells

Phase 3 Sweep
Phase 3 Sweep | Checksum: b87d805f

Time (s): cpu = 00:00:01 ; elapsed = 00:00:00.468 . Memory (MB): peak = 1836.277 ; gain = 0.234
INFO: [Opt 31-389] Phase Sweep created 0 cells and removed 59 cells

Phase 4 BUFG optimization
INFO: [Opt 31-194] Inserted BUFG Display_Gen/rgb2dvi/U0/ClockGenInternal.ClockGenX/PixelClk_BUFG_inst to drive 8 load(s) on clock net Display_Gen/rgb2dvi/U0/ClockGenInternal.ClockGenX/PixelClk_BUFG
INFO: [Opt 31-194] Inserted BUFG Display_Gen/rgb2dvi/U0/ClockGenInternal.ClockGenX/SerialClk_BUFG_inst to drive 8 load(s) on clock net Display_Gen/rgb2dvi/U0/ClockGenInternal.ClockGenX/SerialClk_BUFG
INFO: [Opt 31-193] Inserted 2 BUFG(s) on clock nets
Phase 4 BUFG optimization | Checksum: 102af05cf

Time (s): cpu = 00:00:01 ; elapsed = 00:00:00.570 . Memory (MB): peak = 1836.277 ; gain = 0.234
INFO: [Opt 31-662] Phase BUFG optimization created 2 cells of which 2 are BUFGs and removed 0 cells.

Phase 5 Shift Register Optimization
INFO: [Opt 31-1064] SRL Remap converted 0 SRLs to 0 registers and converted 0 registers of register chains to 0 SRLs
Phase 5 Shift Register Optimization | Checksum: 102af05cf

Time (s): cpu = 00:00:01 ; elapsed = 00:00:00.579 . Memory (MB): peak = 1836.277 ; gain = 0.234
INFO: [Opt 31-389] Phase Shift Register Optimization created 0 cells and removed 0 cells

Phase 6 Post Processing Netlist
Phase 6 Post Processing Netlist | Checksum: 102af05cf

Time (s): cpu = 00:00:01 ; elapsed = 00:00:00.592 . Memory (MB): peak = 1836.277 ; gain = 0.234
INFO: [Opt 31-389] Phase Post Processing Netlist created 0 cells and removed 0 cells
Opt_design Change Summary
=========================


-------------------------------------------------------------------------------------------------------------------------
|  Phase                        |  #Cells created  |  #Cells Removed  |  #Constrained objects preventing optimizations  |
-------------------------------------------------------------------------------------------------------------------------
|  Retarget                     |              81  |             146  |                                              1  |
|  Constant propagation         |              89  |             297  |                                              0  |
|  Sweep                        |               0  |              59  |                                              0  |
|  BUFG optimization            |               2  |               0  |                                              0  |
|  Shift Register Optimization  |               0  |               0  |                                              0  |
|  Post Processing Netlist      |               0  |               0  |                                              0  |
-------------------------------------------------------------------------------------------------------------------------



Starting Connectivity Check Task

Time (s): cpu = 00:00:00 ; elapsed = 00:00:00.004 . Memory (MB): peak = 1836.277 ; gain = 0.000
Ending Logic Optimization Task | Checksum: 12c5fc808

Time (s): cpu = 00:00:01 ; elapsed = 00:00:00.654 . Memory (MB): peak = 1836.277 ; gain = 0.234

Starting Power Optimization Task
INFO: [Pwropt 34-132] Skipping clock gating for clocks with a period < 2.00 ns.
INFO: [Timing 38-35] Done setting XDC timing constraints.
Running Vector-less Activity Propagation...

Finished Running Vector-less Activity Propagation
INFO: [Pwropt 34-9] Applying IDT optimizations ...
INFO: [Pwropt 34-10] Applying ODC optimizations ...


Starting PowerOpt Patch Enables Task
INFO: [Pwropt 34-162] WRITE_MODE attribute of 0 BRAM(s) out of a total of 256 has been updated to save power. Run report_power_opt to get a complete listing of the BRAMs updated.
INFO: [Pwropt 34-201] Structural ODC has moved 0 WE to EN ports
Number of BRAM Ports augmented: 256 newly gated: 256 Total Ports: 512
Ending PowerOpt Patch Enables Task | Checksum: 1112220f7

Time (s): cpu = 00:00:01 ; elapsed = 00:00:00.806 . Memory (MB): peak = 2421.473 ; gain = 0.000
Ending Power Optimization Task | Checksum: 1112220f7

Time (s): cpu = 00:00:20 ; elapsed = 00:00:19 . Memory (MB): peak = 2421.473 ; gain = 585.195

Starting Final Cleanup Task
Ending Final Cleanup Task | Checksum: 1112220f7

Time (s): cpu = 00:00:00 ; elapsed = 00:00:00.001 . Memory (MB): peak = 2421.473 ; gain = 0.000

Starting Netlist Obfuscation Task
Netlist sorting complete. Time (s): cpu = 00:00:00 ; elapsed = 00:00:00.078 . Memory (MB): peak = 2421.473 ; gain = 0.000
Ending Netlist Obfuscation Task | Checksum: 119624e9b

Time (s): cpu = 00:00:00 ; elapsed = 00:00:00.080 . Memory (MB): peak = 2421.473 ; gain = 0.000
INFO: [Common 17-83] Releasing license: Implementation
47 Infos, 8 Warnings, 9 Critical Warnings and 0 Errors encountered.
opt_design completed successfully
opt_design: Time (s): cpu = 00:00:24 ; elapsed = 00:00:23 . Memory (MB): peak = 2421.473 ; gain = 849.316
INFO: [Timing 38-35] Done setting XDC timing constraints.
INFO: [Timing 38-480] Writing timing data to binary archive.
Writing placer database...
Writing XDEF routing.
Writing XDEF routing logical nets.
Writing XDEF routing special nets.
Write XDEF Complete: Time (s): cpu = 00:00:00 ; elapsed = 00:00:00.176 . Memory (MB): peak = 2421.473 ; gain = 0.000
INFO: [Common 17-1381] The checkpoint 'H:/Senior-Project-2023/SENIOR_PROJECT/New_Vram/New_Vram.runs/impl_1/top_opt.dcp' has been generated.
INFO: [runtcl-4] Executing : report_drc -file top_drc_opted.rpt -pb top_drc_opted.pb -rpx top_drc_opted.rpx
Command: report_drc -file top_drc_opted.rpt -pb top_drc_opted.pb -rpx top_drc_opted.rpx
INFO: [IP_Flow 19-1839] IP Catalog is up to date.
INFO: [DRC 23-27] Running DRC with 2 threads
INFO: [Vivado_Tcl 2-168] The results of DRC are in file H:/Senior-Project-2023/SENIOR_PROJECT/New_Vram/New_Vram.runs/impl_1/top_drc_opted.rpt.
report_drc completed successfully
Command: place_design
Attempting to get a license for feature 'Implementation' and/or device 'xc7a200t'
INFO: [Common 17-349] Got license for feature 'Implementation' and/or device 'xc7a200t'
INFO: [DRC 23-27] Running DRC with 2 threads
INFO: [Vivado_Tcl 4-198] DRC finished with 0 Errors
INFO: [Vivado_Tcl 4-199] Please refer to the DRC report (report_drc) for more information.
Running DRC as a precondition to command place_design
INFO: [DRC 23-27] Running DRC with 2 threads
INFO: [Vivado_Tcl 4-198] DRC finished with 0 Errors
INFO: [Vivado_Tcl 4-199] Please refer to the DRC report (report_drc) for more information.

Starting Placer Task
INFO: [Place 30-611] Multithreading enabled for place_design using a maximum of 2 CPUs

Phase 1 Placer Initialization

Phase 1.1 Placer Initialization Netlist Sorting
Netlist sorting complete. Time (s): cpu = 00:00:00 ; elapsed = 00:00:00.004 . Memory (MB): peak = 2421.473 ; gain = 0.000
Phase 1.1 Placer Initialization Netlist Sorting | Checksum: f66d9afb

Time (s): cpu = 00:00:00 ; elapsed = 00:00:00.014 . Memory (MB): peak = 2421.473 ; gain = 0.000
Netlist sorting complete. Time (s): cpu = 00:00:00 ; elapsed = 00:00:00.003 . Memory (MB): peak = 2421.473 ; gain = 0.000

Phase 1.2 IO Placement/ Clock Placement/ Build Placer Device
Phase 1.2 IO Placement/ Clock Placement/ Build Placer Device | Checksum: fd3b1ee0

Time (s): cpu = 00:00:01 ; elapsed = 00:00:00.193 . Memory (MB): peak = 2421.473 ; gain = 0.000

Phase 1.3 Build Placer Netlist Model
Phase 1.3 Build Placer Netlist Model | Checksum: 10fa8a9f7

Time (s): cpu = 00:00:02 ; elapsed = 00:00:01 . Memory (MB): peak = 2421.473 ; gain = 0.000

Phase 1.4 Constrain Clocks/Macros
Phase 1.4 Constrain Clocks/Macros | Checksum: 10fa8a9f7

Time (s): cpu = 00:00:02 ; elapsed = 00:00:01 . Memory (MB): peak = 2421.473 ; gain = 0.000
Phase 1 Placer Initialization | Checksum: 10fa8a9f7

Time (s): cpu = 00:00:02 ; elapsed = 00:00:01 . Memory (MB): peak = 2421.473 ; gain = 0.000

Phase 2 Global Placement

Phase 2.1 Floorplanning
Phase 2.1 Floorplanning | Checksum: 1c0cff7a0

Time (s): cpu = 00:00:03 ; elapsed = 00:00:01 . Memory (MB): peak = 2421.473 ; gain = 0.000

Phase 2.2 Update Timing before SLR Path Opt
Phase 2.2 Update Timing before SLR Path Opt | Checksum: 110cab804

Time (s): cpu = 00:00:03 ; elapsed = 00:00:02 . Memory (MB): peak = 2421.473 ; gain = 0.000

Phase 2.3 Post-Processing in Floorplanning
Phase 2.3 Post-Processing in Floorplanning | Checksum: 110cab804

Time (s): cpu = 00:00:03 ; elapsed = 00:00:02 . Memory (MB): peak = 2421.473 ; gain = 0.000

Phase 2.4 Global Placement Core

Phase 2.4.1 Physical Synthesis In Placer
INFO: [Physopt 32-1035] Found 0 LUTNM shape to break, 422 LUT instances to create LUTNM shape
INFO: [Physopt 32-1044] Break lutnm for timing: one critical 0, two critical 0, total 0, new lutff created 0
INFO: [Physopt 32-1138] End 1 Pass. Optimized 183 nets or LUTs. Breaked 0 LUT, combined 183 existing LUTs and moved 0 existing LUT
INFO: [Physopt 32-65] No nets found for high-fanout optimization.
INFO: [Physopt 32-232] Optimized 0 net. Created 0 new instance.
INFO: [Physopt 32-775] End 1 Pass. Optimized 0 net or cell. Created 0 new cell, deleted 0 existing cell and moved 0 existing cell
INFO: [Physopt 32-456] No candidate cells for DSP register optimization found in the design.
INFO: [Physopt 32-775] End 2 Pass. Optimized 0 net or cell. Created 0 new cell, deleted 0 existing cell and moved 0 existing cell
INFO: [Physopt 32-1123] No candidate cells found for Shift Register to Pipeline optimization
INFO: [Physopt 32-775] End 1 Pass. Optimized 0 net or cell. Created 0 new cell, deleted 0 existing cell and moved 0 existing cell
INFO: [Physopt 32-677] No candidate cells for Shift Register optimization found in the design
INFO: [Physopt 32-775] End 1 Pass. Optimized 0 net or cell. Created 0 new cell, deleted 0 existing cell and moved 0 existing cell
INFO: [Physopt 32-527] Pass 1: Identified 2 candidate cells for BRAM register optimization
INFO: [Physopt 32-665] Processed cell VRAM/blk_mem/U0/inst_blk_mem_gen/gnbram.gnativebmg.native_blk_mem_gen/valid.cstr/ramloop[245].ram.r/prim_noinit.ram/DEVICE_7SERIES.NO_BMM_INFO.SDP.SIMPLE_PRIM36.ram. 8 registers were pushed out.
INFO: [Physopt 32-665] Processed cell VRAM/blk_mem/U0/inst_blk_mem_gen/gnbram.gnativebmg.native_blk_mem_gen/valid.cstr/ramloop[247].ram.r/prim_noinit.ram/DEVICE_7SERIES.NO_BMM_INFO.SDP.SIMPLE_PRIM36.ram. 8 registers were pushed out.
INFO: [Physopt 32-775] End 1 Pass. Optimized 2 nets or cells. Created 16 new cells, deleted 0 existing cell and moved 0 existing cell
Netlist sorting complete. Time (s): cpu = 00:00:00 ; elapsed = 00:00:00.025 . Memory (MB): peak = 2421.473 ; gain = 0.000
INFO: [Physopt 32-846] No candidate cells for URAM register optimization found in the design
INFO: [Physopt 32-775] End 2 Pass. Optimized 0 net or cell. Created 0 new cell, deleted 0 existing cell and moved 0 existing cell
INFO: [Physopt 32-949] No candidate nets found for dynamic/static region interface net replication
INFO: [Physopt 32-775] End 1 Pass. Optimized 0 net or cell. Created 0 new cell, deleted 0 existing cell and moved 0 existing cell
Netlist sorting complete. Time (s): cpu = 00:00:00 ; elapsed = 00:00:00.004 . Memory (MB): peak = 2421.473 ; gain = 0.000

Summary of Physical Synthesis Optimizations
============================================


-----------------------------------------------------------------------------------------------------------------------------------------------------------
|  Optimization                                     |  Added Cells  |  Removed Cells  |  Optimized Cells/Nets  |  Dont Touch  |  Iterations  |  Elapsed   |
-----------------------------------------------------------------------------------------------------------------------------------------------------------
|  LUT Combining                                    |            0  |            183  |                   183  |           0  |           1  |  00:00:00  |
|  Retime                                           |            0  |              0  |                     0  |           0  |           1  |  00:00:00  |
|  Very High Fanout                                 |            0  |              0  |                     0  |           0  |           1  |  00:00:00  |
|  DSP Register                                     |            0  |              0  |                     0  |           0  |           1  |  00:00:00  |
|  Shift Register to Pipeline                       |            0  |              0  |                     0  |           0  |           1  |  00:00:00  |
|  Shift Register                                   |            0  |              0  |                     0  |           0  |           1  |  00:00:00  |
|  BRAM Register                                    |           16  |              0  |                     2  |           0  |           1  |  00:00:00  |
|  URAM Register                                    |            0  |              0  |                     0  |           0  |           1  |  00:00:00  |
|  Dynamic/Static Region Interface Net Replication  |            0  |              0  |                     0  |           0  |           1  |  00:00:00  |
|  Total                                            |           16  |            183  |                   185  |           0  |           9  |  00:00:00  |
-----------------------------------------------------------------------------------------------------------------------------------------------------------


Phase 2.4.1 Physical Synthesis In Placer | Checksum: 1b8b1a86c

Time (s): cpu = 00:00:13 ; elapsed = 00:00:07 . Memory (MB): peak = 2421.473 ; gain = 0.000
Phase 2.4 Global Placement Core | Checksum: 165f6a536

Time (s): cpu = 00:00:14 ; elapsed = 00:00:08 . Memory (MB): peak = 2421.473 ; gain = 0.000
Phase 2 Global Placement | Checksum: 165f6a536

Time (s): cpu = 00:00:14 ; elapsed = 00:00:08 . Memory (MB): peak = 2421.473 ; gain = 0.000

Phase 3 Detail Placement

Phase 3.1 Commit Multi Column Macros
Phase 3.1 Commit Multi Column Macros | Checksum: 131708bef

Time (s): cpu = 00:00:14 ; elapsed = 00:00:08 . Memory (MB): peak = 2421.473 ; gain = 0.000

Phase 3.2 Commit Most Macros & LUTRAMs
Phase 3.2 Commit Most Macros & LUTRAMs | Checksum: 168aafadc

Time (s): cpu = 00:00:15 ; elapsed = 00:00:08 . Memory (MB): peak = 2421.473 ; gain = 0.000

Phase 3.3 Area Swap Optimization
Phase 3.3 Area Swap Optimization | Checksum: 14b9e7c85

Time (s): cpu = 00:00:15 ; elapsed = 00:00:09 . Memory (MB): peak = 2421.473 ; gain = 0.000

Phase 3.4 Pipeline Register Optimization
Phase 3.4 Pipeline Register Optimization | Checksum: 13021aeee

Time (s): cpu = 00:00:15 ; elapsed = 00:00:09 . Memory (MB): peak = 2421.473 ; gain = 0.000

Phase 3.5 Small Shape Detail Placement
Phase 3.5 Small Shape Detail Placement | Checksum: 229797023

Time (s): cpu = 00:00:16 ; elapsed = 00:00:09 . Memory (MB): peak = 2421.473 ; gain = 0.000

Phase 3.6 Re-assign LUT pins
Phase 3.6 Re-assign LUT pins | Checksum: 1bd0610eb

Time (s): cpu = 00:00:16 ; elapsed = 00:00:09 . Memory (MB): peak = 2421.473 ; gain = 0.000

Phase 3.7 Pipeline Register Optimization
Phase 3.7 Pipeline Register Optimization | Checksum: 16c87cf54

Time (s): cpu = 00:00:16 ; elapsed = 00:00:09 . Memory (MB): peak = 2421.473 ; gain = 0.000
Phase 3 Detail Placement | Checksum: 16c87cf54

Time (s): cpu = 00:00:16 ; elapsed = 00:00:09 . Memory (MB): peak = 2421.473 ; gain = 0.000

Phase 4 Post Placement Optimization and Clean-Up

Phase 4.1 Post Commit Optimization
INFO: [Timing 38-35] Done setting XDC timing constraints.

Phase 4.1.1 Post Placement Optimization
Post Placement Optimization Initialization | Checksum: c6932dae

Phase 4.1.1.1 BUFG Insertion

Starting Physical Synthesis Task

Phase 1 Physical Synthesis Initialization
INFO: [Physopt 32-721] Multithreading enabled for phys_opt_design using a maximum of 2 CPUs
INFO: [Physopt 32-619] Estimated Timing Summary | WNS=0.888 | TNS=0.000 |
Phase 1 Physical Synthesis Initialization | Checksum: e2208367

Time (s): cpu = 00:00:00 ; elapsed = 00:00:00.268 . Memory (MB): peak = 2421.473 ; gain = 0.000
INFO: [Place 46-56] BUFG insertion identified 0 candidate nets. Inserted BUFG: 0, Replicated BUFG Driver: 0, Skipped due to Placement/Routing Conflicts: 0, Skipped due to Timing Degradation: 0, Skipped due to Illegal Netlist: 0.
Ending Physical Synthesis Task | Checksum: c94f3176

Time (s): cpu = 00:00:00 ; elapsed = 00:00:00.538 . Memory (MB): peak = 2421.473 ; gain = 0.000
Phase 4.1.1.1 BUFG Insertion | Checksum: c6932dae

Time (s): cpu = 00:00:18 ; elapsed = 00:00:11 . Memory (MB): peak = 2421.473 ; gain = 0.000

Phase 4.1.1.2 Post Placement Timing Optimization
INFO: [Place 30-746] Post Placement Timing Summary WNS=0.888. For the most accurate timing information please run report_timing.
Phase 4.1.1.2 Post Placement Timing Optimization | Checksum: d4dc6019

Time (s): cpu = 00:00:18 ; elapsed = 00:00:11 . Memory (MB): peak = 2421.473 ; gain = 0.000

Time (s): cpu = 00:00:18 ; elapsed = 00:00:11 . Memory (MB): peak = 2421.473 ; gain = 0.000
Phase 4.1 Post Commit Optimization | Checksum: d4dc6019

Time (s): cpu = 00:00:18 ; elapsed = 00:00:11 . Memory (MB): peak = 2421.473 ; gain = 0.000

Phase 4.2 Post Placement Cleanup
Phase 4.2 Post Placement Cleanup | Checksum: d4dc6019

Time (s): cpu = 00:00:19 ; elapsed = 00:00:11 . Memory (MB): peak = 2421.473 ; gain = 0.000

Phase 4.3 Placer Reporting

Phase 4.3.1 Print Estimated Congestion
INFO: [Place 30-612] Post-Placement Estimated Congestion 
 ____________________________________________________
|           | Global Congestion | Short Congestion  |
| Direction | Region Size       | Region Size       |
|___________|___________________|___________________|
|      North|                1x1|                1x1|
|___________|___________________|___________________|
|      South|                1x1|                1x1|
|___________|___________________|___________________|
|       East|                1x1|                1x1|
|___________|___________________|___________________|
|       West|                1x1|                1x1|
|___________|___________________|___________________|

Phase 4.3.1 Print Estimated Congestion | Checksum: d4dc6019

Time (s): cpu = 00:00:19 ; elapsed = 00:00:11 . Memory (MB): peak = 2421.473 ; gain = 0.000
Phase 4.3 Placer Reporting | Checksum: d4dc6019

Time (s): cpu = 00:00:19 ; elapsed = 00:00:11 . Memory (MB): peak = 2421.473 ; gain = 0.000

Phase 4.4 Final Placement Cleanup
Netlist sorting complete. Time (s): cpu = 00:00:00 ; elapsed = 00:00:00.004 . Memory (MB): peak = 2421.473 ; gain = 0.000

Time (s): cpu = 00:00:19 ; elapsed = 00:00:11 . Memory (MB): peak = 2421.473 ; gain = 0.000
Phase 4 Post Placement Optimization and Clean-Up | Checksum: 1380f33cf

Time (s): cpu = 00:00:19 ; elapsed = 00:00:11 . Memory (MB): peak = 2421.473 ; gain = 0.000
Ending Placer Task | Checksum: ba2c558a

Time (s): cpu = 00:00:19 ; elapsed = 00:00:11 . Memory (MB): peak = 2421.473 ; gain = 0.000
INFO: [Common 17-83] Releasing license: Implementation
89 Infos, 8 Warnings, 9 Critical Warnings and 0 Errors encountered.
place_design completed successfully
place_design: Time (s): cpu = 00:00:20 ; elapsed = 00:00:12 . Memory (MB): peak = 2421.473 ; gain = 0.000
INFO: [Timing 38-480] Writing timing data to binary archive.
Writing placer database...
Writing XDEF routing.
Writing XDEF routing logical nets.
Writing XDEF routing special nets.
Write XDEF Complete: Time (s): cpu = 00:00:02 ; elapsed = 00:00:02 . Memory (MB): peak = 2421.473 ; gain = 0.000
INFO: [Common 17-1381] The checkpoint 'H:/Senior-Project-2023/SENIOR_PROJECT/New_Vram/New_Vram.runs/impl_1/top_placed.dcp' has been generated.
INFO: [runtcl-4] Executing : report_io -file top_io_placed.rpt
report_io: Time (s): cpu = 00:00:00 ; elapsed = 00:00:00.072 . Memory (MB): peak = 2421.473 ; gain = 0.000
INFO: [runtcl-4] Executing : report_utilization -file top_utilization_placed.rpt -pb top_utilization_placed.pb
INFO: [runtcl-4] Executing : report_control_sets -verbose -file top_control_sets_placed.rpt
report_control_sets: Time (s): cpu = 00:00:00 ; elapsed = 00:00:00.017 . Memory (MB): peak = 2421.473 ; gain = 0.000
Command: phys_opt_design
Attempting to get a license for feature 'Implementation' and/or device 'xc7a200t'
INFO: [Common 17-349] Got license for feature 'Implementation' and/or device 'xc7a200t'
INFO: [Vivado_Tcl 4-383] Design worst setup slack (WNS) is greater than or equal to 0.000 ns. Skipping all physical synthesis optimizations.
INFO: [Vivado_Tcl 4-232] No setup violation found. The netlist was not modified.
INFO: [Common 17-83] Releasing license: Implementation
98 Infos, 8 Warnings, 9 Critical Warnings and 0 Errors encountered.
phys_opt_design completed successfully
INFO: [Timing 38-480] Writing timing data to binary archive.
Writing placer database...
Writing XDEF routing.
Writing XDEF routing logical nets.
Writing XDEF routing special nets.
Write XDEF Complete: Time (s): cpu = 00:00:03 ; elapsed = 00:00:02 . Memory (MB): peak = 2421.473 ; gain = 0.000
INFO: [Common 17-1381] The checkpoint 'H:/Senior-Project-2023/SENIOR_PROJECT/New_Vram/New_Vram.runs/impl_1/top_physopt.dcp' has been generated.
Command: route_design
Attempting to get a license for feature 'Implementation' and/or device 'xc7a200t'
INFO: [Common 17-349] Got license for feature 'Implementation' and/or device 'xc7a200t'
Running DRC as a precondition to command route_design
INFO: [DRC 23-27] Running DRC with 2 threads
INFO: [Vivado_Tcl 4-198] DRC finished with 0 Errors
INFO: [Vivado_Tcl 4-199] Please refer to the DRC report (report_drc) for more information.


Starting Routing Task
INFO: [Route 35-254] Multithreading enabled for route_design using a maximum of 2 CPUs

Phase 1 Build RT Design
Checksum: PlaceDB: 56c859e9 ConstDB: 0 ShapeSum: 6363fba1 RouteDB: 0
Post Restoration Checksum: NetGraph: bda3f335 NumContArr: 29169540 Constraints: 0 Timing: 0
Phase 1 Build RT Design | Checksum: e6ba8875

Time (s): cpu = 00:00:34 ; elapsed = 00:00:29 . Memory (MB): peak = 2421.473 ; gain = 0.000

Phase 2 Router Initialization

Phase 2.1 Create Timer
Phase 2.1 Create Timer | Checksum: e6ba8875

Time (s): cpu = 00:00:34 ; elapsed = 00:00:29 . Memory (MB): peak = 2421.473 ; gain = 0.000

Phase 2.2 Fix Topology Constraints
Phase 2.2 Fix Topology Constraints | Checksum: e6ba8875

Time (s): cpu = 00:00:34 ; elapsed = 00:00:29 . Memory (MB): peak = 2421.473 ; gain = 0.000

Phase 2.3 Pre Route Cleanup
Phase 2.3 Pre Route Cleanup | Checksum: e6ba8875

Time (s): cpu = 00:00:34 ; elapsed = 00:00:29 . Memory (MB): peak = 2421.473 ; gain = 0.000
 Number of Nodes with overlaps = 0

Phase 2.4 Update Timing
Phase 2.4 Update Timing | Checksum: 1f1e294a4

Time (s): cpu = 00:00:37 ; elapsed = 00:00:31 . Memory (MB): peak = 2421.473 ; gain = 0.000
INFO: [Route 35-416] Intermediate Timing Summary | WNS=1.038  | TNS=0.000  | WHS=-2.921 | THS=-156.033|


Router Utilization Summary
  Global Vertical Routing Utilization    = 0 %
  Global Horizontal Routing Utilization  = 0 %
  Routable Net Status*
  *Does not include unroutable nets such as driverless and loadless.
  Run report_route_status for detailed report.
  Number of Failed Nets               = 3615
    (Failed Nets is the sum of unrouted and partially routed nets)
  Number of Unrouted Nets             = 3615
  Number of Partially Routed Nets     = 0
  Number of Node Overlaps             = 0

Phase 2 Router Initialization | Checksum: 1c61f744c

Time (s): cpu = 00:00:38 ; elapsed = 00:00:32 . Memory (MB): peak = 2421.473 ; gain = 0.000

Phase 3 Initial Routing

Phase 3.1 Global Routing
Phase 3.1 Global Routing | Checksum: 1c61f744c

Time (s): cpu = 00:00:38 ; elapsed = 00:00:32 . Memory (MB): peak = 2421.473 ; gain = 0.000
Phase 3 Initial Routing | Checksum: 15885a9ca

Time (s): cpu = 00:00:51 ; elapsed = 00:00:37 . Memory (MB): peak = 2432.828 ; gain = 11.355

Phase 4 Rip-up And Reroute

Phase 4.1 Global Iteration 0
 Number of Nodes with overlaps = 780
 Number of Nodes with overlaps = 133
 Number of Nodes with overlaps = 11
 Number of Nodes with overlaps = 2
 Number of Nodes with overlaps = 0
INFO: [Route 35-416] Intermediate Timing Summary | WNS=0.440  | TNS=0.000  | WHS=N/A    | THS=N/A    |

Phase 4.1 Global Iteration 0 | Checksum: 12b254e9c

Time (s): cpu = 00:01:04 ; elapsed = 00:00:43 . Memory (MB): peak = 2432.828 ; gain = 11.355
Phase 4 Rip-up And Reroute | Checksum: 12b254e9c

Time (s): cpu = 00:01:04 ; elapsed = 00:00:43 . Memory (MB): peak = 2432.828 ; gain = 11.355

Phase 5 Delay and Skew Optimization

Phase 5.1 Delay CleanUp
Phase 5.1 Delay CleanUp | Checksum: 12b254e9c

Time (s): cpu = 00:01:04 ; elapsed = 00:00:43 . Memory (MB): peak = 2432.828 ; gain = 11.355

Phase 5.2 Clock Skew Optimization
Phase 5.2 Clock Skew Optimization | Checksum: 12b254e9c

Time (s): cpu = 00:01:04 ; elapsed = 00:00:43 . Memory (MB): peak = 2432.828 ; gain = 11.355
Phase 5 Delay and Skew Optimization | Checksum: 12b254e9c

Time (s): cpu = 00:01:04 ; elapsed = 00:00:43 . Memory (MB): peak = 2432.828 ; gain = 11.355

Phase 6 Post Hold Fix

Phase 6.1 Hold Fix Iter

Phase 6.1.1 Update Timing
Phase 6.1.1 Update Timing | Checksum: 180896dce

Time (s): cpu = 00:01:05 ; elapsed = 00:00:44 . Memory (MB): peak = 2432.828 ; gain = 11.355
INFO: [Route 35-416] Intermediate Timing Summary | WNS=0.440  | TNS=0.000  | WHS=0.018  | THS=0.000  |

Phase 6.1 Hold Fix Iter | Checksum: 1734b8345

Time (s): cpu = 00:01:05 ; elapsed = 00:00:44 . Memory (MB): peak = 2432.828 ; gain = 11.355
Phase 6 Post Hold Fix | Checksum: 1734b8345

Time (s): cpu = 00:01:05 ; elapsed = 00:00:44 . Memory (MB): peak = 2432.828 ; gain = 11.355

Phase 7 Route finalize

Router Utilization Summary
  Global Vertical Routing Utilization    = 1.89807 %
  Global Horizontal Routing Utilization  = 2.00271 %
  Routable Net Status*
  *Does not include unroutable nets such as driverless and loadless.
  Run report_route_status for detailed report.
  Number of Failed Nets               = 0
    (Failed Nets is the sum of unrouted and partially routed nets)
  Number of Unrouted Nets             = 0
  Number of Partially Routed Nets     = 0
  Number of Node Overlaps             = 0

Phase 7 Route finalize | Checksum: ecb0ff14

Time (s): cpu = 00:01:05 ; elapsed = 00:00:44 . Memory (MB): peak = 2432.828 ; gain = 11.355

Phase 8 Verifying routed nets

 Verification completed successfully
Phase 8 Verifying routed nets | Checksum: ecb0ff14

Time (s): cpu = 00:01:05 ; elapsed = 00:00:44 . Memory (MB): peak = 2432.828 ; gain = 11.355

Phase 9 Depositing Routes
Phase 9 Depositing Routes | Checksum: ac1f92f6

Time (s): cpu = 00:01:05 ; elapsed = 00:00:44 . Memory (MB): peak = 2432.828 ; gain = 11.355

Phase 10 Post Router Timing
INFO: [Route 35-57] Estimated Timing Summary | WNS=0.440  | TNS=0.000  | WHS=0.018  | THS=0.000  |

INFO: [Route 35-327] The final timing numbers are based on the router estimated timing analysis. For a complete and accurate timing signoff, please run report_timing_summary.
Phase 10 Post Router Timing | Checksum: ac1f92f6

Time (s): cpu = 00:01:06 ; elapsed = 00:00:44 . Memory (MB): peak = 2432.828 ; gain = 11.355
INFO: [Route 35-16] Router Completed Successfully

Time (s): cpu = 00:01:06 ; elapsed = 00:00:44 . Memory (MB): peak = 2432.828 ; gain = 11.355

Routing Is Done.
INFO: [Common 17-83] Releasing license: Implementation
112 Infos, 8 Warnings, 9 Critical Warnings and 0 Errors encountered.
route_design completed successfully
route_design: Time (s): cpu = 00:01:08 ; elapsed = 00:00:46 . Memory (MB): peak = 2432.828 ; gain = 11.355
INFO: [Timing 38-480] Writing timing data to binary archive.
Writing placer database...
Writing XDEF routing.
Writing XDEF routing logical nets.
Writing XDEF routing special nets.
Write XDEF Complete: Time (s): cpu = 00:00:02 ; elapsed = 00:00:03 . Memory (MB): peak = 2432.828 ; gain = 0.000
INFO: [Common 17-1381] The checkpoint 'H:/Senior-Project-2023/SENIOR_PROJECT/New_Vram/New_Vram.runs/impl_1/top_routed.dcp' has been generated.
write_checkpoint: Time (s): cpu = 00:00:04 ; elapsed = 00:00:06 . Memory (MB): peak = 2432.828 ; gain = 0.000
INFO: [runtcl-4] Executing : report_drc -file top_drc_routed.rpt -pb top_drc_routed.pb -rpx top_drc_routed.rpx
Command: report_drc -file top_drc_routed.rpt -pb top_drc_routed.pb -rpx top_drc_routed.rpx
INFO: [IP_Flow 19-1839] IP Catalog is up to date.
INFO: [DRC 23-27] Running DRC with 2 threads
INFO: [Vivado_Tcl 2-168] The results of DRC are in file H:/Senior-Project-2023/SENIOR_PROJECT/New_Vram/New_Vram.runs/impl_1/top_drc_routed.rpt.
report_drc completed successfully
INFO: [runtcl-4] Executing : report_methodology -file top_methodology_drc_routed.rpt -pb top_methodology_drc_routed.pb -rpx top_methodology_drc_routed.rpx
Command: report_methodology -file top_methodology_drc_routed.rpt -pb top_methodology_drc_routed.pb -rpx top_methodology_drc_routed.rpx
INFO: [Timing 38-35] Done setting XDC timing constraints.
INFO: [DRC 23-133] Running Methodology with 2 threads
INFO: [Vivado_Tcl 2-1520] The results of Report Methodology are in file H:/Senior-Project-2023/SENIOR_PROJECT/New_Vram/New_Vram.runs/impl_1/top_methodology_drc_routed.rpt.
report_methodology completed successfully
INFO: [runtcl-4] Executing : report_power -file top_power_routed.rpt -pb top_power_summary_routed.pb -rpx top_power_routed.rpx
Command: report_power -file top_power_routed.rpt -pb top_power_summary_routed.pb -rpx top_power_routed.rpx
INFO: [Timing 38-35] Done setting XDC timing constraints.
Running Vector-less Activity Propagation...

Finished Running Vector-less Activity Propagation
124 Infos, 8 Warnings, 9 Critical Warnings and 0 Errors encountered.
report_power completed successfully
INFO: [runtcl-4] Executing : report_route_status -file top_route_status.rpt -pb top_route_status.pb
INFO: [runtcl-4] Executing : report_timing_summary -max_paths 10 -report_unconstrained -file top_timing_summary_routed.rpt -pb top_timing_summary_routed.pb -rpx top_timing_summary_routed.rpx -warn_on_violation 
INFO: [Timing 38-91] UpdateTimingParams: Speed grade: -1, Delay Type: min_max.
INFO: [Timing 38-191] Multithreading enabled for timing update using a maximum of 2 CPUs
INFO: [runtcl-4] Executing : report_incremental_reuse -file top_incremental_reuse_routed.rpt
INFO: [Vivado_Tcl 4-1062] Incremental flow is disabled. No incremental reuse Info to report.
INFO: [runtcl-4] Executing : report_clock_utilization -file top_clock_utilization_routed.rpt
INFO: [runtcl-4] Executing : report_bus_skew -warn_on_violation -file top_bus_skew_routed.rpt -pb top_bus_skew_routed.pb -rpx top_bus_skew_routed.rpx
INFO: [Timing 38-91] UpdateTimingParams: Speed grade: -1, Delay Type: min_max.
INFO: [Timing 38-191] Multithreading enabled for timing update using a maximum of 2 CPUs
Command: write_bitstream -force top.bit -bin_file
Attempting to get a license for feature 'Implementation' and/or device 'xc7a200t'
INFO: [Common 17-349] Got license for feature 'Implementation' and/or device 'xc7a200t'
Running DRC as a precondition to command write_bitstream
INFO: [IP_Flow 19-1839] IP Catalog is up to date.
INFO: [DRC 23-27] Running DRC with 2 threads
INFO: [Vivado 12-3199] DRC finished with 0 Errors
INFO: [Vivado 12-3200] Please refer to the DRC report (report_drc) for more information.
INFO: [Designutils 20-2272] Running write_bitstream with 2 threads.
Loading data files...
Loading site data...
Loading route data...
Processing options...
Creating bitmap...
Creating bitstream...
Writing bitstream ./top.bit...
Writing bitstream ./top.bin...
INFO: [Vivado 12-1842] Bitgen Completed Successfully.
INFO: [Project 1-1876] WebTalk data collection is mandatory when using a ULT device. To see the specific WebTalk data collected for your design, open the usage_statistics_webtalk.html or usage_statistics_webtalk.xml file in the implementation directory.
INFO: [Common 17-83] Releasing license: Implementation
12 Infos, 0 Warnings, 0 Critical Warnings and 0 Errors encountered.
write_bitstream completed successfully
write_bitstream: Time (s): cpu = 00:00:29 ; elapsed = 00:00:23 . Memory (MB): peak = 2775.516 ; gain = 342.688
INFO: [Common 17-206] Exiting Vivado at Mon Feb 12 14:26:49 2024...
