Vivado Simulator v2021.2
Copyright 1986-1999, 2001-2021 Xilinx, Inc. All Rights Reserved.
Running: C:/Xilinx/Vivado/2021.2/bin/unwrapped/win64.o/xelab.exe --incr --debug typical --relax --mt 2 -L xil_defaultlib -L v_hdmi_tx_v3_0_0 -L xlconstant_v1_1_7 -L axi_lite_ipif_v3_0_4 -L v_tc_v6_2_3 -L uvm -L unisims_ver -L unimacro_ver -L secureip -L xpm --snapshot tb_behav xil_defaultlib.tb xil_defaultlib.glbl -log elaborate.log 
Using 2 slave threads.
Starting static elaboration
Pass Through NonSizing Optimizer
WARNING: [VRFC 10-3091] actual bit length 1 differs from formal bit length 20 for port 'acr_cts' [H:/Users/leopole1/HDMI IP TEST/HDMI IP TEST.srcs/sources_1/new/Display_gen.v:98]
WARNING: [VRFC 10-3091] actual bit length 1 differs from formal bit length 20 for port 'acr_n' [H:/Users/leopole1/HDMI IP TEST/HDMI IP TEST.srcs/sources_1/new/Display_gen.v:99]
WARNING: [VRFC 10-3091] actual bit length 1 differs from formal bit length 2 for port 'SB_STATUS_IN_tdata' [H:/Users/leopole1/HDMI IP TEST/HDMI IP TEST.srcs/sources_1/new/Display_gen.v:111]
WARNING: [VRFC 10-3091] actual bit length 1 differs from formal bit length 32 for port 'AUDIO_IN_tdata' [H:/Users/leopole1/HDMI IP TEST/HDMI IP TEST.srcs/sources_1/new/Display_gen.v:114]
WARNING: [VRFC 10-3091] actual bit length 1 differs from formal bit length 8 for port 'AUDIO_IN_tid' [H:/Users/leopole1/HDMI IP TEST/HDMI IP TEST.srcs/sources_1/new/Display_gen.v:115]
WARNING: [VRFC 10-3091] actual bit length 1 differs from formal bit length 9 for port 'S_AXI_CPU_IN_araddr' [H:/Users/leopole1/HDMI IP TEST/HDMI IP TEST.srcs/sources_1/new/Display_gen.v:119]
WARNING: [VRFC 10-3091] actual bit length 1 differs from formal bit length 3 for port 'S_AXI_CPU_IN_arprot' [H:/Users/leopole1/HDMI IP TEST/HDMI IP TEST.srcs/sources_1/new/Display_gen.v:120]
WARNING: [VRFC 10-3091] actual bit length 1 differs from formal bit length 9 for port 'S_AXI_CPU_IN_awaddr' [H:/Users/leopole1/HDMI IP TEST/HDMI IP TEST.srcs/sources_1/new/Display_gen.v:124]
WARNING: [VRFC 10-3091] actual bit length 1 differs from formal bit length 3 for port 'S_AXI_CPU_IN_awprot' [H:/Users/leopole1/HDMI IP TEST/HDMI IP TEST.srcs/sources_1/new/Display_gen.v:125]
WARNING: [VRFC 10-3091] actual bit length 1 differs from formal bit length 2 for port 'S_AXI_CPU_IN_bresp' [H:/Users/leopole1/HDMI IP TEST/HDMI IP TEST.srcs/sources_1/new/Display_gen.v:129]
WARNING: [VRFC 10-3091] actual bit length 1 differs from formal bit length 32 for port 'S_AXI_CPU_IN_rdata' [H:/Users/leopole1/HDMI IP TEST/HDMI IP TEST.srcs/sources_1/new/Display_gen.v:131]
WARNING: [VRFC 10-3091] actual bit length 1 differs from formal bit length 2 for port 'S_AXI_CPU_IN_rresp' [H:/Users/leopole1/HDMI IP TEST/HDMI IP TEST.srcs/sources_1/new/Display_gen.v:133]
WARNING: [VRFC 10-3091] actual bit length 1 differs from formal bit length 32 for port 'S_AXI_CPU_IN_wdata' [H:/Users/leopole1/HDMI IP TEST/HDMI IP TEST.srcs/sources_1/new/Display_gen.v:135]
WARNING: [VRFC 10-3091] actual bit length 1 differs from formal bit length 4 for port 'S_AXI_CPU_IN_wstrb' [H:/Users/leopole1/HDMI IP TEST/HDMI IP TEST.srcs/sources_1/new/Display_gen.v:137]
WARNING: [VRFC 10-3091] actual bit length 1 differs from formal bit length 20 for port 'LINK_DATA0_OUT_tdata' [H:/Users/leopole1/HDMI IP TEST/HDMI IP TEST.srcs/sources_1/new/Display_gen.v:146]
WARNING: [VRFC 10-3091] actual bit length 1 differs from formal bit length 20 for port 'LINK_DATA1_OUT_tdata' [H:/Users/leopole1/HDMI IP TEST/HDMI IP TEST.srcs/sources_1/new/Display_gen.v:148]
WARNING: [VRFC 10-3091] actual bit length 1 differs from formal bit length 20 for port 'LINK_DATA2_OUT_tdata' [H:/Users/leopole1/HDMI IP TEST/HDMI IP TEST.srcs/sources_1/new/Display_gen.v:150]
WARNING: [VRFC 10-5021] port 'hblank_out' is not connected on this instance [H:/Users/leopole1/HDMI IP TEST/HDMI IP TEST.srcs/sources_1/new/Display_gen.v:77]
WARNING: [VRFC 10-3705] select index 5 into 'stripe' is out of bounds [/wrk/ci/prod/2021.2/sw/continuous/8687/packages/customer/vivado/data/ip/xilinx/v_hdmi_tx_v3_0/hdl/v_hdmi_tx_v3_0_rfs.sv:8444]
WARNING: [VRFC 10-3705] select index 5 into 'stripe' is out of bounds [/wrk/ci/prod/2021.2/sw/continuous/8687/packages/customer/vivado/data/ip/xilinx/v_hdmi_tx_v3_0/hdl/v_hdmi_tx_v3_0_rfs.sv:8445]
WARNING: [VRFC 10-3705] select index 5 into 'stripe' is out of bounds [/wrk/ci/prod/2021.2/sw/continuous/8687/packages/customer/vivado/data/ip/xilinx/v_hdmi_tx_v3_0/hdl/v_hdmi_tx_v3_0_rfs.sv:8446]
WARNING: [VRFC 10-3705] select index 5 into 'stripe' is out of bounds [/wrk/ci/prod/2021.2/sw/continuous/8687/packages/customer/vivado/data/ip/xilinx/v_hdmi_tx_v3_0/hdl/v_hdmi_tx_v3_0_rfs.sv:8457]
WARNING: [VRFC 10-3705] select index 5 into 'stripe' is out of bounds [/wrk/ci/prod/2021.2/sw/continuous/8687/packages/customer/vivado/data/ip/xilinx/v_hdmi_tx_v3_0/hdl/v_hdmi_tx_v3_0_rfs.sv:8509]
WARNING: [VRFC 10-3705] select index 5 into 'stripe' is out of bounds [/wrk/ci/prod/2021.2/sw/continuous/8687/packages/customer/vivado/data/ip/xilinx/v_hdmi_tx_v3_0/hdl/v_hdmi_tx_v3_0_rfs.sv:8510]
WARNING: [VRFC 10-3705] select index 6 into 'stripe' is out of bounds [/wrk/ci/prod/2021.2/sw/continuous/8687/packages/customer/vivado/data/ip/xilinx/v_hdmi_tx_v3_0/hdl/v_hdmi_tx_v3_0_rfs.sv:8511]
WARNING: [VRFC 10-3705] select index 6 into 'stripe' is out of bounds [/wrk/ci/prod/2021.2/sw/continuous/8687/packages/customer/vivado/data/ip/xilinx/v_hdmi_tx_v3_0/hdl/v_hdmi_tx_v3_0_rfs.sv:8512]
WARNING: [VRFC 10-3705] select index 7 into 'stripe' is out of bounds [/wrk/ci/prod/2021.2/sw/continuous/8687/packages/customer/vivado/data/ip/xilinx/v_hdmi_tx_v3_0/hdl/v_hdmi_tx_v3_0_rfs.sv:8513]
WARNING: [VRFC 10-3705] select index 7 into 'stripe' is out of bounds [/wrk/ci/prod/2021.2/sw/continuous/8687/packages/customer/vivado/data/ip/xilinx/v_hdmi_tx_v3_0/hdl/v_hdmi_tx_v3_0_rfs.sv:8514]
WARNING: [VRFC 10-3705] select index 7 into 'stripe' is out of bounds [/wrk/ci/prod/2021.2/sw/continuous/8687/packages/customer/vivado/data/ip/xilinx/v_hdmi_tx_v3_0/hdl/v_hdmi_tx_v3_0_rfs.sv:8515]
WARNING: [VRFC 10-3705] select index 5 into 'stripe' is out of bounds [/wrk/ci/prod/2021.2/sw/continuous/8687/packages/customer/vivado/data/ip/xilinx/v_hdmi_tx_v3_0/hdl/v_hdmi_tx_v3_0_rfs.sv:8526]
WARNING: [VRFC 10-3705] select index 6 into 'stripe' is out of bounds [/wrk/ci/prod/2021.2/sw/continuous/8687/packages/customer/vivado/data/ip/xilinx/v_hdmi_tx_v3_0/hdl/v_hdmi_tx_v3_0_rfs.sv:8527]
WARNING: [VRFC 10-3705] select index 7 into 'stripe' is out of bounds [/wrk/ci/prod/2021.2/sw/continuous/8687/packages/customer/vivado/data/ip/xilinx/v_hdmi_tx_v3_0/hdl/v_hdmi_tx_v3_0_rfs.sv:8528]
WARNING: [VRFC 10-3705] select index 2 into 'ctl' is out of bounds [/wrk/ci/prod/2021.2/sw/continuous/8687/packages/customer/vivado/data/ip/xilinx/v_hdmi_tx_v3_0/hdl/v_hdmi_tx_v3_0_rfs.sv:9313]
WARNING: [VRFC 10-3705] select index 2 into 'dat' is out of bounds [/wrk/ci/prod/2021.2/sw/continuous/8687/packages/customer/vivado/data/ip/xilinx/v_hdmi_tx_v3_0/hdl/v_hdmi_tx_v3_0_rfs.sv:9314]
WARNING: [VRFC 10-3705] select index 2 into 'strb' is out of bounds [/wrk/ci/prod/2021.2/sw/continuous/8687/packages/customer/vivado/data/ip/xilinx/v_hdmi_tx_v3_0/hdl/v_hdmi_tx_v3_0_rfs.sv:9315]
WARNING: [VRFC 10-3705] select index 2 into 'ctl' is out of bounds [/wrk/ci/prod/2021.2/sw/continuous/8687/packages/customer/vivado/data/ip/xilinx/v_hdmi_tx_v3_0/hdl/v_hdmi_tx_v3_0_rfs.sv:9329]
WARNING: [VRFC 10-3705] select index 3 into 'ctl' is out of bounds [/wrk/ci/prod/2021.2/sw/continuous/8687/packages/customer/vivado/data/ip/xilinx/v_hdmi_tx_v3_0/hdl/v_hdmi_tx_v3_0_rfs.sv:9336]
WARNING: [VRFC 10-3705] select index 3 into 'dat' is out of bounds [/wrk/ci/prod/2021.2/sw/continuous/8687/packages/customer/vivado/data/ip/xilinx/v_hdmi_tx_v3_0/hdl/v_hdmi_tx_v3_0_rfs.sv:9337]
WARNING: [VRFC 10-3705] select index 3 into 'strb' is out of bounds [/wrk/ci/prod/2021.2/sw/continuous/8687/packages/customer/vivado/data/ip/xilinx/v_hdmi_tx_v3_0/hdl/v_hdmi_tx_v3_0_rfs.sv:9338]
WARNING: [VRFC 10-3705] select index 3 into 'ctl' is out of bounds [/wrk/ci/prod/2021.2/sw/continuous/8687/packages/customer/vivado/data/ip/xilinx/v_hdmi_tx_v3_0/hdl/v_hdmi_tx_v3_0_rfs.sv:9352]
WARNING: [VRFC 10-3705] select index 2 into 'ctl' is out of bounds [/wrk/ci/prod/2021.2/sw/continuous/8687/packages/customer/vivado/data/ip/xilinx/v_hdmi_tx_v3_0/hdl/v_hdmi_tx_v3_0_rfs.sv:9412]
WARNING: [VRFC 10-3705] select index 2 into 'dat' is out of bounds [/wrk/ci/prod/2021.2/sw/continuous/8687/packages/customer/vivado/data/ip/xilinx/v_hdmi_tx_v3_0/hdl/v_hdmi_tx_v3_0_rfs.sv:9413]
WARNING: [VRFC 10-3705] select index 2 into 'strb' is out of bounds [/wrk/ci/prod/2021.2/sw/continuous/8687/packages/customer/vivado/data/ip/xilinx/v_hdmi_tx_v3_0/hdl/v_hdmi_tx_v3_0_rfs.sv:9414]
WARNING: [VRFC 10-3705] select index 2 into 'ctl' is out of bounds [/wrk/ci/prod/2021.2/sw/continuous/8687/packages/customer/vivado/data/ip/xilinx/v_hdmi_tx_v3_0/hdl/v_hdmi_tx_v3_0_rfs.sv:9428]
WARNING: [VRFC 10-3705] select index 3 into 'ctl' is out of bounds [/wrk/ci/prod/2021.2/sw/continuous/8687/packages/customer/vivado/data/ip/xilinx/v_hdmi_tx_v3_0/hdl/v_hdmi_tx_v3_0_rfs.sv:9435]
WARNING: [VRFC 10-3705] select index 3 into 'dat' is out of bounds [/wrk/ci/prod/2021.2/sw/continuous/8687/packages/customer/vivado/data/ip/xilinx/v_hdmi_tx_v3_0/hdl/v_hdmi_tx_v3_0_rfs.sv:9436]
WARNING: [VRFC 10-3705] select index 3 into 'strb' is out of bounds [/wrk/ci/prod/2021.2/sw/continuous/8687/packages/customer/vivado/data/ip/xilinx/v_hdmi_tx_v3_0/hdl/v_hdmi_tx_v3_0_rfs.sv:9437]
WARNING: [VRFC 10-3705] select index 3 into 'ctl' is out of bounds [/wrk/ci/prod/2021.2/sw/continuous/8687/packages/customer/vivado/data/ip/xilinx/v_hdmi_tx_v3_0/hdl/v_hdmi_tx_v3_0_rfs.sv:9451]
WARNING: [VRFC 10-3705] select index 2 into 'ctl' is out of bounds [/wrk/ci/prod/2021.2/sw/continuous/8687/packages/customer/vivado/data/ip/xilinx/v_hdmi_tx_v3_0/hdl/v_hdmi_tx_v3_0_rfs.sv:9511]
WARNING: [VRFC 10-3705] select index 2 into 'dat' is out of bounds [/wrk/ci/prod/2021.2/sw/continuous/8687/packages/customer/vivado/data/ip/xilinx/v_hdmi_tx_v3_0/hdl/v_hdmi_tx_v3_0_rfs.sv:9512]
WARNING: [VRFC 10-3705] select index 2 into 'strb' is out of bounds [/wrk/ci/prod/2021.2/sw/continuous/8687/packages/customer/vivado/data/ip/xilinx/v_hdmi_tx_v3_0/hdl/v_hdmi_tx_v3_0_rfs.sv:9513]
WARNING: [VRFC 10-3705] select index 2 into 'ctl' is out of bounds [/wrk/ci/prod/2021.2/sw/continuous/8687/packages/customer/vivado/data/ip/xilinx/v_hdmi_tx_v3_0/hdl/v_hdmi_tx_v3_0_rfs.sv:9527]
WARNING: [VRFC 10-3705] select index 3 into 'ctl' is out of bounds [/wrk/ci/prod/2021.2/sw/continuous/8687/packages/customer/vivado/data/ip/xilinx/v_hdmi_tx_v3_0/hdl/v_hdmi_tx_v3_0_rfs.sv:9534]
WARNING: [VRFC 10-3705] select index 3 into 'dat' is out of bounds [/wrk/ci/prod/2021.2/sw/continuous/8687/packages/customer/vivado/data/ip/xilinx/v_hdmi_tx_v3_0/hdl/v_hdmi_tx_v3_0_rfs.sv:9535]
WARNING: [VRFC 10-3705] select index 3 into 'strb' is out of bounds [/wrk/ci/prod/2021.2/sw/continuous/8687/packages/customer/vivado/data/ip/xilinx/v_hdmi_tx_v3_0/hdl/v_hdmi_tx_v3_0_rfs.sv:9536]
WARNING: [VRFC 10-3705] select index 3 into 'ctl' is out of bounds [/wrk/ci/prod/2021.2/sw/continuous/8687/packages/customer/vivado/data/ip/xilinx/v_hdmi_tx_v3_0/hdl/v_hdmi_tx_v3_0_rfs.sv:9550]
WARNING: [VRFC 10-3705] select index 2 into 'ctl' is out of bounds [/wrk/ci/prod/2021.2/sw/continuous/8687/packages/customer/vivado/data/ip/xilinx/v_hdmi_tx_v3_0/hdl/v_hdmi_tx_v3_0_rfs.sv:9610]
WARNING: [VRFC 10-3705] select index 2 into 'dat' is out of bounds [/wrk/ci/prod/2021.2/sw/continuous/8687/packages/customer/vivado/data/ip/xilinx/v_hdmi_tx_v3_0/hdl/v_hdmi_tx_v3_0_rfs.sv:9611]
WARNING: [VRFC 10-3705] select index 2 into 'strb' is out of bounds [/wrk/ci/prod/2021.2/sw/continuous/8687/packages/customer/vivado/data/ip/xilinx/v_hdmi_tx_v3_0/hdl/v_hdmi_tx_v3_0_rfs.sv:9612]
WARNING: [VRFC 10-3705] select index 2 into 'ctl' is out of bounds [/wrk/ci/prod/2021.2/sw/continuous/8687/packages/customer/vivado/data/ip/xilinx/v_hdmi_tx_v3_0/hdl/v_hdmi_tx_v3_0_rfs.sv:9626]
WARNING: [VRFC 10-3705] select index 3 into 'ctl' is out of bounds [/wrk/ci/prod/2021.2/sw/continuous/8687/packages/customer/vivado/data/ip/xilinx/v_hdmi_tx_v3_0/hdl/v_hdmi_tx_v3_0_rfs.sv:9633]
WARNING: [VRFC 10-3705] select index 3 into 'dat' is out of bounds [/wrk/ci/prod/2021.2/sw/continuous/8687/packages/customer/vivado/data/ip/xilinx/v_hdmi_tx_v3_0/hdl/v_hdmi_tx_v3_0_rfs.sv:9634]
WARNING: [VRFC 10-3705] select index 3 into 'strb' is out of bounds [/wrk/ci/prod/2021.2/sw/continuous/8687/packages/customer/vivado/data/ip/xilinx/v_hdmi_tx_v3_0/hdl/v_hdmi_tx_v3_0_rfs.sv:9635]
WARNING: [VRFC 10-3705] select index 3 into 'ctl' is out of bounds [/wrk/ci/prod/2021.2/sw/continuous/8687/packages/customer/vivado/data/ip/xilinx/v_hdmi_tx_v3_0/hdl/v_hdmi_tx_v3_0_rfs.sv:9649]
WARNING: [VRFC 10-3705] select index 2 into 'ctl' is out of bounds [/wrk/ci/prod/2021.2/sw/continuous/8687/packages/customer/vivado/data/ip/xilinx/v_hdmi_tx_v3_0/hdl/v_hdmi_tx_v3_0_rfs.sv:9709]
WARNING: [VRFC 10-3705] select index 2 into 'dat' is out of bounds [/wrk/ci/prod/2021.2/sw/continuous/8687/packages/customer/vivado/data/ip/xilinx/v_hdmi_tx_v3_0/hdl/v_hdmi_tx_v3_0_rfs.sv:9710]
WARNING: [VRFC 10-3705] select index 2 into 'strb' is out of bounds [/wrk/ci/prod/2021.2/sw/continuous/8687/packages/customer/vivado/data/ip/xilinx/v_hdmi_tx_v3_0/hdl/v_hdmi_tx_v3_0_rfs.sv:9711]
WARNING: [VRFC 10-3705] select index 2 into 'ctl' is out of bounds [/wrk/ci/prod/2021.2/sw/continuous/8687/packages/customer/vivado/data/ip/xilinx/v_hdmi_tx_v3_0/hdl/v_hdmi_tx_v3_0_rfs.sv:9725]
WARNING: [VRFC 10-3705] select index 3 into 'ctl' is out of bounds [/wrk/ci/prod/2021.2/sw/continuous/8687/packages/customer/vivado/data/ip/xilinx/v_hdmi_tx_v3_0/hdl/v_hdmi_tx_v3_0_rfs.sv:9732]
WARNING: [VRFC 10-3705] select index 3 into 'dat' is out of bounds [/wrk/ci/prod/2021.2/sw/continuous/8687/packages/customer/vivado/data/ip/xilinx/v_hdmi_tx_v3_0/hdl/v_hdmi_tx_v3_0_rfs.sv:9733]
WARNING: [VRFC 10-3705] select index 3 into 'strb' is out of bounds [/wrk/ci/prod/2021.2/sw/continuous/8687/packages/customer/vivado/data/ip/xilinx/v_hdmi_tx_v3_0/hdl/v_hdmi_tx_v3_0_rfs.sv:9734]
WARNING: [VRFC 10-3705] select index 3 into 'ctl' is out of bounds [/wrk/ci/prod/2021.2/sw/continuous/8687/packages/customer/vivado/data/ip/xilinx/v_hdmi_tx_v3_0/hdl/v_hdmi_tx_v3_0_rfs.sv:9748]
WARNING: [VRFC 10-3705] select index 2 into 'ctl' is out of bounds [/wrk/ci/prod/2021.2/sw/continuous/8687/packages/customer/vivado/data/ip/xilinx/v_hdmi_tx_v3_0/hdl/v_hdmi_tx_v3_0_rfs.sv:9835]
WARNING: [VRFC 10-3705] select index 2 into 'dat' is out of bounds [/wrk/ci/prod/2021.2/sw/continuous/8687/packages/customer/vivado/data/ip/xilinx/v_hdmi_tx_v3_0/hdl/v_hdmi_tx_v3_0_rfs.sv:9836]
WARNING: [VRFC 10-3705] select index 2 into 'strb' is out of bounds [/wrk/ci/prod/2021.2/sw/continuous/8687/packages/customer/vivado/data/ip/xilinx/v_hdmi_tx_v3_0/hdl/v_hdmi_tx_v3_0_rfs.sv:9837]
WARNING: [VRFC 10-3705] select index 2 into 'ctl' is out of bounds [/wrk/ci/prod/2021.2/sw/continuous/8687/packages/customer/vivado/data/ip/xilinx/v_hdmi_tx_v3_0/hdl/v_hdmi_tx_v3_0_rfs.sv:9851]
WARNING: [VRFC 10-3705] select index 3 into 'ctl' is out of bounds [/wrk/ci/prod/2021.2/sw/continuous/8687/packages/customer/vivado/data/ip/xilinx/v_hdmi_tx_v3_0/hdl/v_hdmi_tx_v3_0_rfs.sv:9858]
WARNING: [VRFC 10-3705] select index 3 into 'dat' is out of bounds [/wrk/ci/prod/2021.2/sw/continuous/8687/packages/customer/vivado/data/ip/xilinx/v_hdmi_tx_v3_0/hdl/v_hdmi_tx_v3_0_rfs.sv:9859]
WARNING: [VRFC 10-3705] select index 3 into 'strb' is out of bounds [/wrk/ci/prod/2021.2/sw/continuous/8687/packages/customer/vivado/data/ip/xilinx/v_hdmi_tx_v3_0/hdl/v_hdmi_tx_v3_0_rfs.sv:9860]
WARNING: [VRFC 10-3705] select index 3 into 'ctl' is out of bounds [/wrk/ci/prod/2021.2/sw/continuous/8687/packages/customer/vivado/data/ip/xilinx/v_hdmi_tx_v3_0/hdl/v_hdmi_tx_v3_0_rfs.sv:9874]
WARNING: [VRFC 10-3705] select index 2 into 'ctl' is out of bounds [/wrk/ci/prod/2021.2/sw/continuous/8687/packages/customer/vivado/data/ip/xilinx/v_hdmi_tx_v3_0/hdl/v_hdmi_tx_v3_0_rfs.sv:9934]
WARNING: [VRFC 10-3705] select index 2 into 'dat' is out of bounds [/wrk/ci/prod/2021.2/sw/continuous/8687/packages/customer/vivado/data/ip/xilinx/v_hdmi_tx_v3_0/hdl/v_hdmi_tx_v3_0_rfs.sv:9935]
WARNING: [VRFC 10-3705] select index 2 into 'strb' is out of bounds [/wrk/ci/prod/2021.2/sw/continuous/8687/packages/customer/vivado/data/ip/xilinx/v_hdmi_tx_v3_0/hdl/v_hdmi_tx_v3_0_rfs.sv:9936]
WARNING: [VRFC 10-3705] select index 2 into 'ctl' is out of bounds [/wrk/ci/prod/2021.2/sw/continuous/8687/packages/customer/vivado/data/ip/xilinx/v_hdmi_tx_v3_0/hdl/v_hdmi_tx_v3_0_rfs.sv:9950]
WARNING: [VRFC 10-3705] select index 3 into 'ctl' is out of bounds [/wrk/ci/prod/2021.2/sw/continuous/8687/packages/customer/vivado/data/ip/xilinx/v_hdmi_tx_v3_0/hdl/v_hdmi_tx_v3_0_rfs.sv:9957]
WARNING: [VRFC 10-3705] select index 3 into 'dat' is out of bounds [/wrk/ci/prod/2021.2/sw/continuous/8687/packages/customer/vivado/data/ip/xilinx/v_hdmi_tx_v3_0/hdl/v_hdmi_tx_v3_0_rfs.sv:9958]
WARNING: [VRFC 10-3705] select index 3 into 'strb' is out of bounds [/wrk/ci/prod/2021.2/sw/continuous/8687/packages/customer/vivado/data/ip/xilinx/v_hdmi_tx_v3_0/hdl/v_hdmi_tx_v3_0_rfs.sv:9959]
WARNING: [VRFC 10-3705] select index 3 into 'ctl' is out of bounds [/wrk/ci/prod/2021.2/sw/continuous/8687/packages/customer/vivado/data/ip/xilinx/v_hdmi_tx_v3_0/hdl/v_hdmi_tx_v3_0_rfs.sv:9973]
WARNING: [VRFC 10-3705] select index 2 into 'ctl' is out of bounds [/wrk/ci/prod/2021.2/sw/continuous/8687/packages/customer/vivado/data/ip/xilinx/v_hdmi_tx_v3_0/hdl/v_hdmi_tx_v3_0_rfs.sv:10033]
WARNING: [VRFC 10-3705] select index 2 into 'dat' is out of bounds [/wrk/ci/prod/2021.2/sw/continuous/8687/packages/customer/vivado/data/ip/xilinx/v_hdmi_tx_v3_0/hdl/v_hdmi_tx_v3_0_rfs.sv:10034]
WARNING: [VRFC 10-3705] select index 2 into 'strb' is out of bounds [/wrk/ci/prod/2021.2/sw/continuous/8687/packages/customer/vivado/data/ip/xilinx/v_hdmi_tx_v3_0/hdl/v_hdmi_tx_v3_0_rfs.sv:10035]
WARNING: [VRFC 10-3705] select index 2 into 'ctl' is out of bounds [/wrk/ci/prod/2021.2/sw/continuous/8687/packages/customer/vivado/data/ip/xilinx/v_hdmi_tx_v3_0/hdl/v_hdmi_tx_v3_0_rfs.sv:10049]
WARNING: [VRFC 10-3705] select index 3 into 'ctl' is out of bounds [/wrk/ci/prod/2021.2/sw/continuous/8687/packages/customer/vivado/data/ip/xilinx/v_hdmi_tx_v3_0/hdl/v_hdmi_tx_v3_0_rfs.sv:10056]
WARNING: [VRFC 10-3705] select index 3 into 'dat' is out of bounds [/wrk/ci/prod/2021.2/sw/continuous/8687/packages/customer/vivado/data/ip/xilinx/v_hdmi_tx_v3_0/hdl/v_hdmi_tx_v3_0_rfs.sv:10057]
WARNING: [VRFC 10-3705] select index 3 into 'strb' is out of bounds [/wrk/ci/prod/2021.2/sw/continuous/8687/packages/customer/vivado/data/ip/xilinx/v_hdmi_tx_v3_0/hdl/v_hdmi_tx_v3_0_rfs.sv:10058]
WARNING: [VRFC 10-3705] select index 3 into 'ctl' is out of bounds [/wrk/ci/prod/2021.2/sw/continuous/8687/packages/customer/vivado/data/ip/xilinx/v_hdmi_tx_v3_0/hdl/v_hdmi_tx_v3_0_rfs.sv:10072]
WARNING: [VRFC 10-3705] select index 2 into 'ctl' is out of bounds [/wrk/ci/prod/2021.2/sw/continuous/8687/packages/customer/vivado/data/ip/xilinx/v_hdmi_tx_v3_0/hdl/v_hdmi_tx_v3_0_rfs.sv:10159]
WARNING: [VRFC 10-3705] select index 2 into 'dat' is out of bounds [/wrk/ci/prod/2021.2/sw/continuous/8687/packages/customer/vivado/data/ip/xilinx/v_hdmi_tx_v3_0/hdl/v_hdmi_tx_v3_0_rfs.sv:10160]
WARNING: [VRFC 10-3705] select index 2 into 'strb' is out of bounds [/wrk/ci/prod/2021.2/sw/continuous/8687/packages/customer/vivado/data/ip/xilinx/v_hdmi_tx_v3_0/hdl/v_hdmi_tx_v3_0_rfs.sv:10161]
WARNING: [VRFC 10-3705] select index 2 into 'ctl' is out of bounds [/wrk/ci/prod/2021.2/sw/continuous/8687/packages/customer/vivado/data/ip/xilinx/v_hdmi_tx_v3_0/hdl/v_hdmi_tx_v3_0_rfs.sv:10175]
WARNING: [VRFC 10-3705] select index 3 into 'ctl' is out of bounds [/wrk/ci/prod/2021.2/sw/continuous/8687/packages/customer/vivado/data/ip/xilinx/v_hdmi_tx_v3_0/hdl/v_hdmi_tx_v3_0_rfs.sv:10182]
WARNING: [VRFC 10-3705] select index 3 into 'dat' is out of bounds [/wrk/ci/prod/2021.2/sw/continuous/8687/packages/customer/vivado/data/ip/xilinx/v_hdmi_tx_v3_0/hdl/v_hdmi_tx_v3_0_rfs.sv:10183]
WARNING: [VRFC 10-3705] select index 3 into 'strb' is out of bounds [/wrk/ci/prod/2021.2/sw/continuous/8687/packages/customer/vivado/data/ip/xilinx/v_hdmi_tx_v3_0/hdl/v_hdmi_tx_v3_0_rfs.sv:10184]
WARNING: [VRFC 10-3705] select index 3 into 'ctl' is out of bounds [/wrk/ci/prod/2021.2/sw/continuous/8687/packages/customer/vivado/data/ip/xilinx/v_hdmi_tx_v3_0/hdl/v_hdmi_tx_v3_0_rfs.sv:10198]
WARNING: [VRFC 10-3705] select index 2 into 'ctl' is out of bounds [/wrk/ci/prod/2021.2/sw/continuous/8687/packages/customer/vivado/data/ip/xilinx/v_hdmi_tx_v3_0/hdl/v_hdmi_tx_v3_0_rfs.sv:10258]
WARNING: [VRFC 10-3705] select index 2 into 'dat' is out of bounds [/wrk/ci/prod/2021.2/sw/continuous/8687/packages/customer/vivado/data/ip/xilinx/v_hdmi_tx_v3_0/hdl/v_hdmi_tx_v3_0_rfs.sv:10259]
WARNING: [VRFC 10-3705] select index 2 into 'strb' is out of bounds [/wrk/ci/prod/2021.2/sw/continuous/8687/packages/customer/vivado/data/ip/xilinx/v_hdmi_tx_v3_0/hdl/v_hdmi_tx_v3_0_rfs.sv:10260]
WARNING: [VRFC 10-3705] select index 2 into 'ctl' is out of bounds [/wrk/ci/prod/2021.2/sw/continuous/8687/packages/customer/vivado/data/ip/xilinx/v_hdmi_tx_v3_0/hdl/v_hdmi_tx_v3_0_rfs.sv:10274]
WARNING: [VRFC 10-3705] select index 3 into 'ctl' is out of bounds [/wrk/ci/prod/2021.2/sw/continuous/8687/packages/customer/vivado/data/ip/xilinx/v_hdmi_tx_v3_0/hdl/v_hdmi_tx_v3_0_rfs.sv:10281]
WARNING: [VRFC 10-3705] select index 3 into 'dat' is out of bounds [/wrk/ci/prod/2021.2/sw/continuous/8687/packages/customer/vivado/data/ip/xilinx/v_hdmi_tx_v3_0/hdl/v_hdmi_tx_v3_0_rfs.sv:10282]
WARNING: [VRFC 10-3705] select index 3 into 'strb' is out of bounds [/wrk/ci/prod/2021.2/sw/continuous/8687/packages/customer/vivado/data/ip/xilinx/v_hdmi_tx_v3_0/hdl/v_hdmi_tx_v3_0_rfs.sv:10283]
WARNING: [VRFC 10-3705] select index 3 into 'ctl' is out of bounds [/wrk/ci/prod/2021.2/sw/continuous/8687/packages/customer/vivado/data/ip/xilinx/v_hdmi_tx_v3_0/hdl/v_hdmi_tx_v3_0_rfs.sv:10297]
Completed static elaboration
INFO: [XSIM 43-4323] No Change in HDL. Linking previously generated obj files to create kernel
