Copyright 1986-2021 Xilinx, Inc. All Rights Reserved.
------------------------------------------------------------------------------------------------------------------------------------------------------
| Tool Version : Vivado v.2021.2 (win64) Build 3367213 Tue Oct 19 02:48:09 MDT 2021
| Date         : Mon Nov  6 14:48:35 2023
| Host         : e9ec215988d94eb running 64-bit major release  (build 9200)
| Command      : report_drc -file Display_Gen_Digilent_drc_routed.rpt -pb Display_Gen_Digilent_drc_routed.pb -rpx Display_Gen_Digilent_drc_routed.rpx
| Design       : Display_Gen_Digilent
| Device       : xc7a200tsbg484-3
| Speed File   : -3
| Design State : Fully Routed
------------------------------------------------------------------------------------------------------------------------------------------------------

Report DRC

Table of Contents
-----------------
1. REPORT SUMMARY
2. REPORT DETAILS

1. REPORT SUMMARY
-----------------
            Netlist: netlist
          Floorplan: design_1
      Design limits: <entire design considered>
           Ruledeck: default
             Max violations: <unlimited>
             Violations found: 0
+------+----------+-------------+------------+
| Rule | Severity | Description | Violations |
+------+----------+-------------+------------+
+------+----------+-------------+------------+

2. REPORT DETAILS
-----------------

