Copyright 1986-2021 Xilinx, Inc. All Rights Reserved.
----------------------------------------------------------------------------------------------------------------------------------------------------------------------------------
| Tool Version     : Vivado v.2021.2 (win64) Build 3367213 Tue Oct 19 02:48:09 MDT 2021
| Date             : Mon Nov  6 15:40:54 2023
| Host             : ARM144-11 running 64-bit major release  (build 9200)
| Command          : report_power -file Display_Gen_Digilent_power_routed.rpt -pb Display_Gen_Digilent_power_summary_routed.pb -rpx Display_Gen_Digilent_power_routed.rpx
| Design           : Display_Gen_Digilent
| Device           : xc7a200tsbg484-3
| Design State     : routed
| Grade            : extended
| Process          : typical
| Characterization : Production
----------------------------------------------------------------------------------------------------------------------------------------------------------------------------------

Power Report

Table of Contents
-----------------
1. Summary
1.1 On-Chip Components
1.2 Power Supply Summary
1.3 Confidence Level
2. Settings
2.1 Environment
2.2 Clock Constraints
3. Detailed Reports
3.1 By Hierarchy

1. Summary
----------

+--------------------------+--------------+
| Total On-Chip Power (W)  | 0.534        |
| Design Power Budget (W)  | Unspecified* |
| Power Budget Margin (W)  | NA           |
| Dynamic (W)              | 0.393        |
| Device Static (W)        | 0.140        |
| Effective TJA (C/W)      | 3.3          |
| Max Ambient (C)          | 98.2         |
| Junction Temperature (C) | 26.8         |
| Confidence Level         | Medium       |
| Setting File             | ---          |
| Simulation Activity File | ---          |
| Design Nets Matched      | NA           |
+--------------------------+--------------+
* Specify Design Power Budget using, set_operating_conditions -design_power_budget <value in Watts>


1.1 On-Chip Components
----------------------

+-------------------------+-----------+----------+-----------+-----------------+
| On-Chip                 | Power (W) | Used     | Available | Utilization (%) |
+-------------------------+-----------+----------+-----------+-----------------+
| Clocks                  |     0.005 |       14 |       --- |             --- |
| Slice Logic             |    <0.001 |      612 |       --- |             --- |
|   LUT as Logic          |    <0.001 |      233 |    133800 |            0.17 |
|   Register              |    <0.001 |      255 |    269200 |            0.09 |
|   CARRY4                |    <0.001 |       24 |     33450 |            0.07 |
|   Others                |     0.000 |       43 |       --- |             --- |
|   LUT as Shift Register |     0.000 |        1 |     46200 |           <0.01 |
| Signals                 |    <0.001 |      427 |       --- |             --- |
| MMCM                    |     0.116 |        1 |        10 |           10.00 |
| PLL                     |     0.135 |        1 |        10 |           10.00 |
| I/O                     |     0.136 |       10 |       285 |            3.51 |
| Static Power            |     0.140 |          |           |                 |
| Total                   |     0.534 |          |           |                 |
+-------------------------+-----------+----------+-----------+-----------------+


1.2 Power Supply Summary
------------------------

+-----------+-------------+-----------+-------------+------------+-------------+-------------+------------+
| Source    | Voltage (V) | Total (A) | Dynamic (A) | Static (A) | Powerup (A) | Budget (A)  | Margin (A) |
+-----------+-------------+-----------+-------------+------------+-------------+-------------+------------+
| Vccint    |       1.000 |     0.054 |       0.022 |      0.032 |       NA    | Unspecified | NA         |
| Vccaux    |       1.800 |     0.163 |       0.132 |      0.031 |       NA    | Unspecified | NA         |
| Vcco33    |       3.300 |     0.045 |       0.040 |      0.005 |       NA    | Unspecified | NA         |
| Vcco25    |       2.500 |     0.000 |       0.000 |      0.000 |       NA    | Unspecified | NA         |
| Vcco18    |       1.800 |     0.000 |       0.000 |      0.000 |       NA    | Unspecified | NA         |
| Vcco15    |       1.500 |     0.000 |       0.000 |      0.000 |       NA    | Unspecified | NA         |
| Vcco135   |       1.350 |     0.000 |       0.000 |      0.000 |       NA    | Unspecified | NA         |
| Vcco12    |       1.200 |     0.000 |       0.000 |      0.000 |       NA    | Unspecified | NA         |
| Vccaux_io |       1.800 |     0.000 |       0.000 |      0.000 |       NA    | Unspecified | NA         |
| Vccbram   |       1.000 |     0.001 |       0.000 |      0.001 |       NA    | Unspecified | NA         |
| MGTAVcc   |       1.000 |     0.000 |       0.000 |      0.000 |       NA    | Unspecified | NA         |
| MGTAVtt   |       1.200 |     0.000 |       0.000 |      0.000 |       NA    | Unspecified | NA         |
| Vccadc    |       1.800 |     0.020 |       0.000 |      0.020 |       NA    | Unspecified | NA         |
+-----------+-------------+-----------+-------------+------------+-------------+-------------+------------+


1.3 Confidence Level
--------------------

+-----------------------------+------------+-------------------------------------------------------+------------------------------------------------------------------------------------------------------------+
| User Input Data             | Confidence | Details                                               | Action                                                                                                     |
+-----------------------------+------------+-------------------------------------------------------+------------------------------------------------------------------------------------------------------------+
| Design implementation state | High       | Design is routed                                      |                                                                                                            |
| Clock nodes activity        | High       | User specified more than 95% of clocks                |                                                                                                            |
| I/O nodes activity          | Medium     | More than 5% of inputs are missing user specification | Provide missing input activity with simulation results or by editing the "By Resource Type -> I/Os" view   |
| Internal nodes activity     | Medium     | User specified less than 25% of internal nodes        | Provide missing internal nodes activity with simulation results or by editing the "By Resource Type" views |
| Device models               | High       | Device models are Production                          |                                                                                                            |
|                             |            |                                                       |                                                                                                            |
| Overall confidence level    | Medium     |                                                       |                                                                                                            |
+-----------------------------+------------+-------------------------------------------------------+------------------------------------------------------------------------------------------------------------+


2. Settings
-----------

2.1 Environment
---------------

+-----------------------+--------------------------+
| Ambient Temp (C)      | 25.0                     |
| ThetaJA (C/W)         | 3.3                      |
| Airflow (LFM)         | 250                      |
| Heat Sink             | medium (Medium Profile)  |
| ThetaSA (C/W)         | 4.6                      |
| Board Selection       | medium (10"x10")         |
| # of Board Layers     | 12to15 (12 to 15 Layers) |
| Board Temperature (C) | 25.0                     |
+-----------------------+--------------------------+


2.2 Clock Constraints
---------------------

+----------------------+-------------------------------------------------+-----------------+
| Clock                | Domain                                          | Constraint (ns) |
+----------------------+-------------------------------------------------+-----------------+
| CLKFBIN              | rgb2dvi/U0/ClockGenInternal.ClockGenX/CLKFBIN   |            13.5 |
| CLKFBIN_1            | rgb2dvi/U0/ClockGenInternal.ClockGenX/CLKFBIN   |            13.5 |
| PixelClkIO           | rgb2dvi/U0/ClockGenInternal.ClockGenX/PixelClk  |            13.5 |
| PixelClkIO_1         | rgb2dvi/U0/ClockGenInternal.ClockGenX/PixelClk  |            13.5 |
| SerialClkIO          | rgb2dvi/U0/ClockGenInternal.ClockGenX/SerialClk |             2.7 |
| SerialClkIO_1        | rgb2dvi/U0/ClockGenInternal.ClockGenX/SerialClk |             2.7 |
| clk                  | clk                                             |            10.0 |
| clk_out1_clk_wiz_0   | clk_wiz/inst/clk_out1_clk_wiz_0                 |            13.5 |
| clk_out1_clk_wiz_0_1 | clk_wiz/inst/clk_out1_clk_wiz_0                 |            13.5 |
| clkfbout_clk_wiz_0   | clk_wiz/inst/clkfbout_clk_wiz_0                 |            40.0 |
| clkfbout_clk_wiz_0_1 | clk_wiz/inst/clkfbout_clk_wiz_0                 |            40.0 |
| sys_clk_pin          | clk                                             |            10.0 |
+----------------------+-------------------------------------------------+-----------------+


3. Detailed Reports
-------------------

3.1 By Hierarchy
----------------

+--------------------------------------+-----------+
| Name                                 | Power (W) |
+--------------------------------------+-----------+
| Display_Gen_Digilent                 |     0.393 |
|   clk_wiz                            |     0.117 |
|     inst                             |     0.117 |
|   rgb2dvi                            |     0.276 |
|     U0                               |     0.276 |
|       ClockGenInternal.ClockGenX     |     0.136 |
|       ClockSerializer                |     0.034 |
|       DataEncoders[0].DataSerializer |     0.035 |
|       DataEncoders[1].DataSerializer |     0.035 |
|       DataEncoders[2].DataSerializer |     0.035 |
+--------------------------------------+-----------+


