
*** Running vivado
    with args -log Display_Gen_Digilent.vdi -applog -m64 -product Vivado -messageDb vivado.pb -mode batch -source Display_Gen_Digilent.tcl -notrace



****** Vivado v2021.2 (64-bit)
  **** SW Build 3367213 on Tue Oct 19 02:48:09 MDT 2021
  **** IP Build 3369179 on Thu Oct 21 08:25:16 MDT 2021
    ** Copyright 1986-2021 Xilinx, Inc. All Rights Reserved.

source Display_Gen_Digilent.tcl -notrace
INFO: [IP_Flow 19-234] Refreshing IP repositories
INFO: [IP_Flow 19-1700] Loaded user IP repository 'h:/Senior-Project-2023/vivado-library'.
INFO: [IP_Flow 19-2313] Loaded Vivado IP repository 'C:/Xilinx/Vivado/2021.2/data/ip'.
update_ip_catalog: Time (s): cpu = 00:00:01 ; elapsed = 00:00:08 . Memory (MB): peak = 1253.824 ; gain = 0.000
Command: link_design -top Display_Gen_Digilent -part xc7a200tsbg484-3
Design is defaulting to srcset: sources_1
Design is defaulting to constrset: constrs_1
INFO: [Device 21-403] Loading part xc7a200tsbg484-3
INFO: [Project 1-454] Reading design checkpoint 'h:/Senior-Project-2023/SENIOR_PROJECT/DIGLENT_BLOCK/DIGLENT_BLOCK.gen/sources_1/ip/clk_wiz_0_1/clk_wiz_0.dcp' for cell 'clk_wiz'
INFO: [Project 1-454] Reading design checkpoint 'h:/Senior-Project-2023/SENIOR_PROJECT/DIGLENT_BLOCK/DIGLENT_BLOCK.gen/sources_1/ip/rgb2dvi_0/rgb2dvi_0.dcp' for cell 'rgb2dvi'
INFO: [Project 1-454] Reading design checkpoint 'h:/Senior-Project-2023/SENIOR_PROJECT/DIGLENT_BLOCK/DIGLENT_BLOCK.gen/sources_1/ip/v_tc_0/v_tc_0.dcp' for cell 'vtc'
Netlist sorting complete. Time (s): cpu = 00:00:00 ; elapsed = 00:00:00.015 . Memory (MB): peak = 1253.824 ; gain = 0.000
INFO: [Netlist 29-17] Analyzing 51 Unisim elements for replacement
INFO: [Netlist 29-28] Unisim Transformation completed in 0 CPU seconds
INFO: [Project 1-479] Netlist was created with Vivado 2021.2
INFO: [Project 1-570] Preparing netlist for logic optimization
Parsing XDC File [h:/Senior-Project-2023/SENIOR_PROJECT/DIGLENT_BLOCK/DIGLENT_BLOCK.gen/sources_1/ip/rgb2dvi_0/src/rgb2dvi.xdc] for cell 'rgb2dvi/U0'
Finished Parsing XDC File [h:/Senior-Project-2023/SENIOR_PROJECT/DIGLENT_BLOCK/DIGLENT_BLOCK.gen/sources_1/ip/rgb2dvi_0/src/rgb2dvi.xdc] for cell 'rgb2dvi/U0'
Parsing XDC File [h:/Senior-Project-2023/SENIOR_PROJECT/DIGLENT_BLOCK/DIGLENT_BLOCK.gen/sources_1/ip/clk_wiz_0_1/clk_wiz_0_board.xdc] for cell 'clk_wiz/inst'
Finished Parsing XDC File [h:/Senior-Project-2023/SENIOR_PROJECT/DIGLENT_BLOCK/DIGLENT_BLOCK.gen/sources_1/ip/clk_wiz_0_1/clk_wiz_0_board.xdc] for cell 'clk_wiz/inst'
Parsing XDC File [h:/Senior-Project-2023/SENIOR_PROJECT/DIGLENT_BLOCK/DIGLENT_BLOCK.gen/sources_1/ip/clk_wiz_0_1/clk_wiz_0.xdc] for cell 'clk_wiz/inst'
INFO: [Timing 38-35] Done setting XDC timing constraints. [h:/Senior-Project-2023/SENIOR_PROJECT/DIGLENT_BLOCK/DIGLENT_BLOCK.gen/sources_1/ip/clk_wiz_0_1/clk_wiz_0.xdc:57]
INFO: [Timing 38-2] Deriving generated clocks [h:/Senior-Project-2023/SENIOR_PROJECT/DIGLENT_BLOCK/DIGLENT_BLOCK.gen/sources_1/ip/clk_wiz_0_1/clk_wiz_0.xdc:57]
Finished Parsing XDC File [h:/Senior-Project-2023/SENIOR_PROJECT/DIGLENT_BLOCK/DIGLENT_BLOCK.gen/sources_1/ip/clk_wiz_0_1/clk_wiz_0.xdc] for cell 'clk_wiz/inst'
Parsing XDC File [H:/Nexys-Video-Master.xdc]
WARNING: [Vivado 12-584] No ports matched 'hdmi_tx_cec'. [H:/Nexys-Video-Master.xdc:78]
CRITICAL WARNING: [Common 17-55] 'set_property' expects at least one object. [H:/Nexys-Video-Master.xdc:78]
Resolution: If [get_<value>] was used to populate the object, check to make sure this command returns at least one valid object.
WARNING: [Vivado 12-584] No ports matched 'hdmi_tx_hpd'. [H:/Nexys-Video-Master.xdc:81]
CRITICAL WARNING: [Common 17-55] 'set_property' expects at least one object. [H:/Nexys-Video-Master.xdc:81]
Resolution: If [get_<value>] was used to populate the object, check to make sure this command returns at least one valid object.
WARNING: [Vivado 12-584] No ports matched 'hdmi_tx_rscl'. [H:/Nexys-Video-Master.xdc:82]
CRITICAL WARNING: [Common 17-55] 'set_property' expects at least one object. [H:/Nexys-Video-Master.xdc:82]
Resolution: If [get_<value>] was used to populate the object, check to make sure this command returns at least one valid object.
WARNING: [Vivado 12-584] No ports matched 'hdmi_tx_rsda'. [H:/Nexys-Video-Master.xdc:83]
CRITICAL WARNING: [Common 17-55] 'set_property' expects at least one object. [H:/Nexys-Video-Master.xdc:83]
Resolution: If [get_<value>] was used to populate the object, check to make sure this command returns at least one valid object.
Finished Parsing XDC File [H:/Nexys-Video-Master.xdc]
Parsing XDC File [h:/Senior-Project-2023/SENIOR_PROJECT/DIGLENT_BLOCK/DIGLENT_BLOCK.gen/sources_1/ip/v_tc_0/v_tc_0_clocks.xdc] for cell 'vtc/U0'
Finished Parsing XDC File [h:/Senior-Project-2023/SENIOR_PROJECT/DIGLENT_BLOCK/DIGLENT_BLOCK.gen/sources_1/ip/v_tc_0/v_tc_0_clocks.xdc] for cell 'vtc/U0'
Parsing XDC File [h:/Senior-Project-2023/SENIOR_PROJECT/DIGLENT_BLOCK/DIGLENT_BLOCK.gen/sources_1/ip/rgb2dvi_0/src/rgb2dvi_clocks.xdc] for cell 'rgb2dvi/U0'
Finished Parsing XDC File [h:/Senior-Project-2023/SENIOR_PROJECT/DIGLENT_BLOCK/DIGLENT_BLOCK.gen/sources_1/ip/rgb2dvi_0/src/rgb2dvi_clocks.xdc] for cell 'rgb2dvi/U0'
INFO: [Project 1-1714] 1 XPM XDC files have been applied to the design.
INFO: [Opt 31-138] Pushed 0 inverter(s) to 0 load pin(s).
Netlist sorting complete. Time (s): cpu = 00:00:00 ; elapsed = 00:00:00.001 . Memory (MB): peak = 1537.660 ; gain = 0.000
INFO: [Project 1-111] Unisim Transformation Summary:
No Unisim elements were transformed.

16 Infos, 4 Warnings, 4 Critical Warnings and 0 Errors encountered.
link_design completed successfully
link_design: Time (s): cpu = 00:00:08 ; elapsed = 00:00:10 . Memory (MB): peak = 1537.660 ; gain = 283.836
Command: opt_design
Attempting to get a license for feature 'Implementation' and/or device 'xc7a200t'
INFO: [Common 17-349] Got license for feature 'Implementation' and/or device 'xc7a200t'
Running DRC as a precondition to command opt_design

Starting DRC Task
INFO: [DRC 23-27] Running DRC with 2 threads
INFO: [Project 1-461] DRC finished with 0 Errors
INFO: [Project 1-462] Please refer to the DRC report (report_drc) for more information.

Time (s): cpu = 00:00:01 ; elapsed = 00:00:00.628 . Memory (MB): peak = 1537.660 ; gain = 0.000

Starting Cache Timing Information Task
INFO: [Timing 38-35] Done setting XDC timing constraints.
Ending Cache Timing Information Task | Checksum: 229a71560

Time (s): cpu = 00:00:00 ; elapsed = 00:00:00.046 . Memory (MB): peak = 1537.660 ; gain = 0.000

Starting Logic Optimization Task

Phase 1 Retarget
INFO: [Opt 31-1287] Pulled Inverter rgb2dvi/U0/DataEncoders[1].DataEncoder/pDataOutRaw[9]_i_1 into driver instance rgb2dvi/U0/DataEncoders[1].DataEncoder/pDataOutRaw[9]_i_2__0, which resulted in an inversion of 9 pins
INFO: [Opt 31-1287] Pulled Inverter rgb2dvi/U0/DataEncoders[2].DataEncoder/pDataOutRaw[9]_i_1__0 into driver instance rgb2dvi/U0/DataEncoders[2].DataEncoder/pDataOutRaw[9]_i_2__1, which resulted in an inversion of 9 pins
INFO: [Opt 31-1287] Pulled Inverter rgb2dvi/U0/DataEncoders[2].DataEncoder/q_m_2[7]_i_1 into driver instance rgb2dvi/U0/DataEncoders[2].DataEncoder/q_m_2[7]_i_2__1, which resulted in an inversion of 8 pins
INFO: [Opt 31-1287] Pulled Inverter vtc/U0/U_TC_TOP/GEN_GENERATOR.U_TC_GEN/async_enable_d_i_1 into driver instance vtc_i_1, which resulted in an inversion of 11 pins
INFO: [Opt 31-138] Pushed 1 inverter(s) to 1 load pin(s).
CRITICAL WARNING: [Opt 31-430] Found a FDRE that its data pin is undriven. Driver is required to prevent unexpected behavior:vtc/U0/xpm_cdc_single_inst/syncstages_ff_reg[0]
INFO: [Opt 31-49] Retargeted 0 cell(s).
Phase 1 Retarget | Checksum: 16a073ab7

Time (s): cpu = 00:00:01 ; elapsed = 00:00:00.085 . Memory (MB): peak = 1792.227 ; gain = 0.000
INFO: [Opt 31-389] Phase Retarget created 78 cells and removed 148 cells
INFO: [Opt 31-1021] In phase Retarget, 1 netlist objects are constrained preventing optimization. Please run opt_design with -debug_log to get more detail. 

Phase 2 Constant propagation
INFO: [Opt 31-138] Pushed 0 inverter(s) to 0 load pin(s).
Phase 2 Constant propagation | Checksum: 1303d5a2f

Time (s): cpu = 00:00:01 ; elapsed = 00:00:00.117 . Memory (MB): peak = 1792.227 ; gain = 0.000
INFO: [Opt 31-389] Phase Constant propagation created 64 cells and removed 240 cells

Phase 3 Sweep
Phase 3 Sweep | Checksum: 10011c22c

Time (s): cpu = 00:00:01 ; elapsed = 00:00:00.153 . Memory (MB): peak = 1792.227 ; gain = 0.000
INFO: [Opt 31-389] Phase Sweep created 0 cells and removed 77 cells

Phase 4 BUFG optimization
INFO: [Opt 31-194] Inserted BUFG rgb2dvi/U0/ClockGenInternal.ClockGenX/PixelClk_BUFG_inst to drive 8 load(s) on clock net rgb2dvi/U0/ClockGenInternal.ClockGenX/PixelClk_BUFG
INFO: [Opt 31-194] Inserted BUFG rgb2dvi/U0/ClockGenInternal.ClockGenX/SerialClk_BUFG_inst to drive 8 load(s) on clock net rgb2dvi/U0/ClockGenInternal.ClockGenX/SerialClk_BUFG
INFO: [Opt 31-193] Inserted 2 BUFG(s) on clock nets
Phase 4 BUFG optimization | Checksum: 16b5c8348

Time (s): cpu = 00:00:01 ; elapsed = 00:00:00.175 . Memory (MB): peak = 1792.227 ; gain = 0.000
INFO: [Opt 31-662] Phase BUFG optimization created 2 cells of which 2 are BUFGs and removed 0 cells.

Phase 5 Shift Register Optimization
INFO: [Opt 31-1064] SRL Remap converted 0 SRLs to 0 registers and converted 0 registers of register chains to 0 SRLs
Phase 5 Shift Register Optimization | Checksum: 16b5c8348

Time (s): cpu = 00:00:01 ; elapsed = 00:00:00.181 . Memory (MB): peak = 1792.227 ; gain = 0.000
INFO: [Opt 31-389] Phase Shift Register Optimization created 0 cells and removed 0 cells

Phase 6 Post Processing Netlist
Phase 6 Post Processing Netlist | Checksum: 16b5c8348

Time (s): cpu = 00:00:01 ; elapsed = 00:00:00.187 . Memory (MB): peak = 1792.227 ; gain = 0.000
INFO: [Opt 31-389] Phase Post Processing Netlist created 0 cells and removed 0 cells
Opt_design Change Summary
=========================


-------------------------------------------------------------------------------------------------------------------------
|  Phase                        |  #Cells created  |  #Cells Removed  |  #Constrained objects preventing optimizations  |
-------------------------------------------------------------------------------------------------------------------------
|  Retarget                     |              78  |             148  |                                              1  |
|  Constant propagation         |              64  |             240  |                                              0  |
|  Sweep                        |               0  |              77  |                                              0  |
|  BUFG optimization            |               2  |               0  |                                              0  |
|  Shift Register Optimization  |               0  |               0  |                                              0  |
|  Post Processing Netlist      |               0  |               0  |                                              0  |
-------------------------------------------------------------------------------------------------------------------------



Starting Connectivity Check Task

Time (s): cpu = 00:00:00 ; elapsed = 00:00:00.002 . Memory (MB): peak = 1792.227 ; gain = 0.000
Ending Logic Optimization Task | Checksum: 1faa8f4f2

Time (s): cpu = 00:00:01 ; elapsed = 00:00:00.215 . Memory (MB): peak = 1792.227 ; gain = 0.000

Starting Power Optimization Task
INFO: [Pwropt 34-132] Skipping clock gating for clocks with a period < 2.00 ns.
Ending Power Optimization Task | Checksum: 1faa8f4f2

Time (s): cpu = 00:00:00 ; elapsed = 00:00:00.006 . Memory (MB): peak = 1792.227 ; gain = 0.000

Starting Final Cleanup Task
Ending Final Cleanup Task | Checksum: 1faa8f4f2

Time (s): cpu = 00:00:00 ; elapsed = 00:00:00.001 . Memory (MB): peak = 1792.227 ; gain = 0.000

Starting Netlist Obfuscation Task
Netlist sorting complete. Time (s): cpu = 00:00:00 ; elapsed = 00:00:00 . Memory (MB): peak = 1792.227 ; gain = 0.000
Ending Netlist Obfuscation Task | Checksum: 1faa8f4f2

Time (s): cpu = 00:00:00 ; elapsed = 00:00:00.002 . Memory (MB): peak = 1792.227 ; gain = 0.000
INFO: [Common 17-83] Releasing license: Implementation
41 Infos, 4 Warnings, 5 Critical Warnings and 0 Errors encountered.
opt_design completed successfully
INFO: [Timing 38-35] Done setting XDC timing constraints.
INFO: [Timing 38-480] Writing timing data to binary archive.
Writing placer database...
Writing XDEF routing.
Writing XDEF routing logical nets.
Writing XDEF routing special nets.
Write XDEF Complete: Time (s): cpu = 00:00:00 ; elapsed = 00:00:00.196 . Memory (MB): peak = 1826.281 ; gain = 9.168
INFO: [Common 17-1381] The checkpoint 'H:/Senior-Project-2023/SENIOR_PROJECT/DIGLENT_BLOCK/DIGLENT_BLOCK.runs/impl_1/Display_Gen_Digilent_opt.dcp' has been generated.
INFO: [runtcl-4] Executing : report_drc -file Display_Gen_Digilent_drc_opted.rpt -pb Display_Gen_Digilent_drc_opted.pb -rpx Display_Gen_Digilent_drc_opted.rpx
Command: report_drc -file Display_Gen_Digilent_drc_opted.rpt -pb Display_Gen_Digilent_drc_opted.pb -rpx Display_Gen_Digilent_drc_opted.rpx
INFO: [IP_Flow 19-1839] IP Catalog is up to date.
INFO: [DRC 23-27] Running DRC with 2 threads
INFO: [Vivado_Tcl 2-168] The results of DRC are in file H:/Senior-Project-2023/SENIOR_PROJECT/DIGLENT_BLOCK/DIGLENT_BLOCK.runs/impl_1/Display_Gen_Digilent_drc_opted.rpt.
report_drc completed successfully
Command: place_design
Attempting to get a license for feature 'Implementation' and/or device 'xc7a200t'
INFO: [Common 17-349] Got license for feature 'Implementation' and/or device 'xc7a200t'
INFO: [DRC 23-27] Running DRC with 2 threads
INFO: [Vivado_Tcl 4-198] DRC finished with 0 Errors
INFO: [Vivado_Tcl 4-199] Please refer to the DRC report (report_drc) for more information.
Running DRC as a precondition to command place_design
INFO: [DRC 23-27] Running DRC with 2 threads
INFO: [Vivado_Tcl 4-198] DRC finished with 0 Errors
INFO: [Vivado_Tcl 4-199] Please refer to the DRC report (report_drc) for more information.

Starting Placer Task
INFO: [Place 30-611] Multithreading enabled for place_design using a maximum of 2 CPUs

Phase 1 Placer Initialization

Phase 1.1 Placer Initialization Netlist Sorting
Netlist sorting complete. Time (s): cpu = 00:00:00 ; elapsed = 00:00:00 . Memory (MB): peak = 1880.922 ; gain = 0.000
Phase 1.1 Placer Initialization Netlist Sorting | Checksum: 1023b59a6

Time (s): cpu = 00:00:00 ; elapsed = 00:00:00.010 . Memory (MB): peak = 1880.922 ; gain = 0.000
Netlist sorting complete. Time (s): cpu = 00:00:00 ; elapsed = 00:00:00 . Memory (MB): peak = 1880.922 ; gain = 0.000

Phase 1.2 IO Placement/ Clock Placement/ Build Placer Device
Phase 1.2 IO Placement/ Clock Placement/ Build Placer Device | Checksum: 160ecfc3b

Time (s): cpu = 00:00:00 ; elapsed = 00:00:00.156 . Memory (MB): peak = 1880.922 ; gain = 0.000

Phase 1.3 Build Placer Netlist Model
Phase 1.3 Build Placer Netlist Model | Checksum: 214b5f677

Time (s): cpu = 00:00:01 ; elapsed = 00:00:00.273 . Memory (MB): peak = 1880.922 ; gain = 0.000

Phase 1.4 Constrain Clocks/Macros
Phase 1.4 Constrain Clocks/Macros | Checksum: 214b5f677

Time (s): cpu = 00:00:01 ; elapsed = 00:00:00.280 . Memory (MB): peak = 1880.922 ; gain = 0.000
Phase 1 Placer Initialization | Checksum: 214b5f677

Time (s): cpu = 00:00:01 ; elapsed = 00:00:00.289 . Memory (MB): peak = 1880.922 ; gain = 0.000

Phase 2 Global Placement

Phase 2.1 Floorplanning
Phase 2.1 Floorplanning | Checksum: 242e76cfe

Time (s): cpu = 00:00:01 ; elapsed = 00:00:00.353 . Memory (MB): peak = 1880.922 ; gain = 0.000

Phase 2.2 Update Timing before SLR Path Opt
Phase 2.2 Update Timing before SLR Path Opt | Checksum: 167459727

Time (s): cpu = 00:00:01 ; elapsed = 00:00:00.389 . Memory (MB): peak = 1880.922 ; gain = 0.000

Phase 2.3 Post-Processing in Floorplanning
Phase 2.3 Post-Processing in Floorplanning | Checksum: 167459727

Time (s): cpu = 00:00:01 ; elapsed = 00:00:00.392 . Memory (MB): peak = 1880.922 ; gain = 0.000

Phase 2.4 Global Placement Core

Phase 2.4.1 Physical Synthesis In Placer
INFO: [Physopt 32-1035] Found 0 LUTNM shape to break, 15 LUT instances to create LUTNM shape
INFO: [Physopt 32-1044] Break lutnm for timing: one critical 0, two critical 0, total 0, new lutff created 0
INFO: [Physopt 32-1138] End 1 Pass. Optimized 7 nets or LUTs. Breaked 0 LUT, combined 7 existing LUTs and moved 0 existing LUT
INFO: [Physopt 32-65] No nets found for high-fanout optimization.
INFO: [Physopt 32-232] Optimized 0 net. Created 0 new instance.
INFO: [Physopt 32-775] End 1 Pass. Optimized 0 net or cell. Created 0 new cell, deleted 0 existing cell and moved 0 existing cell
INFO: [Physopt 32-670] No setup violation found.  DSP Register Optimization was not performed.
INFO: [Physopt 32-670] No setup violation found.  Shift Register to Pipeline Optimization was not performed.
INFO: [Physopt 32-670] No setup violation found.  Shift Register Optimization was not performed.
INFO: [Physopt 32-670] No setup violation found.  BRAM Register Optimization was not performed.
INFO: [Physopt 32-670] No setup violation found.  URAM Register Optimization was not performed.
INFO: [Physopt 32-949] No candidate nets found for dynamic/static region interface net replication
INFO: [Physopt 32-775] End 1 Pass. Optimized 0 net or cell. Created 0 new cell, deleted 0 existing cell and moved 0 existing cell
Netlist sorting complete. Time (s): cpu = 00:00:00 ; elapsed = 00:00:00 . Memory (MB): peak = 1880.922 ; gain = 0.000

Summary of Physical Synthesis Optimizations
============================================


-----------------------------------------------------------------------------------------------------------------------------------------------------------
|  Optimization                                     |  Added Cells  |  Removed Cells  |  Optimized Cells/Nets  |  Dont Touch  |  Iterations  |  Elapsed   |
-----------------------------------------------------------------------------------------------------------------------------------------------------------
|  LUT Combining                                    |            0  |              7  |                     7  |           0  |           1  |  00:00:00  |
|  Retime                                           |            0  |              0  |                     0  |           0  |           1  |  00:00:00  |
|  Very High Fanout                                 |            0  |              0  |                     0  |           0  |           1  |  00:00:00  |
|  DSP Register                                     |            0  |              0  |                     0  |           0  |           0  |  00:00:00  |
|  Shift Register to Pipeline                       |            0  |              0  |                     0  |           0  |           0  |  00:00:00  |
|  Shift Register                                   |            0  |              0  |                     0  |           0  |           0  |  00:00:00  |
|  BRAM Register                                    |            0  |              0  |                     0  |           0  |           0  |  00:00:00  |
|  URAM Register                                    |            0  |              0  |                     0  |           0  |           0  |  00:00:00  |
|  Dynamic/Static Region Interface Net Replication  |            0  |              0  |                     0  |           0  |           1  |  00:00:00  |
|  Total                                            |            0  |              7  |                     7  |           0  |           4  |  00:00:00  |
-----------------------------------------------------------------------------------------------------------------------------------------------------------


Phase 2.4.1 Physical Synthesis In Placer | Checksum: 16150586e

Time (s): cpu = 00:00:02 ; elapsed = 00:00:01 . Memory (MB): peak = 1880.922 ; gain = 0.000
Phase 2.4 Global Placement Core | Checksum: 22056f5fd

Time (s): cpu = 00:00:02 ; elapsed = 00:00:01 . Memory (MB): peak = 1880.922 ; gain = 0.000
Phase 2 Global Placement | Checksum: 22056f5fd

Time (s): cpu = 00:00:02 ; elapsed = 00:00:01 . Memory (MB): peak = 1880.922 ; gain = 0.000

Phase 3 Detail Placement

Phase 3.1 Commit Multi Column Macros
Phase 3.1 Commit Multi Column Macros | Checksum: 1a4dee980

Time (s): cpu = 00:00:03 ; elapsed = 00:00:01 . Memory (MB): peak = 1880.922 ; gain = 0.000

Phase 3.2 Commit Most Macros & LUTRAMs
Phase 3.2 Commit Most Macros & LUTRAMs | Checksum: 1cb2f2ab0

Time (s): cpu = 00:00:03 ; elapsed = 00:00:01 . Memory (MB): peak = 1880.922 ; gain = 0.000

Phase 3.3 Area Swap Optimization
Phase 3.3 Area Swap Optimization | Checksum: 206305184

Time (s): cpu = 00:00:03 ; elapsed = 00:00:01 . Memory (MB): peak = 1880.922 ; gain = 0.000

Phase 3.4 Pipeline Register Optimization
Phase 3.4 Pipeline Register Optimization | Checksum: 12483535c

Time (s): cpu = 00:00:03 ; elapsed = 00:00:01 . Memory (MB): peak = 1880.922 ; gain = 0.000

Phase 3.5 Small Shape Detail Placement
Phase 3.5 Small Shape Detail Placement | Checksum: 214365f1b

Time (s): cpu = 00:00:03 ; elapsed = 00:00:02 . Memory (MB): peak = 1880.922 ; gain = 0.000

Phase 3.6 Re-assign LUT pins
Phase 3.6 Re-assign LUT pins | Checksum: 1a00a9a0e

Time (s): cpu = 00:00:03 ; elapsed = 00:00:02 . Memory (MB): peak = 1880.922 ; gain = 0.000

Phase 3.7 Pipeline Register Optimization
Phase 3.7 Pipeline Register Optimization | Checksum: bfb79bf6

Time (s): cpu = 00:00:03 ; elapsed = 00:00:02 . Memory (MB): peak = 1880.922 ; gain = 0.000
Phase 3 Detail Placement | Checksum: bfb79bf6

Time (s): cpu = 00:00:03 ; elapsed = 00:00:02 . Memory (MB): peak = 1880.922 ; gain = 0.000

Phase 4 Post Placement Optimization and Clean-Up

Phase 4.1 Post Commit Optimization
INFO: [Timing 38-35] Done setting XDC timing constraints.

Phase 4.1.1 Post Placement Optimization
Post Placement Optimization Initialization | Checksum: a056e590

Phase 4.1.1.1 BUFG Insertion

Starting Physical Synthesis Task

Phase 1 Physical Synthesis Initialization
INFO: [Physopt 32-721] Multithreading enabled for phys_opt_design using a maximum of 2 CPUs
INFO: [Physopt 32-619] Estimated Timing Summary | WNS=9.730 | TNS=0.000 |
Phase 1 Physical Synthesis Initialization | Checksum: 14ba7b81d

Time (s): cpu = 00:00:00 ; elapsed = 00:00:00.030 . Memory (MB): peak = 1880.922 ; gain = 0.000
INFO: [Place 46-56] BUFG insertion identified 0 candidate nets. Inserted BUFG: 0, Replicated BUFG Driver: 0, Skipped due to Placement/Routing Conflicts: 0, Skipped due to Timing Degradation: 0, Skipped due to Illegal Netlist: 0.
Ending Physical Synthesis Task | Checksum: 178206078

Time (s): cpu = 00:00:00 ; elapsed = 00:00:00.033 . Memory (MB): peak = 1880.922 ; gain = 0.000
Phase 4.1.1.1 BUFG Insertion | Checksum: a056e590

Time (s): cpu = 00:00:03 ; elapsed = 00:00:02 . Memory (MB): peak = 1880.922 ; gain = 0.000

Phase 4.1.1.2 Post Placement Timing Optimization
INFO: [Place 30-746] Post Placement Timing Summary WNS=9.730. For the most accurate timing information please run report_timing.
Phase 4.1.1.2 Post Placement Timing Optimization | Checksum: a57a7667

Time (s): cpu = 00:00:03 ; elapsed = 00:00:02 . Memory (MB): peak = 1880.922 ; gain = 0.000

Time (s): cpu = 00:00:03 ; elapsed = 00:00:02 . Memory (MB): peak = 1880.922 ; gain = 0.000
Phase 4.1 Post Commit Optimization | Checksum: a57a7667

Time (s): cpu = 00:00:03 ; elapsed = 00:00:02 . Memory (MB): peak = 1880.922 ; gain = 0.000

Phase 4.2 Post Placement Cleanup
Phase 4.2 Post Placement Cleanup | Checksum: a57a7667

Time (s): cpu = 00:00:03 ; elapsed = 00:00:02 . Memory (MB): peak = 1880.922 ; gain = 0.000

Phase 4.3 Placer Reporting

Phase 4.3.1 Print Estimated Congestion
INFO: [Place 30-612] Post-Placement Estimated Congestion 
 ____________________________________________________
|           | Global Congestion | Short Congestion  |
| Direction | Region Size       | Region Size       |
|___________|___________________|___________________|
|      North|                1x1|                1x1|
|___________|___________________|___________________|
|      South|                1x1|                1x1|
|___________|___________________|___________________|
|       East|                1x1|                1x1|
|___________|___________________|___________________|
|       West|                1x1|                1x1|
|___________|___________________|___________________|

Phase 4.3.1 Print Estimated Congestion | Checksum: a57a7667

Time (s): cpu = 00:00:03 ; elapsed = 00:00:02 . Memory (MB): peak = 1880.922 ; gain = 0.000
Phase 4.3 Placer Reporting | Checksum: a57a7667

Time (s): cpu = 00:00:03 ; elapsed = 00:00:02 . Memory (MB): peak = 1880.922 ; gain = 0.000

Phase 4.4 Final Placement Cleanup
Netlist sorting complete. Time (s): cpu = 00:00:00 ; elapsed = 00:00:00 . Memory (MB): peak = 1880.922 ; gain = 0.000

Time (s): cpu = 00:00:03 ; elapsed = 00:00:02 . Memory (MB): peak = 1880.922 ; gain = 0.000
Phase 4 Post Placement Optimization and Clean-Up | Checksum: a7db1bd2

Time (s): cpu = 00:00:03 ; elapsed = 00:00:02 . Memory (MB): peak = 1880.922 ; gain = 0.000
Ending Placer Task | Checksum: 82136a97

Time (s): cpu = 00:00:03 ; elapsed = 00:00:02 . Memory (MB): peak = 1880.922 ; gain = 0.000
INFO: [Common 17-83] Releasing license: Implementation
76 Infos, 4 Warnings, 5 Critical Warnings and 0 Errors encountered.
place_design completed successfully
INFO: [Timing 38-480] Writing timing data to binary archive.
Writing placer database...
Writing XDEF routing.
Writing XDEF routing logical nets.
Writing XDEF routing special nets.
Write XDEF Complete: Time (s): cpu = 00:00:01 ; elapsed = 00:00:00.410 . Memory (MB): peak = 1880.922 ; gain = 0.000
INFO: [Common 17-1381] The checkpoint 'H:/Senior-Project-2023/SENIOR_PROJECT/DIGLENT_BLOCK/DIGLENT_BLOCK.runs/impl_1/Display_Gen_Digilent_placed.dcp' has been generated.
INFO: [runtcl-4] Executing : report_io -file Display_Gen_Digilent_io_placed.rpt
report_io: Time (s): cpu = 00:00:00 ; elapsed = 00:00:00.070 . Memory (MB): peak = 1880.922 ; gain = 0.000
INFO: [runtcl-4] Executing : report_utilization -file Display_Gen_Digilent_utilization_placed.rpt -pb Display_Gen_Digilent_utilization_placed.pb
INFO: [runtcl-4] Executing : report_control_sets -verbose -file Display_Gen_Digilent_control_sets_placed.rpt
report_control_sets: Time (s): cpu = 00:00:00 ; elapsed = 00:00:00.023 . Memory (MB): peak = 1880.922 ; gain = 0.000
Command: phys_opt_design
Attempting to get a license for feature 'Implementation' and/or device 'xc7a200t'
INFO: [Common 17-349] Got license for feature 'Implementation' and/or device 'xc7a200t'
INFO: [Vivado_Tcl 4-383] Design worst setup slack (WNS) is greater than or equal to 0.000 ns. Skipping all physical synthesis optimizations.
INFO: [Vivado_Tcl 4-232] No setup violation found. The netlist was not modified.
INFO: [Common 17-83] Releasing license: Implementation
85 Infos, 4 Warnings, 5 Critical Warnings and 0 Errors encountered.
phys_opt_design completed successfully
INFO: [Timing 38-480] Writing timing data to binary archive.
Writing placer database...
Writing XDEF routing.
Writing XDEF routing logical nets.
Writing XDEF routing special nets.
Write XDEF Complete: Time (s): cpu = 00:00:00 ; elapsed = 00:00:00.371 . Memory (MB): peak = 1909.719 ; gain = 26.820
INFO: [Common 17-1381] The checkpoint 'H:/Senior-Project-2023/SENIOR_PROJECT/DIGLENT_BLOCK/DIGLENT_BLOCK.runs/impl_1/Display_Gen_Digilent_physopt.dcp' has been generated.
Command: route_design
Attempting to get a license for feature 'Implementation' and/or device 'xc7a200t'
INFO: [Common 17-349] Got license for feature 'Implementation' and/or device 'xc7a200t'
Running DRC as a precondition to command route_design
INFO: [DRC 23-27] Running DRC with 2 threads
INFO: [Vivado_Tcl 4-198] DRC finished with 0 Errors
INFO: [Vivado_Tcl 4-199] Please refer to the DRC report (report_drc) for more information.


Starting Routing Task
INFO: [Route 35-254] Multithreading enabled for route_design using a maximum of 2 CPUs

Phase 1 Build RT Design
Checksum: PlaceDB: 4d1cc8bf ConstDB: 0 ShapeSum: 34f6a1d8 RouteDB: 0
Post Restoration Checksum: NetGraph: 8158eec1 NumContArr: 6dfd7a7b Constraints: 0 Timing: 0
Phase 1 Build RT Design | Checksum: ef56693c

Time (s): cpu = 00:00:33 ; elapsed = 00:00:29 . Memory (MB): peak = 2085.141 ; gain = 175.273

Phase 2 Router Initialization

Phase 2.1 Create Timer
Phase 2.1 Create Timer | Checksum: ef56693c

Time (s): cpu = 00:00:33 ; elapsed = 00:00:29 . Memory (MB): peak = 2085.141 ; gain = 175.273

Phase 2.2 Fix Topology Constraints
Phase 2.2 Fix Topology Constraints | Checksum: ef56693c

Time (s): cpu = 00:00:33 ; elapsed = 00:00:29 . Memory (MB): peak = 2092.055 ; gain = 182.188

Phase 2.3 Pre Route Cleanup
Phase 2.3 Pre Route Cleanup | Checksum: ef56693c

Time (s): cpu = 00:00:33 ; elapsed = 00:00:29 . Memory (MB): peak = 2092.055 ; gain = 182.188
 Number of Nodes with overlaps = 0

Phase 2.4 Update Timing
Phase 2.4 Update Timing | Checksum: 17bf92fb1

Time (s): cpu = 00:00:33 ; elapsed = 00:00:29 . Memory (MB): peak = 2146.492 ; gain = 236.625
INFO: [Route 35-416] Intermediate Timing Summary | WNS=9.776  | TNS=0.000  | WHS=-2.978 | THS=-124.919|


Router Utilization Summary
  Global Vertical Routing Utilization    = 0 %
  Global Horizontal Routing Utilization  = 0 %
  Routable Net Status*
  *Does not include unroutable nets such as driverless and loadless.
  Run report_route_status for detailed report.
  Number of Failed Nets               = 427
    (Failed Nets is the sum of unrouted and partially routed nets)
  Number of Unrouted Nets             = 427
  Number of Partially Routed Nets     = 0
  Number of Node Overlaps             = 0

Phase 2 Router Initialization | Checksum: 17d0ec189

Time (s): cpu = 00:00:34 ; elapsed = 00:00:29 . Memory (MB): peak = 2146.492 ; gain = 236.625

Phase 3 Initial Routing

Phase 3.1 Global Routing
Phase 3.1 Global Routing | Checksum: 17d0ec189

Time (s): cpu = 00:00:34 ; elapsed = 00:00:29 . Memory (MB): peak = 2146.492 ; gain = 236.625
Phase 3 Initial Routing | Checksum: afcf4fc4

Time (s): cpu = 00:00:34 ; elapsed = 00:00:30 . Memory (MB): peak = 2146.492 ; gain = 236.625

Phase 4 Rip-up And Reroute

Phase 4.1 Global Iteration 0
 Number of Nodes with overlaps = 169
 Number of Nodes with overlaps = 8
 Number of Nodes with overlaps = 0
INFO: [Route 35-416] Intermediate Timing Summary | WNS=9.279  | TNS=0.000  | WHS=N/A    | THS=N/A    |

Phase 4.1 Global Iteration 0 | Checksum: 1c75b7611

Time (s): cpu = 00:00:34 ; elapsed = 00:00:30 . Memory (MB): peak = 2146.492 ; gain = 236.625
Phase 4 Rip-up And Reroute | Checksum: 1c75b7611

Time (s): cpu = 00:00:34 ; elapsed = 00:00:30 . Memory (MB): peak = 2146.492 ; gain = 236.625

Phase 5 Delay and Skew Optimization

Phase 5.1 Delay CleanUp
Phase 5.1 Delay CleanUp | Checksum: 1c75b7611

Time (s): cpu = 00:00:34 ; elapsed = 00:00:30 . Memory (MB): peak = 2146.492 ; gain = 236.625

Phase 5.2 Clock Skew Optimization
Phase 5.2 Clock Skew Optimization | Checksum: 1c75b7611

Time (s): cpu = 00:00:34 ; elapsed = 00:00:30 . Memory (MB): peak = 2146.492 ; gain = 236.625
Phase 5 Delay and Skew Optimization | Checksum: 1c75b7611

Time (s): cpu = 00:00:34 ; elapsed = 00:00:30 . Memory (MB): peak = 2146.492 ; gain = 236.625

Phase 6 Post Hold Fix

Phase 6.1 Hold Fix Iter

Phase 6.1.1 Update Timing
Phase 6.1.1 Update Timing | Checksum: 1f6530fb6

Time (s): cpu = 00:00:34 ; elapsed = 00:00:30 . Memory (MB): peak = 2146.492 ; gain = 236.625
INFO: [Route 35-416] Intermediate Timing Summary | WNS=9.354  | TNS=0.000  | WHS=-0.080 | THS=-0.080 |

Phase 6.1 Hold Fix Iter | Checksum: 1f7a2e3fa

Time (s): cpu = 00:00:34 ; elapsed = 00:00:30 . Memory (MB): peak = 2146.492 ; gain = 236.625
Phase 6 Post Hold Fix | Checksum: 22eae86cd

Time (s): cpu = 00:00:34 ; elapsed = 00:00:30 . Memory (MB): peak = 2146.492 ; gain = 236.625

Phase 7 Route finalize

Router Utilization Summary
  Global Vertical Routing Utilization    = 0.109525 %
  Global Horizontal Routing Utilization  = 0.089458 %
  Routable Net Status*
  *Does not include unroutable nets such as driverless and loadless.
  Run report_route_status for detailed report.
  Number of Failed Nets               = 0
    (Failed Nets is the sum of unrouted and partially routed nets)
  Number of Unrouted Nets             = 0
  Number of Partially Routed Nets     = 0
  Number of Node Overlaps             = 0

Phase 7 Route finalize | Checksum: 167967601

Time (s): cpu = 00:00:34 ; elapsed = 00:00:30 . Memory (MB): peak = 2146.492 ; gain = 236.625

Phase 8 Verifying routed nets

 Verification completed successfully
Phase 8 Verifying routed nets | Checksum: 167967601

Time (s): cpu = 00:00:34 ; elapsed = 00:00:30 . Memory (MB): peak = 2146.492 ; gain = 236.625

Phase 9 Depositing Routes
Phase 9 Depositing Routes | Checksum: 1c3af7238

Time (s): cpu = 00:00:34 ; elapsed = 00:00:30 . Memory (MB): peak = 2146.492 ; gain = 236.625

Phase 10 Post Router Timing

Phase 10.1 Update Timing
Phase 10.1 Update Timing | Checksum: 2709c705d

Time (s): cpu = 00:00:34 ; elapsed = 00:00:30 . Memory (MB): peak = 2146.492 ; gain = 236.625
INFO: [Route 35-57] Estimated Timing Summary | WNS=8.537  | TNS=0.000  | WHS=0.056  | THS=0.000  |

INFO: [Route 35-327] The final timing numbers are based on the router estimated timing analysis. For a complete and accurate timing signoff, please run report_timing_summary.
Phase 10 Post Router Timing | Checksum: 2709c705d

Time (s): cpu = 00:00:34 ; elapsed = 00:00:30 . Memory (MB): peak = 2146.492 ; gain = 236.625
INFO: [Route 35-16] Router Completed Successfully

Time (s): cpu = 00:00:34 ; elapsed = 00:00:30 . Memory (MB): peak = 2146.492 ; gain = 236.625

Routing Is Done.
INFO: [Common 17-83] Releasing license: Implementation
99 Infos, 4 Warnings, 5 Critical Warnings and 0 Errors encountered.
route_design completed successfully
route_design: Time (s): cpu = 00:00:35 ; elapsed = 00:00:31 . Memory (MB): peak = 2146.492 ; gain = 236.773
INFO: [Timing 38-480] Writing timing data to binary archive.
Writing placer database...
Writing XDEF routing.
Writing XDEF routing logical nets.
Writing XDEF routing special nets.
Write XDEF Complete: Time (s): cpu = 00:00:01 ; elapsed = 00:00:00.481 . Memory (MB): peak = 2150.246 ; gain = 3.754
INFO: [Common 17-1381] The checkpoint 'H:/Senior-Project-2023/SENIOR_PROJECT/DIGLENT_BLOCK/DIGLENT_BLOCK.runs/impl_1/Display_Gen_Digilent_routed.dcp' has been generated.
INFO: [runtcl-4] Executing : report_drc -file Display_Gen_Digilent_drc_routed.rpt -pb Display_Gen_Digilent_drc_routed.pb -rpx Display_Gen_Digilent_drc_routed.rpx
Command: report_drc -file Display_Gen_Digilent_drc_routed.rpt -pb Display_Gen_Digilent_drc_routed.pb -rpx Display_Gen_Digilent_drc_routed.rpx
INFO: [IP_Flow 19-1839] IP Catalog is up to date.
INFO: [DRC 23-27] Running DRC with 2 threads
INFO: [Vivado_Tcl 2-168] The results of DRC are in file H:/Senior-Project-2023/SENIOR_PROJECT/DIGLENT_BLOCK/DIGLENT_BLOCK.runs/impl_1/Display_Gen_Digilent_drc_routed.rpt.
report_drc completed successfully
INFO: [runtcl-4] Executing : report_methodology -file Display_Gen_Digilent_methodology_drc_routed.rpt -pb Display_Gen_Digilent_methodology_drc_routed.pb -rpx Display_Gen_Digilent_methodology_drc_routed.rpx
Command: report_methodology -file Display_Gen_Digilent_methodology_drc_routed.rpt -pb Display_Gen_Digilent_methodology_drc_routed.pb -rpx Display_Gen_Digilent_methodology_drc_routed.rpx
INFO: [Timing 38-35] Done setting XDC timing constraints.
INFO: [DRC 23-133] Running Methodology with 2 threads
INFO: [Vivado_Tcl 2-1520] The results of Report Methodology are in file H:/Senior-Project-2023/SENIOR_PROJECT/DIGLENT_BLOCK/DIGLENT_BLOCK.runs/impl_1/Display_Gen_Digilent_methodology_drc_routed.rpt.
report_methodology completed successfully
INFO: [runtcl-4] Executing : report_power -file Display_Gen_Digilent_power_routed.rpt -pb Display_Gen_Digilent_power_summary_routed.pb -rpx Display_Gen_Digilent_power_routed.rpx
Command: report_power -file Display_Gen_Digilent_power_routed.rpt -pb Display_Gen_Digilent_power_summary_routed.pb -rpx Display_Gen_Digilent_power_routed.rpx
INFO: [Timing 38-35] Done setting XDC timing constraints.
Running Vector-less Activity Propagation...

Finished Running Vector-less Activity Propagation
111 Infos, 4 Warnings, 5 Critical Warnings and 0 Errors encountered.
report_power completed successfully
INFO: [runtcl-4] Executing : report_route_status -file Display_Gen_Digilent_route_status.rpt -pb Display_Gen_Digilent_route_status.pb
INFO: [runtcl-4] Executing : report_timing_summary -max_paths 10 -report_unconstrained -file Display_Gen_Digilent_timing_summary_routed.rpt -pb Display_Gen_Digilent_timing_summary_routed.pb -rpx Display_Gen_Digilent_timing_summary_routed.rpx -warn_on_violation 
INFO: [Timing 38-91] UpdateTimingParams: Speed grade: -3, Delay Type: min_max.
INFO: [Timing 38-191] Multithreading enabled for timing update using a maximum of 2 CPUs
INFO: [runtcl-4] Executing : report_incremental_reuse -file Display_Gen_Digilent_incremental_reuse_routed.rpt
INFO: [Vivado_Tcl 4-1062] Incremental flow is disabled. No incremental reuse Info to report.
INFO: [runtcl-4] Executing : report_clock_utilization -file Display_Gen_Digilent_clock_utilization_routed.rpt
INFO: [runtcl-4] Executing : report_bus_skew -warn_on_violation -file Display_Gen_Digilent_bus_skew_routed.rpt -pb Display_Gen_Digilent_bus_skew_routed.pb -rpx Display_Gen_Digilent_bus_skew_routed.rpx
INFO: [Timing 38-91] UpdateTimingParams: Speed grade: -3, Delay Type: min_max.
INFO: [Timing 38-191] Multithreading enabled for timing update using a maximum of 2 CPUs
Command: write_bitstream -force Display_Gen_Digilent.bit
Attempting to get a license for feature 'Implementation' and/or device 'xc7a200t'
INFO: [Common 17-349] Got license for feature 'Implementation' and/or device 'xc7a200t'
Running DRC as a precondition to command write_bitstream
INFO: [IP_Flow 19-1839] IP Catalog is up to date.
INFO: [DRC 23-27] Running DRC with 2 threads
INFO: [Vivado 12-3199] DRC finished with 0 Errors
INFO: [Vivado 12-3200] Please refer to the DRC report (report_drc) for more information.
INFO: [Designutils 20-2272] Running write_bitstream with 2 threads.
Loading data files...
Loading site data...
Loading route data...
Processing options...
Creating bitmap...
Creating bitstream...
Writing bitstream ./Display_Gen_Digilent.bit...
INFO: [Vivado 12-1842] Bitgen Completed Successfully.
INFO: [Project 1-1876] WebTalk data collection is mandatory when using a ULT device. To see the specific WebTalk data collected for your design, open the usage_statistics_webtalk.html or usage_statistics_webtalk.xml file in the implementation directory.
INFO: [Common 17-83] Releasing license: Implementation
12 Infos, 0 Warnings, 0 Critical Warnings and 0 Errors encountered.
write_bitstream completed successfully
write_bitstream: Time (s): cpu = 00:00:11 ; elapsed = 00:00:11 . Memory (MB): peak = 2638.910 ; gain = 479.512
INFO: [Common 17-206] Exiting Vivado at Mon Nov  6 15:41:07 2023...

*** Running vivado
    with args -log Display_Gen_Digilent.vdi -applog -m64 -product Vivado -messageDb vivado.pb -mode batch -source Display_Gen_Digilent.tcl -notrace



****** Vivado v2021.2 (64-bit)
  **** SW Build 3367213 on Tue Oct 19 02:48:09 MDT 2021
  **** IP Build 3369179 on Thu Oct 21 08:25:16 MDT 2021
    ** Copyright 1986-2021 Xilinx, Inc. All Rights Reserved.

source Display_Gen_Digilent.tcl -notrace
Command: open_checkpoint Display_Gen_Digilent_routed.dcp

Time (s): cpu = 00:00:00 ; elapsed = 00:00:00.027 . Memory (MB): peak = 1249.625 ; gain = 3.262
INFO: [Device 21-403] Loading part xc7a200tsbg484-3
Netlist sorting complete. Time (s): cpu = 00:00:00 ; elapsed = 00:00:00.012 . Memory (MB): peak = 1257.227 ; gain = 0.000
INFO: [Netlist 29-17] Analyzing 30 Unisim elements for replacement
INFO: [Netlist 29-28] Unisim Transformation completed in 0 CPU seconds
INFO: [Project 1-479] Netlist was created with Vivado 2021.2
INFO: [Project 1-570] Preparing netlist for logic optimization
INFO: [Timing 38-478] Restoring timing data from binary archive.
INFO: [Timing 38-479] Binary timing data restore complete.
INFO: [Project 1-856] Restoring constraints from binary archive.
INFO: [Project 1-853] Binary constraint restore complete.
Reading XDEF placement.
Reading placer database...
Reading XDEF routing.
Read XDEF File: Time (s): cpu = 00:00:00 ; elapsed = 00:00:00.084 . Memory (MB): peak = 1506.715 ; gain = 6.953
Restored from archive | CPU: 0.000000 secs | Memory: 0.000000 MB |
Finished XDEF File Restore: Time (s): cpu = 00:00:00 ; elapsed = 00:00:00.085 . Memory (MB): peak = 1506.715 ; gain = 6.953
Netlist sorting complete. Time (s): cpu = 00:00:00 ; elapsed = 00:00:00 . Memory (MB): peak = 1506.715 ; gain = 0.000
INFO: [Project 1-111] Unisim Transformation Summary:
No Unisim elements were transformed.

INFO: [Project 1-604] Checkpoint was created with Vivado v2021.2 (64-bit) build 3367213
open_checkpoint: Time (s): cpu = 00:00:11 ; elapsed = 00:00:11 . Memory (MB): peak = 1506.715 ; gain = 270.066
Command: write_bitstream -force Display_Gen_Digilent.bit -bin_file
Attempting to get a license for feature 'Implementation' and/or device 'xc7a200t'
INFO: [Common 17-349] Got license for feature 'Implementation' and/or device 'xc7a200t'
Running DRC as a precondition to command write_bitstream
INFO: [IP_Flow 19-234] Refreshing IP repositories
INFO: [IP_Flow 19-1704] No user IP repositories specified
INFO: [IP_Flow 19-2313] Loaded Vivado IP repository 'C:/Xilinx/Vivado/2021.2/data/ip'.
INFO: [DRC 23-27] Running DRC with 2 threads
INFO: [Vivado 12-3199] DRC finished with 0 Errors
INFO: [Vivado 12-3200] Please refer to the DRC report (report_drc) for more information.
INFO: [Designutils 20-2272] Running write_bitstream with 2 threads.
Loading data files...
Loading site data...
Loading route data...
Processing options...
Creating bitmap...
Creating bitstream...
Writing bitstream ./Display_Gen_Digilent.bit...
Writing bitstream ./Display_Gen_Digilent.bin...
INFO: [Vivado 12-1842] Bitgen Completed Successfully.
INFO: [Project 1-1876] WebTalk data collection is mandatory when using a ULT device. To see the specific WebTalk data collected for your design, open the usage_statistics_webtalk.html or usage_statistics_webtalk.xml file in the implementation directory.
INFO: [Common 17-83] Releasing license: Implementation
22 Infos, 0 Warnings, 0 Critical Warnings and 0 Errors encountered.
write_bitstream completed successfully
write_bitstream: Time (s): cpu = 00:00:11 ; elapsed = 00:00:13 . Memory (MB): peak = 2082.023 ; gain = 575.309
INFO: [Common 17-206] Exiting Vivado at Mon Nov  6 15:57:43 2023...
